[0:0:0:0:0:0:0:1] - - [11/Dec./2023:02:38:16 +0000] "GET /idp/startSSO.ping?PartnerSpId=https%3A%2F%2Fsamltest.id%2Fsaml%2Fsp HTTP/2.0" 200 7990 
[0:0:0:0:0:0:0:1] - - [11/Dec./2023:02:38:17 +0000] "GET /assets/scripts/captcha/captcha-utils.js HTTP/2.0" 200 1587 
[0:0:0:0:0:0:0:1] - - [11/Dec./2023:02:38:17 +0000] "GET /assets/css/main.css HTTP/2.0" 200 174691 
[0:0:0:0:0:0:0:1] - - [11/Dec./2023:02:38:17 +0000] "GET /assets/scripts/captcha/captcha-script-loader.js HTTP/2.0" 200 711 
[0:0:0:0:0:0:0:1] - - [11/Dec./2023:02:38:17 +0000] "GET /assets/scripts/pf-general.js HTTP/2.0" 200 3632 
[0:0:0:0:0:0:0:1] - - [11/Dec./2023:02:38:17 +0000] "GET /assets/images/ping-horizontal-logo.svg HTTP/2.0" 200 3992 
[0:0:0:0:0:0:0:1] - - [11/Dec./2023:02:38:17 +0000] "GET /assets/fonts/icons/iconfont.ttf?-sa9xtz HTTP/2.0" 200 21676 
[0:0:0:0:0:0:0:1] - - [11/Dec./2023:02:38:17 +0000] "GET /assets/css/main.css.map HTTP/2.0" 200 84513 
[0:0:0:0:0:0:0:1] - - [11/Dec./2023:02:38:17 +0000] "GET /favicon.ico HTTP/2.0" 200 7406 
[0:0:0:0:0:0:0:1] - - [11/Dec./2023:02:38:25 +0000] "POST /idp/iu9VY7eFqL/resumeSAML20/idp/startSSO.ping HTTP/2.0" 200 8122 
[0:0:0:0:0:0:0:1] - - [11/Dec./2023:02:38:28 +0000] "GET /assets/scripts/captcha/captcha-utils.js HTTP/2.0" 200 1587 
[0:0:0:0:0:0:0:1] - - [11/Dec./2023:02:38:28 +0000] "GET /assets/css/main.css HTTP/2.0" 200 174691 
[0:0:0:0:0:0:0:1] - - [11/Dec./2023:02:38:28 +0000] "GET /assets/scripts/pf-general.js HTTP/2.0" 200 3632 
[0:0:0:0:0:0:0:1] - - [11/Dec./2023:02:38:28 +0000] "GET /assets/scripts/captcha/captcha-script-loader.js HTTP/2.0" 200 711 
[0:0:0:0:0:0:0:1] - - [11/Dec./2023:02:38:28 +0000] "GET /assets/fonts/icons/iconfont.ttf?-sa9xtz HTTP/2.0" 200 21676 
[0:0:0:0:0:0:0:1] - - [11/Dec./2023:02:38:28 +0000] "GET /assets/images/ping-horizontal-logo.svg HTTP/2.0" 200 3992 
[0:0:0:0:0:0:0:1] - - [11/Dec./2023:02:38:28 +0000] "GET /favicon.ico HTTP/2.0" 200 7406 
[0:0:0:0:0:0:0:1] - - [11/Dec./2023:02:38:28 +0000] "GET /assets/css/main.css.map HTTP/2.0" 200 84513 
[0:0:0:0:0:0:0:1] - - [11/Dec./2023:02:39:56 +0000] "POST /idp/iu9VY7eFqL/resumeSAML20/idp/startSSO.ping HTTP/2.0" 200 1434 
[0:0:0:0:0:0:0:1] - - [11/Dec./2023:02:39:56 +0000] "GET /assets/css/main.css HTTP/2.0" 200 174691 
[0:0:0:0:0:0:0:1] - - [11/Dec./2023:02:39:56 +0000] "GET /favicon.ico HTTP/2.0" 200 7406 
[0:0:0:0:0:0:0:1] - - [11/Dec./2023:02:39:56 +0000] "GET /assets/css/main.css.map HTTP/2.0" 200 84513 
[0:0:0:0:0:0:0:1] - - [11/Dec./2023:02:48:21 +0000] "GET /idp/startSSO.ping?PartnerSpId=https%3A%2F%2Fsamltest.id%2Fsaml%2Fsp HTTP/2.0" 200 7990 
[0:0:0:0:0:0:0:1] - - [11/Dec./2023:02:48:22 +0000] "GET /assets/scripts/captcha/captcha-utils.js HTTP/2.0" 200 1587 
[0:0:0:0:0:0:0:1] - - [11/Dec./2023:02:48:22 +0000] "GET /assets/css/main.css HTTP/2.0" 200 174691 
[0:0:0:0:0:0:0:1] - - [11/Dec./2023:02:48:22 +0000] "GET /assets/scripts/pf-general.js HTTP/2.0" 200 3632 
[0:0:0:0:0:0:0:1] - - [11/Dec./2023:02:48:22 +0000] "GET /assets/scripts/captcha/captcha-script-loader.js HTTP/2.0" 200 711 
[0:0:0:0:0:0:0:1] - - [11/Dec./2023:02:48:22 +0000] "GET /assets/fonts/icons/iconfont.ttf?-sa9xtz HTTP/2.0" 200 21676 
[0:0:0:0:0:0:0:1] - - [11/Dec./2023:02:48:22 +0000] "GET /assets/images/ping-horizontal-logo.svg HTTP/2.0" 200 3992 
[0:0:0:0:0:0:0:1] - - [11/Dec./2023:02:48:22 +0000] "GET /assets/css/main.css.map HTTP/2.0" 200 84513 
[0:0:0:0:0:0:0:1] - - [11/Dec./2023:02:48:22 +0000] "GET /favicon.ico HTTP/2.0" 200 7406 
10.0.0.3 - - [12/Dec./2023:02:58:24 +0000] "GET /idp/startSSO.ping?PartnerSpId=https%3A%2F%2Fsamltest.id%2Fsaml%2Fsp HTTP/2.0" 200 7990 
10.0.0.3 - - [12/Dec./2023:02:58:24 +0000] "GET /favicon.ico HTTP/2.0" 200 7406 
10.0.0.3 - - [12/Dec./2023:02:58:25 +0000] "GET /idp/startSSO.ping?PartnerSpId=https%3A%2F%2Fsamltest.id%2Fsaml%2Fsp HTTP/2.0" 200 7990 
10.0.0.3 - - [12/Dec./2023:02:58:26 +0000] "GET /favicon.ico HTTP/2.0" 200 7406 
[0:0:0:0:0:0:0:1] - - [12/Dec./2023:02:58:30 +0000] "GET /idp/sJvtlYBRbu/resumeSAML20/idp/startSSO.ping?ChangePassword=true HTTP/2.0" 200 1434 
[0:0:0:0:0:0:0:1] - - [12/Dec./2023:02:58:30 +0000] "GET /assets/css/main.css HTTP/2.0" 200 174691 
[0:0:0:0:0:0:0:1] - - [12/Dec./2023:02:58:30 +0000] "GET /favicon.ico HTTP/2.0" 200 7406 
[0:0:0:0:0:0:0:1] - - [12/Dec./2023:02:58:30 +0000] "GET /assets/css/main.css.map HTTP/2.0" 200 84513 
[0:0:0:0:0:0:0:1] - - [12/Dec./2023:02:58:31 +0000] "GET /idp/startSSO.ping?PartnerSpId=https%3A%2F%2Fsamltest.id%2Fsaml%2Fsp HTTP/2.0" 200 7990 
[0:0:0:0:0:0:0:1] - - [12/Dec./2023:02:58:31 +0000] "GET /assets/css/main.css HTTP/2.0" 200 174691 
[0:0:0:0:0:0:0:1] - - [12/Dec./2023:02:58:31 +0000] "GET /assets/scripts/captcha/captcha-utils.js HTTP/2.0" 200 1587 
[0:0:0:0:0:0:0:1] - - [12/Dec./2023:02:58:31 +0000] "GET /assets/scripts/captcha/captcha-script-loader.js HTTP/2.0" 200 711 
[0:0:0:0:0:0:0:1] - - [12/Dec./2023:02:58:31 +0000] "GET /assets/scripts/pf-general.js HTTP/2.0" 200 3632 
[0:0:0:0:0:0:0:1] - - [12/Dec./2023:02:58:31 +0000] "GET /assets/fonts/icons/iconfont.ttf?-sa9xtz HTTP/2.0" 200 21676 
[0:0:0:0:0:0:0:1] - - [12/Dec./2023:02:58:31 +0000] "GET /assets/images/ping-horizontal-logo.svg HTTP/2.0" 200 3992 
[0:0:0:0:0:0:0:1] - - [12/Dec./2023:02:58:32 +0000] "GET /assets/css/main.css.map HTTP/2.0" 200 84513 
[0:0:0:0:0:0:0:1] - - [12/Dec./2023:02:58:32 +0000] "GET /favicon.ico HTTP/2.0" 200 7406 
[0:0:0:0:0:0:0:1] - - [12/Dec./2023:02:58:32 +0000] "POST /idp/iu9VY7eFqL/resumeSAML20/idp/startSSO.ping HTTP/2.0" 200 1434 
[0:0:0:0:0:0:0:1] - - [12/Dec./2023:02:58:32 +0000] "GET /assets/css/main.css HTTP/2.0" 200 174691 
[0:0:0:0:0:0:0:1] - - [12/Dec./2023:02:58:32 +0000] "GET /favicon.ico HTTP/2.0" 200 7406 
[0:0:0:0:0:0:0:1] - - [12/Dec./2023:02:58:32 +0000] "GET /assets/css/main.css.map HTTP/2.0" 200 84513 
[0:0:0:0:0:0:0:1] - - [12/Dec./2023:02:58:33 +0000] "GET /idp/startSSO.ping?PartnerSpId=https%3A%2F%2Fsamltest.id%2Fsaml%2Fsp HTTP/2.0" 200 7990 
[0:0:0:0:0:0:0:1] - - [12/Dec./2023:02:58:33 +0000] "GET /assets/scripts/captcha/captcha-utils.js HTTP/2.0" 200 1587 
[0:0:0:0:0:0:0:1] - - [12/Dec./2023:02:58:33 +0000] "GET /assets/css/main.css HTTP/2.0" 200 174691 
[0:0:0:0:0:0:0:1] - - [12/Dec./2023:02:58:33 +0000] "GET /assets/scripts/pf-general.js HTTP/2.0" 200 3632 
[0:0:0:0:0:0:0:1] - - [12/Dec./2023:02:58:33 +0000] "GET /assets/scripts/captcha/captcha-script-loader.js HTTP/2.0" 200 711 
[0:0:0:0:0:0:0:1] - - [12/Dec./2023:02:58:33 +0000] "GET /assets/images/ping-horizontal-logo.svg HTTP/2.0" 200 3992 
[0:0:0:0:0:0:0:1] - - [12/Dec./2023:02:58:33 +0000] "GET /assets/fonts/icons/iconfont.ttf?-sa9xtz HTTP/2.0" 200 21676 
[0:0:0:0:0:0:0:1] - - [12/Dec./2023:02:58:33 +0000] "GET /favicon.ico HTTP/2.0" 200 7406 
[0:0:0:0:0:0:0:1] - - [12/Dec./2023:02:58:33 +0000] "GET /assets/css/main.css.map HTTP/2.0" 200 84513 
[0:0:0:0:0:0:0:1] - - [12/Dec./2023:02:58:35 +0000] "GET /idp/startSSO.ping?PartnerSpId=https%3A%2F%2Fsamltest.id%2Fsaml%2Fsp HTTP/2.0" 200 7990 
[0:0:0:0:0:0:0:1] - - [12/Dec./2023:02:58:35 +0000] "GET /assets/scripts/captcha/captcha-utils.js HTTP/2.0" 200 1587 
[0:0:0:0:0:0:0:1] - - [12/Dec./2023:02:58:35 +0000] "GET /assets/css/main.css HTTP/2.0" 200 174691 
[0:0:0:0:0:0:0:1] - - [12/Dec./2023:02:58:35 +0000] "GET /assets/scripts/pf-general.js HTTP/2.0" 200 3632 
[0:0:0:0:0:0:0:1] - - [12/Dec./2023:02:58:35 +0000] "GET /assets/scripts/captcha/captcha-script-loader.js HTTP/2.0" 200 711 
[0:0:0:0:0:0:0:1] - - [12/Dec./2023:02:58:35 +0000] "GET /assets/images/ping-horizontal-logo.svg HTTP/2.0" 200 3992 
[0:0:0:0:0:0:0:1] - - [12/Dec./2023:02:58:35 +0000] "GET /assets/fonts/icons/iconfont.ttf?-sa9xtz HTTP/2.0" 200 21676 
[0:0:0:0:0:0:0:1] - - [12/Dec./2023:02:58:35 +0000] "GET /favicon.ico HTTP/2.0" 200 7406 
[0:0:0:0:0:0:0:1] - - [12/Dec./2023:02:58:37 +0000] "GET /idp/RU9bXCiVFh/resumeSAML20/idp/startSSO.ping?ChangePassword=true HTTP/2.0" 302 0 
[0:0:0:0:0:0:0:1] - - [12/Dec./2023:02:58:37 +0000] "GET /ext/pwdchange/Identify?InternalRedirect=true HTTP/2.0" 200 7058 
[0:0:0:0:0:0:0:1] - - [12/Dec./2023:02:58:37 +0000] "GET /assets/scripts/captcha/captcha-utils.js HTTP/2.0" 304 0 
[0:0:0:0:0:0:0:1] - - [12/Dec./2023:02:58:37 +0000] "GET /assets/css/main.css HTTP/2.0" 304 0 
[0:0:0:0:0:0:0:1] - - [12/Dec./2023:02:58:37 +0000] "GET /assets/scripts/captcha/captcha-script-loader.js HTTP/2.0" 304 0 
[0:0:0:0:0:0:0:1] - - [12/Dec./2023:02:58:37 +0000] "GET /assets/scripts/pf-general.js HTTP/2.0" 304 0 
[0:0:0:0:0:0:0:1] - - [12/Dec./2023:02:58:37 +0000] "GET /assets/images/ping-horizontal-logo.svg HTTP/2.0" 304 0 
[0:0:0:0:0:0:0:1] - - [12/Dec./2023:02:58:37 +0000] "GET /favicon.ico HTTP/2.0" 200 7406 
[0:0:0:0:0:0:0:1] - - [12/Dec./2023:03:12:51 +0000] "GET /idp/startSSO.ping?PartnerSpId=https%3A%2F%2Fsamltest.id%2Fsaml%2Fsp HTTP/2.0" 200 7990 
[0:0:0:0:0:0:0:1] - - [12/Dec./2023:03:12:51 +0000] "GET /assets/scripts/captcha/captcha-utils.js HTTP/2.0" 200 1587 
[0:0:0:0:0:0:0:1] - - [12/Dec./2023:03:12:51 +0000] "GET /assets/css/main.css HTTP/2.0" 200 174691 
[0:0:0:0:0:0:0:1] - - [12/Dec./2023:03:12:51 +0000] "GET /assets/scripts/pf-general.js HTTP/2.0" 200 3632 
[0:0:0:0:0:0:0:1] - - [12/Dec./2023:03:12:51 +0000] "GET /assets/scripts/captcha/captcha-script-loader.js HTTP/2.0" 200 711 
[0:0:0:0:0:0:0:1] - - [12/Dec./2023:03:12:51 +0000] "GET /assets/images/ping-horizontal-logo.svg HTTP/2.0" 200 3992 
[0:0:0:0:0:0:0:1] - - [12/Dec./2023:03:12:51 +0000] "GET /assets/fonts/icons/iconfont.ttf?-sa9xtz HTTP/2.0" 200 21676 
[0:0:0:0:0:0:0:1] - - [12/Dec./2023:03:12:53 +0000] "POST /idp/66Sd4OzrLC/resumeSAML20/idp/startSSO.ping HTTP/2.0" 200 2071 
[0:0:0:0:0:0:0:1] - - [12/Dec./2023:03:12:53 +0000] "GET /assets/css/main.css HTTP/2.0" 200 174691 
[0:0:0:0:0:0:0:1] - - [12/Dec./2023:03:12:56 +0000] "GET /idp/startSSO.ping?PartnerSpId=https%3A%2F%2Fsamltest.id%2Fsaml%2Fsp HTTP/2.0" 200 7990 
[0:0:0:0:0:0:0:1] - - [12/Dec./2023:03:12:56 +0000] "GET /assets/scripts/captcha/captcha-utils.js HTTP/2.0" 200 1587 
[0:0:0:0:0:0:0:1] - - [12/Dec./2023:03:12:56 +0000] "GET /assets/scripts/captcha/captcha-script-loader.js HTTP/2.0" 200 711 
[0:0:0:0:0:0:0:1] - - [12/Dec./2023:03:12:56 +0000] "GET /assets/scripts/pf-general.js HTTP/2.0" 200 3632 
[0:0:0:0:0:0:0:1] - - [12/Dec./2023:03:12:56 +0000] "GET /assets/images/ping-horizontal-logo.svg HTTP/2.0" 200 3992 
[0:0:0:0:0:0:0:1] - - [12/Dec./2023:03:12:56 +0000] "GET /assets/fonts/icons/iconfont.ttf?-sa9xtz HTTP/2.0" 200 21676 
[0:0:0:0:0:0:0:1] - - [12/Dec./2023:03:15:26 +0000] "GET /idp/startSSO.ping?PartnerSpId=https%3A%2F%2Fsamltest.id%2Fsaml%2Fsp HTTP/2.0" 200 8566 
[0:0:0:0:0:0:0:1] - - [12/Dec./2023:03:15:26 +0000] "GET /assets/scripts/captcha/captcha-utils.js HTTP/2.0" 304 0 
[0:0:0:0:0:0:0:1] - - [12/Dec./2023:03:15:26 +0000] "GET /assets/css/main.css HTTP/2.0" 304 0 
[0:0:0:0:0:0:0:1] - - [12/Dec./2023:03:15:26 +0000] "GET /assets/scripts/pf-general.js HTTP/2.0" 304 0 
[0:0:0:0:0:0:0:1] - - [12/Dec./2023:03:15:26 +0000] "GET /assets/scripts/captcha/captcha-script-loader.js HTTP/2.0" 304 0 
[0:0:0:0:0:0:0:1] - - [12/Dec./2023:03:15:26 +0000] "GET /assets/images/ping-horizontal-logo.svg HTTP/2.0" 304 0 
[0:0:0:0:0:0:0:1] - - [12/Dec./2023:03:15:26 +0000] "GET /assets/fonts/icons/iconfont.ttf?-sa9xtz HTTP/2.0" 304 0 
[0:0:0:0:0:0:0:1] - - [12/Dec./2023:03:15:26 +0000] "GET /favicon.ico HTTP/2.0" 200 7406 
