2024-01-03 12:17:43,203| pingFederateAdmin| Bearer| [0:0:0:0:0:0:0:1]| unknown| GET| /internal/replicationInfo| 200 
2024-01-03 12:17:43,203| pingFederateAdmin| Bearer| [0:0:0:0:0:0:0:1]| unknown| GET| /internal/activeAdministrators| 200 
2024-01-03 12:17:43,203| pingFederateAdmin| Bearer| [0:0:0:0:0:0:0:1]| unknown| GET| /internal/internalDbWarnings| 200 
2024-01-03 12:17:43,203| pingFederateAdmin| Bearer| [0:0:0:0:0:0:0:1]| unknown| GET| /internal/licenseExpiryStatus| 200 
2024-01-03 12:17:43,209| pingFederateAdmin| Bearer| [0:0:0:0:0:0:0:1]| unknown| GET| /internal/notifications| 200 
2024-01-03 12:17:43,218| pingFederateAdmin| Bearer| [0:0:0:0:0:0:0:1]| unknown| GET| /internal/uiSettings| 200 
2024-01-03 12:17:43,406| pingFederateAdmin| Bearer| [0:0:0:0:0:0:0:1]| unknown| GET| /internal/nodes| 200 
2024-01-03 12:17:43,418| pingFederateAdmin| Bearer| [0:0:0:0:0:0:0:1]| unknown| GET| /internal/user/shortcuts| 200 
2024-01-03 12:17:43,418| pingFederateAdmin| Bearer| [0:0:0:0:0:0:0:1]| unknown| GET| /internal/user/preferences/shortcuts| 200 
2024-01-03 12:17:44,472| pingFederateAdmin| Bearer| [0:0:0:0:0:0:0:1]| unknown| GET| /internal/extendSession| 200 
2024-01-03 12:17:44,657| pingFederateAdmin| Bearer| [0:0:0:0:0:0:0:1]| unknown| GET| /internal/activeAdministrators| 200 
2024-01-03 12:17:44,657| pingFederateAdmin| Bearer| [0:0:0:0:0:0:0:1]| unknown| GET| /internal/licenseExpiryStatus| 200 
2024-01-03 12:17:44,659| pingFederateAdmin| Bearer| [0:0:0:0:0:0:0:1]| unknown| GET| /internal/replicationInfo| 200 
2024-01-03 12:17:44,665| pingFederateAdmin| Bearer| [0:0:0:0:0:0:0:1]| unknown| GET| /internal/internalDbWarnings| 200 
2024-01-03 12:17:44,666| pingFederateAdmin| Bearer| [0:0:0:0:0:0:0:1]| unknown| GET| /internal/notifications| 200 
2024-01-03 12:17:44,669| pingFederateAdmin| Bearer| [0:0:0:0:0:0:0:1]| unknown| GET| /internal/uiSettings| 200 
2024-01-03 12:17:44,680| pingFederateAdmin| Bearer| [0:0:0:0:0:0:0:1]| unknown| GET| /internal/activeAdministrators| 200 
2024-01-03 12:17:44,681| pingFederateAdmin| Bearer| [0:0:0:0:0:0:0:1]| unknown| GET| /internal/licenseExpiryStatus| 200 
2024-01-03 12:17:44,696| pingFederateAdmin| Bearer| [0:0:0:0:0:0:0:1]| unknown| GET| /internal/internalDbWarnings| 200 
2024-01-03 12:17:44,697| pingFederateAdmin| Bearer| [0:0:0:0:0:0:0:1]| unknown| GET| /internal/notifications| 200 
2024-01-03 12:17:44,702| pingFederateAdmin| Bearer| [0:0:0:0:0:0:0:1]| unknown| GET| /internal/replicationInfo| 200 
2024-01-03 12:17:45,413| pingFederateAdmin| Bearer| [0:0:0:0:0:0:0:1]| unknown| GET| /internal/extendSession| 200 
2024-01-03 12:17:45,609| pingFederateAdmin| Bearer| [0:0:0:0:0:0:0:1]| unknown| GET| /internal/activeAdministrators| 200 
2024-01-03 12:17:45,611| pingFederateAdmin| Bearer| [0:0:0:0:0:0:0:1]| unknown| GET| /internal/licenseExpiryStatus| 200 
2024-01-03 12:17:45,631| pingFederateAdmin| Bearer| [0:0:0:0:0:0:0:1]| unknown| GET| /internal/activeAdministrators| 200 
2024-01-03 12:17:45,632| pingFederateAdmin| Bearer| [0:0:0:0:0:0:0:1]| unknown| GET| /internal/licenseExpiryStatus| 200 
2024-01-03 12:17:45,640| pingFederateAdmin| Bearer| [0:0:0:0:0:0:0:1]| unknown| GET| /internal/replicationInfo| 200 
2024-01-03 12:17:45,640| pingFederateAdmin| Bearer| [0:0:0:0:0:0:0:1]| unknown| GET| /internal/internalDbWarnings| 200 
2024-01-03 12:17:45,643| pingFederateAdmin| Bearer| [0:0:0:0:0:0:0:1]| unknown| GET| /internal/notifications| 200 
2024-01-03 12:17:45,645| pingFederateAdmin| Bearer| [0:0:0:0:0:0:0:1]| unknown| GET| /internal/uiSettings| 200 
2024-01-03 12:17:47,151| pingFederateAdmin| Bearer| [0:0:0:0:0:0:0:1]| unknown| GET| /internal/internalDbWarnings| 200 
2024-01-03 12:17:47,151| pingFederateAdmin| Bearer| [0:0:0:0:0:0:0:1]| unknown| GET| /internal/notifications| 200 
2024-01-03 12:17:47,152| pingFederateAdmin| Bearer| [0:0:0:0:0:0:0:1]| unknown| GET| /internal/replicationInfo| 200 
2024-01-03 12:17:47,154| pingFederateAdmin| Bearer| [0:0:0:0:0:0:0:1]| unknown| GET| /internal/internalDbWarnings| 200 
2024-01-03 12:17:47,156| pingFederateAdmin| Bearer| [0:0:0:0:0:0:0:1]| unknown| GET| /internal/notifications| 200 
2024-01-03 12:17:47,156| pingFederateAdmin| Bearer| [0:0:0:0:0:0:0:1]| unknown| GET| /internal/replicationInfo| 200 
2024-01-03 12:17:47,161| pingFederateAdmin| Bearer| [0:0:0:0:0:0:0:1]| unknown| GET| /internal/internalDbWarnings| 200 
2024-01-03 12:17:47,162| pingFederateAdmin| Bearer| [0:0:0:0:0:0:0:1]| unknown| GET| /internal/notifications| 200 
2024-01-03 12:17:47,162| pingFederateAdmin| Bearer| [0:0:0:0:0:0:0:1]| unknown| GET| /internal/replicationInfo| 200 
2024-01-03 12:17:47,166| pingFederateAdmin| Bearer| [0:0:0:0:0:0:0:1]| unknown| GET| /internal/notifications| 200 
2024-01-03 12:17:47,172| pingFederateAdmin| Bearer| [0:0:0:0:0:0:0:1]| unknown| GET| /internal/internalDbWarnings| 200 
2024-01-03 12:17:47,173| pingFederateAdmin| Bearer| [0:0:0:0:0:0:0:1]| unknown| GET| /internal/replicationInfo| 200 
2024-01-03 12:17:56,670| pingFederateAdmin| Bearer| [0:0:0:0:0:0:0:1]| unknown| GET| /internal/notifications| 200 
2024-01-03 12:17:56,682| pingFederateAdmin| Bearer| [0:0:0:0:0:0:0:1]| unknown| GET| /internal/internalDbWarnings| 200 
2024-01-03 12:17:56,686| pingFederateAdmin| Bearer| [0:0:0:0:0:0:0:1]| unknown| GET| /internal/replicationInfo| 200 
2024-01-03 12:17:56,686| pingFederateAdmin| Bearer| [0:0:0:0:0:0:0:1]| unknown| GET| /internal/notifications| 200 
2024-01-03 12:17:56,686| pingFederateAdmin| Bearer| [0:0:0:0:0:0:0:1]| unknown| GET| /internal/internalDbWarnings| 200 
2024-01-03 12:17:56,691| pingFederateAdmin| Bearer| [0:0:0:0:0:0:0:1]| unknown| GET| /internal/internalDbWarnings| 200 
2024-01-03 12:17:56,691| pingFederateAdmin| Bearer| [0:0:0:0:0:0:0:1]| unknown| GET| /internal/replicationInfo| 200 
2024-01-03 12:17:56,692| pingFederateAdmin| Bearer| [0:0:0:0:0:0:0:1]| unknown| GET| /internal/notifications| 200 
2024-01-03 12:17:56,703| pingFederateAdmin| Bearer| [0:0:0:0:0:0:0:1]| unknown| GET| /internal/replicationInfo| 200 
2024-01-03 12:17:57,455| pingFederateAdmin| Bearer| [0:0:0:0:0:0:0:1]| unknown| GET| /internal/notifications| 200 
2024-01-03 12:17:57,457| pingFederateAdmin| Bearer| [0:0:0:0:0:0:0:1]| unknown| GET| /internal/replicationInfo| 200 
2024-01-03 12:17:57,469| pingFederateAdmin| Bearer| [0:0:0:0:0:0:0:1]| unknown| GET| /internal/replicationInfo| 200 
2024-01-03 12:17:57,473| pingFederateAdmin| Bearer| [0:0:0:0:0:0:0:1]| unknown| GET| /internal/internalDbWarnings| 200 
2024-01-03 12:17:57,473| pingFederateAdmin| Bearer| [0:0:0:0:0:0:0:1]| unknown| GET| /internal/replicationInfo| 200 
2024-01-03 12:17:57,474| pingFederateAdmin| Bearer| [0:0:0:0:0:0:0:1]| unknown| GET| /internal/notifications| 200 
2024-01-03 12:17:57,477| pingFederateAdmin| Bearer| [0:0:0:0:0:0:0:1]| unknown| GET| /internal/internalDbWarnings| 200 
2024-01-03 12:17:57,482| pingFederateAdmin| Bearer| [0:0:0:0:0:0:0:1]| unknown| GET| /internal/internalDbWarnings| 200 
2024-01-03 12:17:57,482| pingFederateAdmin| Bearer| [0:0:0:0:0:0:0:1]| unknown| GET| /internal/notifications| 200 
2024-01-03 12:18:39,333| pingFederateAdmin| Bearer| [0:0:0:0:0:0:0:1]| unknown| GET| /internal/notifications| 200 
2024-01-03 12:18:39,334| pingFederateAdmin| Bearer| [0:0:0:0:0:0:0:1]| unknown| GET| /internal/internalDbWarnings| 200 
2024-01-03 12:18:39,351| pingFederateAdmin| Bearer| [0:0:0:0:0:0:0:1]| unknown| GET| /internal/internalDbWarnings| 200 
2024-01-03 12:18:39,351| pingFederateAdmin| Bearer| [0:0:0:0:0:0:0:1]| unknown| GET| /internal/notifications| 200 
2024-01-03 12:18:39,352| pingFederateAdmin| Bearer| [0:0:0:0:0:0:0:1]| unknown| GET| /internal/replicationInfo| 200 
2024-01-03 12:18:39,356| pingFederateAdmin| Bearer| [0:0:0:0:0:0:0:1]| unknown| GET| /internal/replicationInfo| 200 
2024-01-03 12:18:39,359| pingFederateAdmin| Bearer| [0:0:0:0:0:0:0:1]| unknown| GET| /internal/internalDbWarnings| 200 
2024-01-03 12:18:39,360| pingFederateAdmin| Bearer| [0:0:0:0:0:0:0:1]| unknown| GET| /internal/notifications| 200 
2024-01-03 12:18:39,362| pingFederateAdmin| Bearer| [0:0:0:0:0:0:0:1]| unknown| GET| /internal/replicationInfo| 200 
