2024-01-23 08:03:08,275| pingFederateAdmin| Bearer| [0:0:0:0:0:0:0:1]| unknown| GET| /internal/activeAdministrators| 200 
2024-01-23 08:03:08,275| pingFederateAdmin| Bearer| [0:0:0:0:0:0:0:1]| unknown| GET| /internal/replicationInfo| 200 
2024-01-23 08:03:08,275| pingFederateAdmin| Bearer| [0:0:0:0:0:0:0:1]| unknown| GET| /internal/internalDbWarnings| 200 
2024-01-23 08:03:08,275| pingFederateAdmin| Bearer| [0:0:0:0:0:0:0:1]| unknown| GET| /internal/licenseExpiryStatus| 200 
2024-01-23 08:03:08,301| pingFederateAdmin| Bearer| [0:0:0:0:0:0:0:1]| unknown| GET| /internal/uiSettings| 200 
2024-01-23 08:03:08,324| pingFederateAdmin| Bearer| [0:0:0:0:0:0:0:1]| unknown| GET| /internal/notifications| 200 
2024-01-23 08:03:08,441| pingFederateAdmin| Bearer| [0:0:0:0:0:0:0:1]| unknown| GET| /internal/user/preferences/shortcuts| 200 
2024-01-23 08:03:08,443| pingFederateAdmin| Bearer| [0:0:0:0:0:0:0:1]| unknown| GET| /internal/user/shortcuts| 200 
2024-01-23 08:03:08,460| pingFederateAdmin| Bearer| [0:0:0:0:0:0:0:1]| unknown| GET| /internal/nodes| 200 
2024-01-23 08:03:09,518| pingFederateAdmin| Bearer| [0:0:0:0:0:0:0:1]| unknown| GET| /internal/extendSession| 200 
2024-01-23 08:03:10,356| pingFederateAdmin| Bearer| [0:0:0:0:0:0:0:1]| unknown| GET| /internal/extendSession| 200 
2024-01-23 08:03:11,515| pingFederateAdmin| Bearer| [0:0:0:0:0:0:0:1]| unknown| GET| /internal/extendSession| 200 
2024-01-23 08:03:13,183| pingFederateAdmin| Bearer| [0:0:0:0:0:0:0:1]| unknown| GET| /internal/extendSession| 200 
2024-01-23 16:37:26,456| pingFederateAdmin| Bearer| [0:0:0:0:0:0:0:1]| unknown| GET| /internal/activeAdministrators| 200 
2024-01-23 16:37:26,456| pingFederateAdmin| Bearer| [0:0:0:0:0:0:0:1]| unknown| GET| /internal/internalDbWarnings| 200 
2024-01-23 16:37:26,457| pingFederateAdmin| Bearer| [0:0:0:0:0:0:0:1]| unknown| GET| /internal/licenseExpiryStatus| 200 
2024-01-23 16:37:26,456| pingFederateAdmin| Bearer| [0:0:0:0:0:0:0:1]| unknown| GET| /internal/replicationInfo| 200 
2024-01-23 16:37:26,470| pingFederateAdmin| Bearer| [0:0:0:0:0:0:0:1]| unknown| GET| /internal/notifications| 200 
2024-01-23 16:37:26,471| pingFederateAdmin| Bearer| [0:0:0:0:0:0:0:1]| unknown| GET| /internal/uiSettings| 200 
2024-01-23 16:37:26,556| pingFederateAdmin| Bearer| [0:0:0:0:0:0:0:1]| unknown| GET| /internal/nodes| 200 
2024-01-23 16:37:26,560| pingFederateAdmin| Bearer| [0:0:0:0:0:0:0:1]| unknown| GET| /internal/user/shortcuts| 200 
2024-01-23 16:37:26,560| pingFederateAdmin| Bearer| [0:0:0:0:0:0:0:1]| unknown| GET| /internal/user/preferences/shortcuts| 200 
2024-01-23 16:37:26,960| pingFederateAdmin| Bearer| [0:0:0:0:0:0:0:1]| unknown| GET| /internal/extendSession| 200 
2024-01-23 16:37:27,093| pingFederateAdmin| Bearer| [0:0:0:0:0:0:0:1]| unknown| GET| /internal/activeAdministrators| 200 
2024-01-23 16:37:27,100| pingFederateAdmin| Bearer| [0:0:0:0:0:0:0:1]| unknown| GET| /internal/licenseExpiryStatus| 200 
2024-01-23 16:37:27,109| pingFederateAdmin| Bearer| [0:0:0:0:0:0:0:1]| unknown| GET| /internal/notifications| 200 
2024-01-23 16:37:27,109| pingFederateAdmin| Bearer| [0:0:0:0:0:0:0:1]| unknown| GET| /internal/replicationInfo| 200 
2024-01-23 16:37:27,111| pingFederateAdmin| Bearer| [0:0:0:0:0:0:0:1]| unknown| GET| /internal/activeAdministrators| 200 
2024-01-23 16:37:27,111| pingFederateAdmin| Bearer| [0:0:0:0:0:0:0:1]| unknown| GET| /internal/uiSettings| 200 
2024-01-23 16:37:27,111| pingFederateAdmin| Bearer| [0:0:0:0:0:0:0:1]| unknown| GET| /internal/licenseExpiryStatus| 200 
2024-01-23 16:37:27,112| pingFederateAdmin| Bearer| [0:0:0:0:0:0:0:1]| unknown| GET| /internal/internalDbWarnings| 200 
2024-01-23 16:37:27,119| pingFederateAdmin| Bearer| [0:0:0:0:0:0:0:1]| unknown| GET| /internal/replicationInfo| 200 
2024-01-23 16:37:27,120| pingFederateAdmin| Bearer| [0:0:0:0:0:0:0:1]| unknown| GET| /internal/notifications| 200 
2024-01-23 16:37:27,122| pingFederateAdmin| Bearer| [0:0:0:0:0:0:0:1]| unknown| GET| /internal/internalDbWarnings| 200 
2024-01-23 16:37:28,018| pingFederateAdmin| Bearer| [0:0:0:0:0:0:0:1]| unknown| GET| /internal/extendSession| 200 
2024-01-23 16:37:28,170| pingFederateAdmin| Bearer| [0:0:0:0:0:0:0:1]| unknown| GET| /internal/activeAdministrators| 200 
2024-01-23 16:37:28,172| pingFederateAdmin| Bearer| [0:0:0:0:0:0:0:1]| unknown| GET| /internal/licenseExpiryStatus| 200 
2024-01-23 16:37:28,188| pingFederateAdmin| Bearer| [0:0:0:0:0:0:0:1]| unknown| GET| /internal/notifications| 200 
2024-01-23 16:37:28,188| pingFederateAdmin| Bearer| [0:0:0:0:0:0:0:1]| unknown| GET| /internal/internalDbWarnings| 200 
2024-01-23 16:37:28,189| pingFederateAdmin| Bearer| [0:0:0:0:0:0:0:1]| unknown| GET| /internal/licenseExpiryStatus| 200 
2024-01-23 16:37:28,190| pingFederateAdmin| Bearer| [0:0:0:0:0:0:0:1]| unknown| GET| /internal/replicationInfo| 200 
2024-01-23 16:37:28,191| pingFederateAdmin| Bearer| [0:0:0:0:0:0:0:1]| unknown| GET| /internal/activeAdministrators| 200 
2024-01-23 16:37:28,199| pingFederateAdmin| Bearer| [0:0:0:0:0:0:0:1]| unknown| GET| /internal/uiSettings| 200 
2024-01-23 16:37:29,988| pingFederateAdmin| Bearer| [0:0:0:0:0:0:0:1]| unknown| GET| /internal/extendSession| 200 
2024-01-23 16:37:30,077| pingFederateAdmin| Bearer| [0:0:0:0:0:0:0:1]| unknown| GET| /internal/activeAdministrators| 200 
2024-01-23 16:37:30,111| pingFederateAdmin| Bearer| [0:0:0:0:0:0:0:1]| unknown| GET| /internal/licenseExpiryStatus| 200 
2024-01-23 16:37:30,125| pingFederateAdmin| Bearer| [0:0:0:0:0:0:0:1]| unknown| GET| /internal/internalDbWarnings| 200 
2024-01-23 16:37:30,125| pingFederateAdmin| Bearer| [0:0:0:0:0:0:0:1]| unknown| GET| /internal/replicationInfo| 200 
2024-01-23 16:37:30,125| pingFederateAdmin| Bearer| [0:0:0:0:0:0:0:1]| unknown| GET| /internal/licenseExpiryStatus| 200 
2024-01-23 16:37:30,127| pingFederateAdmin| Bearer| [0:0:0:0:0:0:0:1]| unknown| GET| /internal/activeAdministrators| 200 
2024-01-23 16:37:30,128| pingFederateAdmin| Bearer| [0:0:0:0:0:0:0:1]| unknown| GET| /internal/notifications| 200 
2024-01-23 16:37:30,244| pingFederateAdmin| Bearer| [0:0:0:0:0:0:0:1]| unknown| GET| /internal/uiSettings| 200 
2024-01-23 16:37:30,416| pingFederateAdmin| Bearer| [0:0:0:0:0:0:0:1]| unknown| GET| /internal/extendSession| 200 
2024-01-23 16:37:30,555| pingFederateAdmin| Bearer| [0:0:0:0:0:0:0:1]| unknown| GET| /internal/activeAdministrators| 200 
2024-01-23 16:37:30,558| pingFederateAdmin| Bearer| [0:0:0:0:0:0:0:1]| unknown| GET| /internal/licenseExpiryStatus| 200 
2024-01-23 16:37:30,570| pingFederateAdmin| Bearer| [0:0:0:0:0:0:0:1]| unknown| GET| /internal/activeAdministrators| 200 
2024-01-23 16:37:30,570| pingFederateAdmin| Bearer| [0:0:0:0:0:0:0:1]| unknown| GET| /internal/internalDbWarnings| 200 
2024-01-23 16:37:30,573| pingFederateAdmin| Bearer| [0:0:0:0:0:0:0:1]| unknown| GET| /internal/notifications| 200 
2024-01-23 16:37:30,573| pingFederateAdmin| Bearer| [0:0:0:0:0:0:0:1]| unknown| GET| /internal/replicationInfo| 200 
2024-01-23 16:37:30,580| pingFederateAdmin| Bearer| [0:0:0:0:0:0:0:1]| unknown| GET| /internal/uiSettings| 200 
2024-01-23 16:37:30,587| pingFederateAdmin| Bearer| [0:0:0:0:0:0:0:1]| unknown| GET| /internal/licenseExpiryStatus| 200 
2024-01-23 16:37:30,867| pingFederateAdmin| Bearer| [0:0:0:0:0:0:0:1]| unknown| GET| /internal/extendSession| 200 
2024-01-23 16:37:30,969| pingFederateAdmin| Bearer| [0:0:0:0:0:0:0:1]| unknown| GET| /internal/activeAdministrators| 200 
2024-01-23 16:37:30,978| pingFederateAdmin| Bearer| [0:0:0:0:0:0:0:1]| unknown| GET| /internal/licenseExpiryStatus| 200 
2024-01-23 16:37:30,983| pingFederateAdmin| Bearer| [0:0:0:0:0:0:0:1]| unknown| GET| /internal/activeAdministrators| 200 
2024-01-23 16:37:30,986| pingFederateAdmin| Bearer| [0:0:0:0:0:0:0:1]| unknown| GET| /internal/notifications| 200 
2024-01-23 16:37:30,987| pingFederateAdmin| Bearer| [0:0:0:0:0:0:0:1]| unknown| GET| /internal/uiSettings| 200 
2024-01-23 16:37:30,992| pingFederateAdmin| Bearer| [0:0:0:0:0:0:0:1]| unknown| GET| /internal/internalDbWarnings| 200 
2024-01-23 16:37:30,992| pingFederateAdmin| Bearer| [0:0:0:0:0:0:0:1]| unknown| GET| /internal/replicationInfo| 200 
2024-01-23 16:37:30,994| pingFederateAdmin| Bearer| [0:0:0:0:0:0:0:1]| unknown| GET| /internal/licenseExpiryStatus| 200 
2024-01-23 16:37:36,266| pingFederateAdmin| Bearer| [0:0:0:0:0:0:0:1]| unknown| GET| /internal/notifications| 200 
2024-01-23 16:37:36,273| pingFederateAdmin| Bearer| [0:0:0:0:0:0:0:1]| unknown| GET| /internal/replicationInfo| 200 
2024-01-23 16:37:36,272| pingFederateAdmin| Bearer| [0:0:0:0:0:0:0:1]| unknown| GET| /internal/internalDbWarnings| 200 
2024-01-23 16:37:36,284| pingFederateAdmin| Bearer| [0:0:0:0:0:0:0:1]| unknown| GET| /internal/internalDbWarnings| 200 
2024-01-23 16:37:36,286| pingFederateAdmin| Bearer| [0:0:0:0:0:0:0:1]| unknown| GET| /internal/replicationInfo| 200 
2024-01-23 16:37:36,287| pingFederateAdmin| Bearer| [0:0:0:0:0:0:0:1]| unknown| GET| /internal/internalDbWarnings| 200 
2024-01-23 16:37:36,290| pingFederateAdmin| Bearer| [0:0:0:0:0:0:0:1]| unknown| GET| /internal/notifications| 200 
2024-01-23 16:37:36,291| pingFederateAdmin| Bearer| [0:0:0:0:0:0:0:1]| unknown| GET| /internal/replicationInfo| 200 
2024-01-23 16:37:36,296| pingFederateAdmin| Bearer| [0:0:0:0:0:0:0:1]| unknown| GET| /internal/notifications| 200 
2024-01-23 16:37:36,300| pingFederateAdmin| Bearer| [0:0:0:0:0:0:0:1]| unknown| GET| /internal/replicationInfo| 200 
2024-01-23 16:37:36,299| pingFederateAdmin| Bearer| [0:0:0:0:0:0:0:1]| unknown| GET| /internal/internalDbWarnings| 200 
2024-01-23 16:37:36,322| pingFederateAdmin| Bearer| [0:0:0:0:0:0:0:1]| unknown| GET| /internal/internalDbWarnings| 200 
2024-01-23 16:37:36,323| pingFederateAdmin| Bearer| [0:0:0:0:0:0:0:1]| unknown| GET| /internal/notifications| 200 
2024-01-23 16:37:36,323| pingFederateAdmin| Bearer| [0:0:0:0:0:0:0:1]| unknown| GET| /internal/replicationInfo| 200 
2024-01-23 16:37:36,328| pingFederateAdmin| Bearer| [0:0:0:0:0:0:0:1]| unknown| GET| /internal/internalDbWarnings| 200 
2024-01-23 16:37:36,329| pingFederateAdmin| Bearer| [0:0:0:0:0:0:0:1]| unknown| GET| /internal/notifications| 200 
2024-01-23 16:37:36,335| pingFederateAdmin| Bearer| [0:0:0:0:0:0:0:1]| unknown| GET| /internal/replicationInfo| 200 
2024-01-23 16:37:36,339| pingFederateAdmin| Bearer| [0:0:0:0:0:0:0:1]| unknown| GET| /internal/internalDbWarnings| 200 
2024-01-23 16:37:36,341| pingFederateAdmin| Bearer| [0:0:0:0:0:0:0:1]| unknown| GET| /internal/notifications| 200 
2024-01-23 16:37:36,346| pingFederateAdmin| Bearer| [0:0:0:0:0:0:0:1]| unknown| GET| /internal/notifications| 200 
2024-01-23 16:37:36,355| pingFederateAdmin| Bearer| [0:0:0:0:0:0:0:1]| unknown| GET| /internal/replicationInfo| 200 
2024-01-23 16:37:38,297| pingFederateAdmin| Bearer| [0:0:0:0:0:0:0:1]| unknown| GET| /internal/extendSession| 200 
2024-01-23 16:37:38,387| pingFederateAdmin| Bearer| [0:0:0:0:0:0:0:1]| unknown| GET| /internal/activeAdministrators| 200 
2024-01-23 16:37:38,412| pingFederateAdmin| Bearer| [0:0:0:0:0:0:0:1]| unknown| GET| /internal/licenseExpiryStatus| 200 
2024-01-23 16:37:38,429| pingFederateAdmin| Bearer| [0:0:0:0:0:0:0:1]| unknown| GET| /internal/internalDbWarnings| 200 
2024-01-23 16:37:38,430| pingFederateAdmin| Bearer| [0:0:0:0:0:0:0:1]| unknown| GET| /internal/licenseExpiryStatus| 200 
2024-01-23 16:37:38,431| pingFederateAdmin| Bearer| [0:0:0:0:0:0:0:1]| unknown| GET| /internal/activeAdministrators| 200 
2024-01-23 16:37:38,434| pingFederateAdmin| Bearer| [0:0:0:0:0:0:0:1]| unknown| GET| /internal/notifications| 200 
2024-01-23 16:37:38,436| pingFederateAdmin| Bearer| [0:0:0:0:0:0:0:1]| unknown| GET| /internal/replicationInfo| 200 
2024-01-23 16:37:38,438| pingFederateAdmin| Bearer| [0:0:0:0:0:0:0:1]| unknown| GET| /internal/uiSettings| 200 
2024-01-23 16:37:38,625| pingFederateAdmin| Bearer| [0:0:0:0:0:0:0:1]| unknown| GET| /internal/internalDbWarnings| 200 
2024-01-23 16:37:38,627| pingFederateAdmin| Bearer| [0:0:0:0:0:0:0:1]| unknown| GET| /internal/notifications| 200 
2024-01-23 16:37:38,629| pingFederateAdmin| Bearer| [0:0:0:0:0:0:0:1]| unknown| GET| /internal/replicationInfo| 200 
2024-01-23 16:37:38,630| pingFederateAdmin| Bearer| [0:0:0:0:0:0:0:1]| unknown| GET| /internal/internalDbWarnings| 200 
2024-01-23 16:37:38,636| pingFederateAdmin| Bearer| [0:0:0:0:0:0:0:1]| unknown| GET| /internal/replicationInfo| 200 
2024-01-23 16:37:38,638| pingFederateAdmin| Bearer| [0:0:0:0:0:0:0:1]| unknown| GET| /internal/internalDbWarnings| 200 
2024-01-23 16:37:38,639| pingFederateAdmin| Bearer| [0:0:0:0:0:0:0:1]| unknown| GET| /internal/notifications| 200 
2024-01-23 16:37:38,652| pingFederateAdmin| Bearer| [0:0:0:0:0:0:0:1]| unknown| GET| /internal/replicationInfo| 200 
2024-01-23 16:37:38,653| pingFederateAdmin| Bearer| [0:0:0:0:0:0:0:1]| unknown| GET| /internal/internalDbWarnings| 200 
2024-01-23 16:37:38,654| pingFederateAdmin| Bearer| [0:0:0:0:0:0:0:1]| unknown| GET| /internal/notifications| 200 
2024-01-23 16:37:38,658| pingFederateAdmin| Bearer| [0:0:0:0:0:0:0:1]| unknown| GET| /internal/replicationInfo| 200 
2024-01-23 16:37:38,662| pingFederateAdmin| Bearer| [0:0:0:0:0:0:0:1]| unknown| GET| /internal/internalDbWarnings| 200 
2024-01-23 16:37:38,664| pingFederateAdmin| Bearer| [0:0:0:0:0:0:0:1]| unknown| GET| /internal/notifications| 200 
2024-01-23 16:37:38,676| pingFederateAdmin| Bearer| [0:0:0:0:0:0:0:1]| unknown| GET| /internal/replicationInfo| 200 
2024-01-23 16:37:38,678| pingFederateAdmin| Bearer| [0:0:0:0:0:0:0:1]| unknown| GET| /internal/internalDbWarnings| 200 
2024-01-23 16:37:38,679| pingFederateAdmin| Bearer| [0:0:0:0:0:0:0:1]| unknown| GET| /internal/notifications| 200 
2024-01-23 16:37:38,691| pingFederateAdmin| Bearer| [0:0:0:0:0:0:0:1]| unknown| GET| /internal/internalDbWarnings| 200 
2024-01-23 16:37:38,691| pingFederateAdmin| Bearer| [0:0:0:0:0:0:0:1]| unknown| GET| /internal/replicationInfo| 200 
2024-01-23 16:37:38,694| pingFederateAdmin| Bearer| [0:0:0:0:0:0:0:1]| unknown| GET| /internal/notifications| 200 
2024-01-23 16:37:38,695| pingFederateAdmin| Bearer| [0:0:0:0:0:0:0:1]| unknown| GET| /internal/replicationInfo| 200 
2024-01-23 16:37:38,699| pingFederateAdmin| Bearer| [0:0:0:0:0:0:0:1]| unknown| GET| /internal/notifications| 200 
2024-01-23 16:37:39,687| pingFederateAdmin| Bearer| [0:0:0:0:0:0:0:1]| unknown| GET| /internal/notifications| 200 
2024-01-23 16:37:39,699| pingFederateAdmin| Bearer| [0:0:0:0:0:0:0:1]| unknown| GET| /internal/replicationInfo| 200 
2024-01-23 16:37:39,698| pingFederateAdmin| Bearer| [0:0:0:0:0:0:0:1]| unknown| GET| /internal/internalDbWarnings| 200 
2024-01-23 16:37:39,714| pingFederateAdmin| Bearer| [0:0:0:0:0:0:0:1]| unknown| GET| /internal/notifications| 200 
2024-01-23 16:37:39,714| pingFederateAdmin| Bearer| [0:0:0:0:0:0:0:1]| unknown| GET| /internal/internalDbWarnings| 200 
2024-01-23 16:37:39,717| pingFederateAdmin| Bearer| [0:0:0:0:0:0:0:1]| unknown| GET| /internal/replicationInfo| 200 
2024-01-23 16:37:39,734| pingFederateAdmin| Bearer| [0:0:0:0:0:0:0:1]| unknown| GET| /internal/replicationInfo| 200 
2024-01-23 16:37:39,734| pingFederateAdmin| Bearer| [0:0:0:0:0:0:0:1]| unknown| GET| /internal/internalDbWarnings| 200 
2024-01-23 16:37:39,735| pingFederateAdmin| Bearer| [0:0:0:0:0:0:0:1]| unknown| GET| /internal/notifications| 200 
2024-01-23 16:37:39,741| pingFederateAdmin| Bearer| [0:0:0:0:0:0:0:1]| unknown| GET| /internal/replicationInfo| 200 
2024-01-23 16:37:39,741| pingFederateAdmin| Bearer| [0:0:0:0:0:0:0:1]| unknown| GET| /internal/internalDbWarnings| 200 
2024-01-23 16:37:39,743| pingFederateAdmin| Bearer| [0:0:0:0:0:0:0:1]| unknown| GET| /internal/notifications| 200 
2024-01-23 16:37:39,744| pingFederateAdmin| Bearer| [0:0:0:0:0:0:0:1]| unknown| GET| /internal/replicationInfo| 200 
2024-01-23 16:37:39,745| pingFederateAdmin| Bearer| [0:0:0:0:0:0:0:1]| unknown| GET| /internal/internalDbWarnings| 200 
2024-01-23 16:37:39,751| pingFederateAdmin| Bearer| [0:0:0:0:0:0:0:1]| unknown| GET| /internal/replicationInfo| 200 
2024-01-23 16:37:39,751| pingFederateAdmin| Bearer| [0:0:0:0:0:0:0:1]| unknown| GET| /internal/internalDbWarnings| 200 
2024-01-23 16:37:39,751| pingFederateAdmin| Bearer| [0:0:0:0:0:0:0:1]| unknown| GET| /internal/notifications| 200 
2024-01-23 16:37:39,755| pingFederateAdmin| Bearer| [0:0:0:0:0:0:0:1]| unknown| GET| /internal/internalDbWarnings| 200 
2024-01-23 16:37:39,756| pingFederateAdmin| Bearer| [0:0:0:0:0:0:0:1]| unknown| GET| /internal/notifications| 200 
2024-01-23 16:37:39,757| pingFederateAdmin| Bearer| [0:0:0:0:0:0:0:1]| unknown| GET| /internal/replicationInfo| 200 
2024-01-23 16:37:39,763| pingFederateAdmin| Bearer| [0:0:0:0:0:0:0:1]| unknown| GET| /internal/notifications| 200 
2024-01-23 16:37:41,170| pingFederateAdmin| Bearer| [0:0:0:0:0:0:0:1]| unknown| GET| /internal/notifications| 200 
2024-01-23 16:37:41,171| pingFederateAdmin| Bearer| [0:0:0:0:0:0:0:1]| unknown| GET| /internal/replicationInfo| 200 
2024-01-23 16:37:41,173| pingFederateAdmin| Bearer| [0:0:0:0:0:0:0:1]| unknown| GET| /internal/internalDbWarnings| 200 
2024-01-23 16:37:41,177| pingFederateAdmin| Bearer| [0:0:0:0:0:0:0:1]| unknown| GET| /internal/replicationInfo| 200 
2024-01-23 16:37:41,177| pingFederateAdmin| Bearer| [0:0:0:0:0:0:0:1]| unknown| GET| /internal/notifications| 200 
2024-01-23 16:37:41,183| pingFederateAdmin| Bearer| [0:0:0:0:0:0:0:1]| unknown| GET| /internal/replicationInfo| 200 
2024-01-23 16:37:41,184| pingFederateAdmin| Bearer| [0:0:0:0:0:0:0:1]| unknown| GET| /internal/notifications| 200 
2024-01-23 16:37:41,184| pingFederateAdmin| Bearer| [0:0:0:0:0:0:0:1]| unknown| GET| /internal/internalDbWarnings| 200 
2024-01-23 16:37:41,196| pingFederateAdmin| Bearer| [0:0:0:0:0:0:0:1]| unknown| GET| /internal/internalDbWarnings| 200 
2024-01-23 16:37:41,196| pingFederateAdmin| Bearer| [0:0:0:0:0:0:0:1]| unknown| GET| /internal/replicationInfo| 200 
2024-01-23 16:37:41,198| pingFederateAdmin| Bearer| [0:0:0:0:0:0:0:1]| unknown| GET| /internal/notifications| 200 
2024-01-23 16:37:41,220| pingFederateAdmin| Bearer| [0:0:0:0:0:0:0:1]| unknown| GET| /internal/internalDbWarnings| 200 
2024-01-23 16:37:41,221| pingFederateAdmin| Bearer| [0:0:0:0:0:0:0:1]| unknown| GET| /internal/notifications| 200 
2024-01-23 16:37:41,222| pingFederateAdmin| Bearer| [0:0:0:0:0:0:0:1]| unknown| GET| /internal/replicationInfo| 200 
2024-01-23 16:37:41,225| pingFederateAdmin| Bearer| [0:0:0:0:0:0:0:1]| unknown| GET| /internal/internalDbWarnings| 200 
2024-01-23 16:37:41,228| pingFederateAdmin| Bearer| [0:0:0:0:0:0:0:1]| unknown| GET| /internal/notifications| 200 
2024-01-23 16:37:41,234| pingFederateAdmin| Bearer| [0:0:0:0:0:0:0:1]| unknown| GET| /internal/replicationInfo| 200 
2024-01-23 16:37:41,244| pingFederateAdmin| Bearer| [0:0:0:0:0:0:0:1]| unknown| GET| /internal/internalDbWarnings| 200 
2024-01-23 16:37:41,247| pingFederateAdmin| Bearer| [0:0:0:0:0:0:0:1]| unknown| GET| /internal/notifications| 200 
2024-01-23 16:37:41,251| pingFederateAdmin| Bearer| [0:0:0:0:0:0:0:1]| unknown| GET| /internal/internalDbWarnings| 200 
2024-01-23 16:37:41,247| pingFederateAdmin| Bearer| [0:0:0:0:0:0:0:1]| unknown| GET| /internal/replicationInfo| 200 
2024-01-23 16:37:43,133| pingFederateAdmin| Bearer| [0:0:0:0:0:0:0:1]| unknown| GET| /internal/replicationInfo| 200 
2024-01-23 16:37:43,134| pingFederateAdmin| Bearer| [0:0:0:0:0:0:0:1]| unknown| GET| /internal/notifications| 200 
2024-01-23 16:37:43,134| pingFederateAdmin| Bearer| [0:0:0:0:0:0:0:1]| unknown| GET| /internal/internalDbWarnings| 200 
2024-01-23 16:37:43,147| pingFederateAdmin| Bearer| [0:0:0:0:0:0:0:1]| unknown| GET| /internal/replicationInfo| 200 
2024-01-23 16:37:43,148| pingFederateAdmin| Bearer| [0:0:0:0:0:0:0:1]| unknown| GET| /internal/notifications| 200 
2024-01-23 16:37:43,149| pingFederateAdmin| Bearer| [0:0:0:0:0:0:0:1]| unknown| GET| /internal/internalDbWarnings| 200 
2024-01-23 16:37:43,156| pingFederateAdmin| Bearer| [0:0:0:0:0:0:0:1]| unknown| GET| /internal/replicationInfo| 200 
2024-01-23 16:37:43,158| pingFederateAdmin| Bearer| [0:0:0:0:0:0:0:1]| unknown| GET| /internal/notifications| 200 
2024-01-23 16:37:43,158| pingFederateAdmin| Bearer| [0:0:0:0:0:0:0:1]| unknown| GET| /internal/internalDbWarnings| 200 
2024-01-23 16:37:43,166| pingFederateAdmin| Bearer| [0:0:0:0:0:0:0:1]| unknown| GET| /internal/replicationInfo| 200 
2024-01-23 16:37:43,168| pingFederateAdmin| Bearer| [0:0:0:0:0:0:0:1]| unknown| GET| /internal/internalDbWarnings| 200 
2024-01-23 16:37:43,170| pingFederateAdmin| Bearer| [0:0:0:0:0:0:0:1]| unknown| GET| /internal/notifications| 200 
2024-01-23 16:37:43,180| pingFederateAdmin| Bearer| [0:0:0:0:0:0:0:1]| unknown| GET| /internal/internalDbWarnings| 200 
2024-01-23 16:37:43,180| pingFederateAdmin| Bearer| [0:0:0:0:0:0:0:1]| unknown| GET| /internal/replicationInfo| 200 
2024-01-23 16:37:43,181| pingFederateAdmin| Bearer| [0:0:0:0:0:0:0:1]| unknown| GET| /internal/notifications| 200 
2024-01-23 16:37:43,186| pingFederateAdmin| Bearer| [0:0:0:0:0:0:0:1]| unknown| GET| /internal/internalDbWarnings| 200 
2024-01-23 16:37:43,188| pingFederateAdmin| Bearer| [0:0:0:0:0:0:0:1]| unknown| GET| /internal/replicationInfo| 200 
2024-01-23 16:37:43,189| pingFederateAdmin| Bearer| [0:0:0:0:0:0:0:1]| unknown| GET| /internal/notifications| 200 
2024-01-23 16:37:43,202| pingFederateAdmin| Bearer| [0:0:0:0:0:0:0:1]| unknown| GET| /internal/internalDbWarnings| 200 
2024-01-23 16:37:43,203| pingFederateAdmin| Bearer| [0:0:0:0:0:0:0:1]| unknown| GET| /internal/notifications| 200 
2024-01-23 16:37:43,203| pingFederateAdmin| Bearer| [0:0:0:0:0:0:0:1]| unknown| GET| /internal/replicationInfo| 200 
2024-01-23 16:37:47,385| pingFederateAdmin| Bearer| [0:0:0:0:0:0:0:1]| unknown| GET| /internal/replicationInfo| 200 
2024-01-23 16:37:47,386| pingFederateAdmin| Bearer| [0:0:0:0:0:0:0:1]| unknown| GET| /internal/internalDbWarnings| 200 
2024-01-23 16:37:47,386| pingFederateAdmin| Bearer| [0:0:0:0:0:0:0:1]| unknown| GET| /internal/notifications| 200 
2024-01-23 16:37:47,391| pingFederateAdmin| Bearer| [0:0:0:0:0:0:0:1]| unknown| GET| /internal/internalDbWarnings| 200 
2024-01-23 16:37:47,391| pingFederateAdmin| Bearer| [0:0:0:0:0:0:0:1]| unknown| GET| /internal/notifications| 200 
2024-01-23 16:37:47,392| pingFederateAdmin| Bearer| [0:0:0:0:0:0:0:1]| unknown| GET| /internal/replicationInfo| 200 
2024-01-23 16:37:47,401| pingFederateAdmin| Bearer| [0:0:0:0:0:0:0:1]| unknown| GET| /internal/internalDbWarnings| 200 
2024-01-23 16:37:47,401| pingFederateAdmin| Bearer| [0:0:0:0:0:0:0:1]| unknown| GET| /internal/replicationInfo| 200 
2024-01-23 16:37:47,402| pingFederateAdmin| Bearer| [0:0:0:0:0:0:0:1]| unknown| GET| /internal/notifications| 200 
2024-01-23 16:37:47,420| pingFederateAdmin| Bearer| [0:0:0:0:0:0:0:1]| unknown| GET| /internal/internalDbWarnings| 200 
2024-01-23 16:37:47,420| pingFederateAdmin| Bearer| [0:0:0:0:0:0:0:1]| unknown| GET| /internal/replicationInfo| 200 
2024-01-23 16:37:47,421| pingFederateAdmin| Bearer| [0:0:0:0:0:0:0:1]| unknown| GET| /internal/notifications| 200 
2024-01-23 16:37:47,427| pingFederateAdmin| Bearer| [0:0:0:0:0:0:0:1]| unknown| GET| /internal/replicationInfo| 200 
2024-01-23 16:37:47,427| pingFederateAdmin| Bearer| [0:0:0:0:0:0:0:1]| unknown| GET| /internal/internalDbWarnings| 200 
2024-01-23 16:37:47,428| pingFederateAdmin| Bearer| [0:0:0:0:0:0:0:1]| unknown| GET| /internal/notifications| 200 
2024-01-23 16:37:47,441| pingFederateAdmin| Bearer| [0:0:0:0:0:0:0:1]| unknown| GET| /internal/replicationInfo| 200 
2024-01-23 16:37:47,442| pingFederateAdmin| Bearer| [0:0:0:0:0:0:0:1]| unknown| GET| /internal/internalDbWarnings| 200 
2024-01-23 16:37:47,443| pingFederateAdmin| Bearer| [0:0:0:0:0:0:0:1]| unknown| GET| /internal/notifications| 200 
2024-01-23 16:37:47,449| pingFederateAdmin| Bearer| [0:0:0:0:0:0:0:1]| unknown| GET| /internal/replicationInfo| 200 
2024-01-23 16:37:47,450| pingFederateAdmin| Bearer| [0:0:0:0:0:0:0:1]| unknown| GET| /internal/internalDbWarnings| 200 
2024-01-23 16:37:47,453| pingFederateAdmin| Bearer| [0:0:0:0:0:0:0:1]| unknown| GET| /internal/notifications| 200 
2024-01-23 16:37:50,023| pingFederateAdmin| Bearer| [0:0:0:0:0:0:0:1]| unknown| GET| /internal/notifications| 200 
2024-01-23 16:37:50,057| pingFederateAdmin| Bearer| [0:0:0:0:0:0:0:1]| unknown| GET| /internal/internalDbWarnings| 200 
2024-01-23 16:37:50,059| pingFederateAdmin| Bearer| [0:0:0:0:0:0:0:1]| unknown| GET| /internal/replicationInfo| 200 
2024-01-23 16:37:50,060| pingFederateAdmin| Bearer| [0:0:0:0:0:0:0:1]| unknown| GET| /internal/internalDbWarnings| 200 
2024-01-23 16:37:50,062| pingFederateAdmin| Bearer| [0:0:0:0:0:0:0:1]| unknown| GET| /internal/notifications| 200 
2024-01-23 16:37:50,064| pingFederateAdmin| Bearer| [0:0:0:0:0:0:0:1]| unknown| GET| /internal/internalDbWarnings| 200 
2024-01-23 16:37:50,065| pingFederateAdmin| Bearer| [0:0:0:0:0:0:0:1]| unknown| GET| /internal/replicationInfo| 200 
2024-01-23 16:37:50,069| pingFederateAdmin| Bearer| [0:0:0:0:0:0:0:1]| unknown| GET| /internal/notifications| 200 
2024-01-23 16:37:50,079| pingFederateAdmin| Bearer| [0:0:0:0:0:0:0:1]| unknown| GET| /internal/internalDbWarnings| 200 
2024-01-23 16:37:50,079| pingFederateAdmin| Bearer| [0:0:0:0:0:0:0:1]| unknown| GET| /internal/replicationInfo| 200 
2024-01-23 16:37:50,081| pingFederateAdmin| Bearer| [0:0:0:0:0:0:0:1]| unknown| GET| /internal/notifications| 200 
2024-01-23 16:37:50,086| pingFederateAdmin| Bearer| [0:0:0:0:0:0:0:1]| unknown| GET| /internal/internalDbWarnings| 200 
2024-01-23 16:37:50,086| pingFederateAdmin| Bearer| [0:0:0:0:0:0:0:1]| unknown| GET| /internal/replicationInfo| 200 
2024-01-23 16:37:50,092| pingFederateAdmin| Bearer| [0:0:0:0:0:0:0:1]| unknown| GET| /internal/notifications| 200 
2024-01-23 16:37:50,096| pingFederateAdmin| Bearer| [0:0:0:0:0:0:0:1]| unknown| GET| /internal/internalDbWarnings| 200 
2024-01-23 16:37:50,096| pingFederateAdmin| Bearer| [0:0:0:0:0:0:0:1]| unknown| GET| /internal/replicationInfo| 200 
2024-01-23 16:37:50,099| pingFederateAdmin| Bearer| [0:0:0:0:0:0:0:1]| unknown| GET| /internal/notifications| 200 
2024-01-23 16:37:50,099| pingFederateAdmin| Bearer| [0:0:0:0:0:0:0:1]| unknown| GET| /internal/internalDbWarnings| 200 
2024-01-23 16:37:50,101| pingFederateAdmin| Bearer| [0:0:0:0:0:0:0:1]| unknown| GET| /internal/replicationInfo| 200 
2024-01-23 16:37:50,109| pingFederateAdmin| Bearer| [0:0:0:0:0:0:0:1]| unknown| GET| /internal/notifications| 200 
2024-01-23 16:37:50,115| pingFederateAdmin| Bearer| [0:0:0:0:0:0:0:1]| unknown| GET| /internal/replicationInfo| 200 
2024-01-23 16:37:51,739| pingFederateAdmin| Bearer| [0:0:0:0:0:0:0:1]| unknown| GET| /internal/notifications| 200 
2024-01-23 16:37:51,776| pingFederateAdmin| Bearer| [0:0:0:0:0:0:0:1]| unknown| GET| /internal/replicationInfo| 200 
2024-01-23 16:37:51,777| pingFederateAdmin| Bearer| [0:0:0:0:0:0:0:1]| unknown| GET| /internal/internalDbWarnings| 200 
2024-01-23 16:37:51,778| pingFederateAdmin| Bearer| [0:0:0:0:0:0:0:1]| unknown| GET| /internal/notifications| 200 
2024-01-23 16:37:51,780| pingFederateAdmin| Bearer| [0:0:0:0:0:0:0:1]| unknown| GET| /internal/replicationInfo| 200 
2024-01-23 16:37:51,785| pingFederateAdmin| Bearer| [0:0:0:0:0:0:0:1]| unknown| GET| /internal/internalDbWarnings| 200 
2024-01-23 16:37:51,786| pingFederateAdmin| Bearer| [0:0:0:0:0:0:0:1]| unknown| GET| /internal/notifications| 200 
2024-01-23 16:37:51,788| pingFederateAdmin| Bearer| [0:0:0:0:0:0:0:1]| unknown| GET| /internal/replicationInfo| 200 
2024-01-23 16:37:51,800| pingFederateAdmin| Bearer| [0:0:0:0:0:0:0:1]| unknown| GET| /internal/notifications| 200 
2024-01-23 16:37:51,800| pingFederateAdmin| Bearer| [0:0:0:0:0:0:0:1]| unknown| GET| /internal/replicationInfo| 200 
2024-01-23 16:37:51,800| pingFederateAdmin| Bearer| [0:0:0:0:0:0:0:1]| unknown| GET| /internal/internalDbWarnings| 200 
2024-01-23 16:37:51,808| pingFederateAdmin| Bearer| [0:0:0:0:0:0:0:1]| unknown| GET| /internal/replicationInfo| 200 
2024-01-23 16:37:51,808| pingFederateAdmin| Bearer| [0:0:0:0:0:0:0:1]| unknown| GET| /internal/internalDbWarnings| 200 
2024-01-23 16:37:51,812| pingFederateAdmin| Bearer| [0:0:0:0:0:0:0:1]| unknown| GET| /internal/notifications| 200 
2024-01-23 16:37:51,826| pingFederateAdmin| Bearer| [0:0:0:0:0:0:0:1]| unknown| GET| /internal/internalDbWarnings| 200 
2024-01-23 16:37:51,826| pingFederateAdmin| Bearer| [0:0:0:0:0:0:0:1]| unknown| GET| /internal/replicationInfo| 200 
2024-01-23 16:37:51,827| pingFederateAdmin| Bearer| [0:0:0:0:0:0:0:1]| unknown| GET| /internal/notifications| 200 
2024-01-23 16:37:51,837| pingFederateAdmin| Bearer| [0:0:0:0:0:0:0:1]| unknown| GET| /internal/internalDbWarnings| 200 
2024-01-23 16:37:51,837| pingFederateAdmin| Bearer| [0:0:0:0:0:0:0:1]| unknown| GET| /internal/replicationInfo| 200 
2024-01-23 16:37:51,838| pingFederateAdmin| Bearer| [0:0:0:0:0:0:0:1]| unknown| GET| /internal/notifications| 200 
2024-01-23 16:37:51,840| pingFederateAdmin| Bearer| [0:0:0:0:0:0:0:1]| unknown| GET| /internal/internalDbWarnings| 200 
2024-01-23 16:40:51,699| unknown| unknown| [0:0:0:0:0:0:0:1]| unknown| GET| /dataStores| 401 
2024-01-23 16:40:51,727| pingfederateadmin| Basic| [0:0:0:0:0:0:0:1]| unknown| GET| /dataStores| 200 
2024-01-23 16:49:44,957| pingFederateAdmin| Bearer| [0:0:0:0:0:0:0:1]| unknown| GET| /internal/notifications| 200 
2024-01-23 16:49:44,960| pingFederateAdmin| Bearer| [0:0:0:0:0:0:0:1]| unknown| GET| /internal/notifications| 200 
2024-01-23 16:49:44,966| pingFederateAdmin| Bearer| [0:0:0:0:0:0:0:1]| unknown| GET| /internal/replicationInfo| 200 
2024-01-23 16:49:44,967| pingFederateAdmin| Bearer| [0:0:0:0:0:0:0:1]| unknown| GET| /internal/internalDbWarnings| 200 
2024-01-23 16:49:44,967| pingFederateAdmin| Bearer| [0:0:0:0:0:0:0:1]| unknown| GET| /internal/notifications| 200 
2024-01-23 16:49:44,970| pingFederateAdmin| Bearer| [0:0:0:0:0:0:0:1]| unknown| GET| /internal/replicationInfo| 200 
2024-01-23 16:49:44,973| pingFederateAdmin| Bearer| [0:0:0:0:0:0:0:1]| unknown| GET| /internal/internalDbWarnings| 200 
2024-01-23 16:49:44,976| pingFederateAdmin| Bearer| [0:0:0:0:0:0:0:1]| unknown| GET| /internal/replicationInfo| 200 
2024-01-23 16:49:44,977| pingFederateAdmin| Bearer| [0:0:0:0:0:0:0:1]| unknown| GET| /internal/notifications| 200 
2024-01-23 16:49:44,983| pingFederateAdmin| Bearer| [0:0:0:0:0:0:0:1]| unknown| GET| /internal/internalDbWarnings| 200 
2024-01-23 16:49:44,983| pingFederateAdmin| Bearer| [0:0:0:0:0:0:0:1]| unknown| GET| /internal/replicationInfo| 200 
2024-01-23 16:49:44,985| pingFederateAdmin| Bearer| [0:0:0:0:0:0:0:1]| unknown| GET| /internal/replicationInfo| 200 
2024-01-23 16:49:44,986| pingFederateAdmin| Bearer| [0:0:0:0:0:0:0:1]| unknown| GET| /internal/internalDbWarnings| 200 
2024-01-23 16:49:44,986| pingFederateAdmin| Bearer| [0:0:0:0:0:0:0:1]| unknown| GET| /internal/notifications| 200 
2024-01-23 16:49:44,990| pingFederateAdmin| Bearer| [0:0:0:0:0:0:0:1]| unknown| GET| /internal/replicationInfo| 200 
2024-01-23 16:49:44,990| pingFederateAdmin| Bearer| [0:0:0:0:0:0:0:1]| unknown| GET| /internal/internalDbWarnings| 200 
2024-01-23 16:49:44,991| pingFederateAdmin| Bearer| [0:0:0:0:0:0:0:1]| unknown| GET| /internal/notifications| 200 
2024-01-23 16:49:44,996| pingFederateAdmin| Bearer| [0:0:0:0:0:0:0:1]| unknown| GET| /internal/internalDbWarnings| 200 
2024-01-23 16:49:44,997| pingFederateAdmin| Bearer| [0:0:0:0:0:0:0:1]| unknown| GET| /internal/replicationInfo| 200 
2024-01-23 16:49:44,997| pingFederateAdmin| Bearer| [0:0:0:0:0:0:0:1]| unknown| GET| /internal/notifications| 200 
2024-01-23 16:49:44,999| pingFederateAdmin| Bearer| [0:0:0:0:0:0:0:1]| unknown| GET| /internal/internalDbWarnings| 200 
2024-01-23 16:49:47,376| pingFederateAdmin| Bearer| [0:0:0:0:0:0:0:1]| unknown| GET| /internal/internalDbWarnings| 200 
2024-01-23 16:49:47,377| pingFederateAdmin| Bearer| [0:0:0:0:0:0:0:1]| unknown| GET| /internal/notifications| 200 
2024-01-23 16:49:47,376| pingFederateAdmin| Bearer| [0:0:0:0:0:0:0:1]| unknown| GET| /internal/replicationInfo| 200 
2024-01-23 16:49:47,385| pingFederateAdmin| Bearer| [0:0:0:0:0:0:0:1]| unknown| GET| /internal/internalDbWarnings| 200 
2024-01-23 16:49:47,385| pingFederateAdmin| Bearer| [0:0:0:0:0:0:0:1]| unknown| GET| /internal/replicationInfo| 200 
2024-01-23 16:49:47,385| pingFederateAdmin| Bearer| [0:0:0:0:0:0:0:1]| unknown| GET| /internal/notifications| 200 
2024-01-23 16:49:47,393| pingFederateAdmin| Bearer| [0:0:0:0:0:0:0:1]| unknown| GET| /internal/internalDbWarnings| 200 
2024-01-23 16:49:47,393| pingFederateAdmin| Bearer| [0:0:0:0:0:0:0:1]| unknown| GET| /internal/replicationInfo| 200 
2024-01-23 16:49:47,394| pingFederateAdmin| Bearer| [0:0:0:0:0:0:0:1]| unknown| GET| /internal/notifications| 200 
2024-01-23 16:49:47,397| pingFederateAdmin| Bearer| [0:0:0:0:0:0:0:1]| unknown| GET| /internal/internalDbWarnings| 200 
2024-01-23 16:49:47,397| pingFederateAdmin| Bearer| [0:0:0:0:0:0:0:1]| unknown| GET| /internal/replicationInfo| 200 
2024-01-23 16:49:47,398| pingFederateAdmin| Bearer| [0:0:0:0:0:0:0:1]| unknown| GET| /internal/notifications| 200 
2024-01-23 16:49:47,402| pingFederateAdmin| Bearer| [0:0:0:0:0:0:0:1]| unknown| GET| /internal/internalDbWarnings| 200 
2024-01-23 16:49:47,402| pingFederateAdmin| Bearer| [0:0:0:0:0:0:0:1]| unknown| GET| /internal/replicationInfo| 200 
2024-01-23 16:49:47,403| pingFederateAdmin| Bearer| [0:0:0:0:0:0:0:1]| unknown| GET| /internal/notifications| 200 
2024-01-23 16:49:47,409| pingFederateAdmin| Bearer| [0:0:0:0:0:0:0:1]| unknown| GET| /internal/internalDbWarnings| 200 
2024-01-23 16:49:47,409| pingFederateAdmin| Bearer| [0:0:0:0:0:0:0:1]| unknown| GET| /internal/replicationInfo| 200 
2024-01-23 16:49:47,410| pingFederateAdmin| Bearer| [0:0:0:0:0:0:0:1]| unknown| GET| /internal/notifications| 200 
2024-01-23 16:49:47,412| pingFederateAdmin| Bearer| [0:0:0:0:0:0:0:1]| unknown| GET| /internal/internalDbWarnings| 200 
2024-01-23 16:49:47,412| pingFederateAdmin| Bearer| [0:0:0:0:0:0:0:1]| unknown| GET| /internal/replicationInfo| 200 
2024-01-23 16:49:47,413| pingFederateAdmin| Bearer| [0:0:0:0:0:0:0:1]| unknown| GET| /internal/notifications| 200 
