2024-01-24 12:23:11,705| pingFederateAdmin| Bearer| [0:0:0:0:0:0:0:1]| unknown| GET| /internal/licenseExpiryStatus| 200 
2024-01-24 12:23:11,705| pingFederateAdmin| Bearer| [0:0:0:0:0:0:0:1]| unknown| GET| /internal/activeAdministrators| 200 
2024-01-24 12:23:11,705| pingFederateAdmin| Bearer| [0:0:0:0:0:0:0:1]| unknown| GET| /internal/internalDbWarnings| 200 
2024-01-24 12:23:11,705| pingFederateAdmin| Bearer| [0:0:0:0:0:0:0:1]| unknown| GET| /internal/replicationInfo| 200 
2024-01-24 12:23:11,713| pingFederateAdmin| Bearer| [0:0:0:0:0:0:0:1]| unknown| GET| /internal/notifications| 200 
2024-01-24 12:23:11,717| pingFederateAdmin| Bearer| [0:0:0:0:0:0:0:1]| unknown| GET| /internal/uiSettings| 200 
2024-01-24 12:23:11,788| pingFederateAdmin| Bearer| [0:0:0:0:0:0:0:1]| unknown| GET| /internal/nodes| 200 
2024-01-24 12:23:11,797| pingFederateAdmin| Bearer| [0:0:0:0:0:0:0:1]| unknown| GET| /internal/user/preferences/shortcuts| 200 
2024-01-24 12:23:11,808| pingFederateAdmin| Bearer| [0:0:0:0:0:0:0:1]| unknown| GET| /internal/user/shortcuts| 200 
2024-01-24 12:23:12,733| pingFederateAdmin| Bearer| [0:0:0:0:0:0:0:1]| unknown| GET| /internal/extendSession| 200 
2024-01-24 12:23:12,859| pingFederateAdmin| Bearer| [0:0:0:0:0:0:0:1]| unknown| GET| /internal/activeAdministrators| 200 
2024-01-24 12:23:12,859| pingFederateAdmin| Bearer| [0:0:0:0:0:0:0:1]| unknown| GET| /internal/licenseExpiryStatus| 200 
2024-01-24 12:23:12,880| pingFederateAdmin| Bearer| [0:0:0:0:0:0:0:1]| unknown| GET| /internal/replicationInfo| 200 
2024-01-24 12:23:12,880| pingFederateAdmin| Bearer| [0:0:0:0:0:0:0:1]| unknown| GET| /internal/licenseExpiryStatus| 200 
2024-01-24 12:23:12,885| pingFederateAdmin| Bearer| [0:0:0:0:0:0:0:1]| unknown| GET| /internal/internalDbWarnings| 200 
2024-01-24 12:23:12,896| pingFederateAdmin| Bearer| [0:0:0:0:0:0:0:1]| unknown| GET| /internal/notifications| 200 
2024-01-24 12:23:12,897| pingFederateAdmin| Bearer| [0:0:0:0:0:0:0:1]| unknown| GET| /internal/activeAdministrators| 200 
2024-01-24 12:23:12,897| pingFederateAdmin| Bearer| [0:0:0:0:0:0:0:1]| unknown| GET| /internal/replicationInfo| 200 
2024-01-24 12:23:12,898| pingFederateAdmin| Bearer| [0:0:0:0:0:0:0:1]| unknown| GET| /internal/internalDbWarnings| 200 
2024-01-24 12:23:12,899| pingFederateAdmin| Bearer| [0:0:0:0:0:0:0:1]| unknown| GET| /internal/uiSettings| 200 
2024-01-24 12:23:12,915| pingFederateAdmin| Bearer| [0:0:0:0:0:0:0:1]| unknown| GET| /internal/notifications| 200 
2024-01-24 12:23:13,412| pingFederateAdmin| Bearer| [0:0:0:0:0:0:0:1]| unknown| GET| /internal/extendSession| 200 
2024-01-24 12:23:13,527| pingFederateAdmin| Bearer| [0:0:0:0:0:0:0:1]| unknown| GET| /internal/replicationInfo| 200 
2024-01-24 12:23:13,527| pingFederateAdmin| Bearer| [0:0:0:0:0:0:0:1]| unknown| GET| /internal/internalDbWarnings| 200 
2024-01-24 12:23:13,530| pingFederateAdmin| Bearer| [0:0:0:0:0:0:0:1]| unknown| GET| /internal/notifications| 200 
2024-01-24 12:23:15,241| pingFederateAdmin| Bearer| [0:0:0:0:0:0:0:1]| unknown| GET| /internal/internalDbWarnings| 200 
2024-01-24 12:23:15,241| pingFederateAdmin| Bearer| [0:0:0:0:0:0:0:1]| unknown| GET| /internal/replicationInfo| 200 
2024-01-24 12:23:15,242| pingFederateAdmin| Bearer| [0:0:0:0:0:0:0:1]| unknown| GET| /internal/notifications| 200 
2024-01-24 12:23:15,249| pingFederateAdmin| Bearer| [0:0:0:0:0:0:0:1]| unknown| GET| /internal/notifications| 200 
2024-01-24 12:23:15,252| pingFederateAdmin| Bearer| [0:0:0:0:0:0:0:1]| unknown| GET| /internal/internalDbWarnings| 200 
2024-01-24 12:23:15,252| pingFederateAdmin| Bearer| [0:0:0:0:0:0:0:1]| unknown| GET| /internal/replicationInfo| 200 
2024-01-24 12:23:15,254| pingFederateAdmin| Bearer| [0:0:0:0:0:0:0:1]| unknown| GET| /internal/notifications| 200 
2024-01-24 12:23:15,255| pingFederateAdmin| Bearer| [0:0:0:0:0:0:0:1]| unknown| GET| /internal/internalDbWarnings| 200 
2024-01-24 12:23:15,255| pingFederateAdmin| Bearer| [0:0:0:0:0:0:0:1]| unknown| GET| /internal/replicationInfo| 200 
2024-01-24 12:23:16,285| pingFederateAdmin| Bearer| [0:0:0:0:0:0:0:1]| unknown| GET| /internal/notifications| 200 
2024-01-24 12:23:16,308| pingFederateAdmin| Bearer| [0:0:0:0:0:0:0:1]| unknown| GET| /internal/internalDbWarnings| 200 
2024-01-24 12:23:16,311| pingFederateAdmin| Bearer| [0:0:0:0:0:0:0:1]| unknown| GET| /internal/notifications| 200 
2024-01-24 12:23:16,311| pingFederateAdmin| Bearer| [0:0:0:0:0:0:0:1]| unknown| GET| /internal/replicationInfo| 200 
2024-01-24 12:23:16,320| pingFederateAdmin| Bearer| [0:0:0:0:0:0:0:1]| unknown| GET| /internal/replicationInfo| 200 
2024-01-24 12:23:16,321| pingFederateAdmin| Bearer| [0:0:0:0:0:0:0:1]| unknown| GET| /internal/internalDbWarnings| 200 
2024-01-24 12:23:17,294| pingFederateAdmin| Bearer| [0:0:0:0:0:0:0:1]| unknown| GET| /internal/notifications| 200 
2024-01-24 12:23:17,295| pingFederateAdmin| Bearer| [0:0:0:0:0:0:0:1]| unknown| GET| /internal/replicationInfo| 200 
2024-01-24 12:23:17,308| pingFederateAdmin| Bearer| [0:0:0:0:0:0:0:1]| unknown| GET| /internal/replicationInfo| 200 
2024-01-24 12:23:17,308| pingFederateAdmin| Bearer| [0:0:0:0:0:0:0:1]| unknown| GET| /internal/internalDbWarnings| 200 
2024-01-24 12:23:17,308| pingFederateAdmin| Bearer| [0:0:0:0:0:0:0:1]| unknown| GET| /internal/notifications| 200 
2024-01-24 12:23:17,311| pingFederateAdmin| Bearer| [0:0:0:0:0:0:0:1]| unknown| GET| /internal/internalDbWarnings| 200 
2024-01-24 12:23:18,648| pingFederateAdmin| Bearer| [0:0:0:0:0:0:0:1]| unknown| GET| /internal/notifications| 200 
2024-01-24 12:23:18,648| pingFederateAdmin| Bearer| [0:0:0:0:0:0:0:1]| unknown| GET| /internal/replicationInfo| 200 
2024-01-24 12:23:18,665| pingFederateAdmin| Bearer| [0:0:0:0:0:0:0:1]| unknown| GET| /internal/replicationInfo| 200 
2024-01-24 12:23:18,665| pingFederateAdmin| Bearer| [0:0:0:0:0:0:0:1]| unknown| GET| /internal/internalDbWarnings| 200 
2024-01-24 12:23:18,666| pingFederateAdmin| Bearer| [0:0:0:0:0:0:0:1]| unknown| GET| /internal/notifications| 200 
2024-01-24 12:23:18,668| pingFederateAdmin| Bearer| [0:0:0:0:0:0:0:1]| unknown| GET| /internal/internalDbWarnings| 200 
2024-01-24 12:23:19,508| pingFederateAdmin| Bearer| [0:0:0:0:0:0:0:1]| unknown| GET| /internal/notifications| 200 
2024-01-24 12:23:19,513| pingFederateAdmin| Bearer| [0:0:0:0:0:0:0:1]| unknown| GET| /internal/internalDbWarnings| 200 
2024-01-24 12:23:19,513| pingFederateAdmin| Bearer| [0:0:0:0:0:0:0:1]| unknown| GET| /internal/replicationInfo| 200 
2024-01-24 12:23:19,515| pingFederateAdmin| Bearer| [0:0:0:0:0:0:0:1]| unknown| GET| /internal/replicationInfo| 200 
2024-01-24 12:23:19,525| pingFederateAdmin| Bearer| [0:0:0:0:0:0:0:1]| unknown| GET| /internal/internalDbWarnings| 200 
2024-01-24 12:23:19,526| pingFederateAdmin| Bearer| [0:0:0:0:0:0:0:1]| unknown| GET| /internal/notifications| 200 
2024-01-24 12:23:20,877| pingFederateAdmin| Bearer| [0:0:0:0:0:0:0:1]| unknown| GET| /internal/notifications| 200 
2024-01-24 12:23:20,893| pingFederateAdmin| Bearer| [0:0:0:0:0:0:0:1]| unknown| GET| /internal/replicationInfo| 200 
2024-01-24 12:23:20,893| pingFederateAdmin| Bearer| [0:0:0:0:0:0:0:1]| unknown| GET| /internal/internalDbWarnings| 200 
2024-01-24 12:23:20,893| pingFederateAdmin| Bearer| [0:0:0:0:0:0:0:1]| unknown| GET| /internal/notifications| 200 
2024-01-24 12:23:20,897| pingFederateAdmin| Bearer| [0:0:0:0:0:0:0:1]| unknown| GET| /internal/replicationInfo| 200 
2024-01-24 12:23:20,897| pingFederateAdmin| Bearer| [0:0:0:0:0:0:0:1]| unknown| GET| /internal/internalDbWarnings| 200 
2024-01-24 12:23:22,468| pingFederateAdmin| Bearer| [0:0:0:0:0:0:0:1]| unknown| GET| /internal/internalDbWarnings| 200 
2024-01-24 12:23:22,468| pingFederateAdmin| Bearer| [0:0:0:0:0:0:0:1]| unknown| GET| /internal/replicationInfo| 200 
2024-01-24 12:23:22,469| pingFederateAdmin| Bearer| [0:0:0:0:0:0:0:1]| unknown| GET| /internal/notifications| 200 
2024-01-24 12:23:22,480| pingFederateAdmin| Bearer| [0:0:0:0:0:0:0:1]| unknown| GET| /internal/internalDbWarnings| 200 
2024-01-24 12:23:22,482| pingFederateAdmin| Bearer| [0:0:0:0:0:0:0:1]| unknown| GET| /internal/replicationInfo| 200 
2024-01-24 12:23:22,485| pingFederateAdmin| Bearer| [0:0:0:0:0:0:0:1]| unknown| GET| /internal/notifications| 200 
2024-01-24 12:23:24,218| pingFederateAdmin| Bearer| [0:0:0:0:0:0:0:1]| unknown| GET| /internal/notifications| 200 
2024-01-24 12:23:24,234| pingFederateAdmin| Bearer| [0:0:0:0:0:0:0:1]| unknown| GET| /internal/internalDbWarnings| 200 
2024-01-24 12:23:24,235| pingFederateAdmin| Bearer| [0:0:0:0:0:0:0:1]| unknown| GET| /internal/replicationInfo| 200 
2024-01-24 12:23:24,235| pingFederateAdmin| Bearer| [0:0:0:0:0:0:0:1]| unknown| GET| /internal/notifications| 200 
2024-01-24 12:23:24,237| pingFederateAdmin| Bearer| [0:0:0:0:0:0:0:1]| unknown| GET| /internal/replicationInfo| 200 
2024-01-24 12:23:24,237| pingFederateAdmin| Bearer| [0:0:0:0:0:0:0:1]| unknown| GET| /internal/internalDbWarnings| 200 
2024-01-24 12:23:25,639| pingFederateAdmin| Bearer| [0:0:0:0:0:0:0:1]| unknown| GET| /internal/notifications| 200 
2024-01-24 12:23:25,641| pingFederateAdmin| Bearer| [0:0:0:0:0:0:0:1]| unknown| GET| /internal/internalDbWarnings| 200 
2024-01-24 12:23:25,663| pingFederateAdmin| Bearer| [0:0:0:0:0:0:0:1]| unknown| GET| /internal/replicationInfo| 200 
2024-01-24 12:23:25,663| pingFederateAdmin| Bearer| [0:0:0:0:0:0:0:1]| unknown| GET| /internal/internalDbWarnings| 200 
2024-01-24 12:23:25,664| pingFederateAdmin| Bearer| [0:0:0:0:0:0:0:1]| unknown| GET| /internal/notifications| 200 
2024-01-24 12:23:25,669| pingFederateAdmin| Bearer| [0:0:0:0:0:0:0:1]| unknown| GET| /internal/replicationInfo| 200 
2024-01-24 12:23:27,641| pingFederateAdmin| Bearer| [0:0:0:0:0:0:0:1]| unknown| GET| /internal/notifications| 200 
2024-01-24 12:23:27,683| pingFederateAdmin| Bearer| [0:0:0:0:0:0:0:1]| unknown| GET| /internal/internalDbWarnings| 200 
2024-01-24 12:23:27,683| pingFederateAdmin| Bearer| [0:0:0:0:0:0:0:1]| unknown| GET| /internal/replicationInfo| 200 
2024-01-24 12:23:27,684| pingFederateAdmin| Bearer| [0:0:0:0:0:0:0:1]| unknown| GET| /internal/notifications| 200 
2024-01-24 12:23:27,687| pingFederateAdmin| Bearer| [0:0:0:0:0:0:0:1]| unknown| GET| /internal/replicationInfo| 200 
2024-01-24 12:23:27,688| pingFederateAdmin| Bearer| [0:0:0:0:0:0:0:1]| unknown| GET| /internal/internalDbWarnings| 200 
2024-01-24 12:23:28,729| pingFederateAdmin| Bearer| [0:0:0:0:0:0:0:1]| unknown| GET| /internal/notifications| 200 
2024-01-24 12:23:28,741| pingFederateAdmin| Bearer| [0:0:0:0:0:0:0:1]| unknown| GET| /internal/replicationInfo| 200 
2024-01-24 12:23:28,752| pingFederateAdmin| Bearer| [0:0:0:0:0:0:0:1]| unknown| GET| /internal/replicationInfo| 200 
2024-01-24 12:23:28,752| pingFederateAdmin| Bearer| [0:0:0:0:0:0:0:1]| unknown| GET| /internal/internalDbWarnings| 200 
2024-01-24 12:23:28,753| pingFederateAdmin| Bearer| [0:0:0:0:0:0:0:1]| unknown| GET| /internal/notifications| 200 
2024-01-24 12:23:28,755| pingFederateAdmin| Bearer| [0:0:0:0:0:0:0:1]| unknown| GET| /internal/internalDbWarnings| 200 
2024-01-24 12:23:30,412| pingFederateAdmin| Bearer| [0:0:0:0:0:0:0:1]| unknown| GET| /internal/notifications| 200 
2024-01-24 12:23:30,413| pingFederateAdmin| Bearer| [0:0:0:0:0:0:0:1]| unknown| GET| /internal/replicationInfo| 200 
2024-01-24 12:23:30,413| pingFederateAdmin| Bearer| [0:0:0:0:0:0:0:1]| unknown| GET| /internal/internalDbWarnings| 200 
2024-01-24 12:23:30,427| pingFederateAdmin| Bearer| [0:0:0:0:0:0:0:1]| unknown| GET| /internal/replicationInfo| 200 
2024-01-24 12:23:30,427| pingFederateAdmin| Bearer| [0:0:0:0:0:0:0:1]| unknown| GET| /internal/internalDbWarnings| 200 
2024-01-24 12:23:30,428| pingFederateAdmin| Bearer| [0:0:0:0:0:0:0:1]| unknown| GET| /internal/notifications| 200 
2024-01-24 12:23:31,817| pingFederateAdmin| Bearer| [0:0:0:0:0:0:0:1]| unknown| GET| /internal/notifications| 200 
2024-01-24 12:23:31,819| pingFederateAdmin| Bearer| [0:0:0:0:0:0:0:1]| unknown| GET| /internal/replicationInfo| 200 
2024-01-24 12:23:31,821| pingFederateAdmin| Bearer| [0:0:0:0:0:0:0:1]| unknown| GET| /internal/internalDbWarnings| 200 
2024-01-24 12:23:31,823| pingFederateAdmin| Bearer| [0:0:0:0:0:0:0:1]| unknown| GET| /internal/notifications| 200 
2024-01-24 12:23:31,825| pingFederateAdmin| Bearer| [0:0:0:0:0:0:0:1]| unknown| GET| /internal/replicationInfo| 200 
2024-01-24 12:23:31,834| pingFederateAdmin| Bearer| [0:0:0:0:0:0:0:1]| unknown| GET| /internal/internalDbWarnings| 200 
2024-01-24 12:23:33,178| pingFederateAdmin| Bearer| [0:0:0:0:0:0:0:1]| unknown| GET| /internal/notifications| 200 
2024-01-24 12:23:33,200| pingFederateAdmin| Bearer| [0:0:0:0:0:0:0:1]| unknown| GET| /internal/replicationInfo| 200 
2024-01-24 12:23:33,208| pingFederateAdmin| Bearer| [0:0:0:0:0:0:0:1]| unknown| GET| /internal/internalDbWarnings| 200 
2024-01-24 12:23:33,209| pingFederateAdmin| Bearer| [0:0:0:0:0:0:0:1]| unknown| GET| /internal/replicationInfo| 200 
2024-01-24 12:23:33,211| pingFederateAdmin| Bearer| [0:0:0:0:0:0:0:1]| unknown| GET| /internal/notifications| 200 
2024-01-24 12:23:33,212| pingFederateAdmin| Bearer| [0:0:0:0:0:0:0:1]| unknown| GET| /internal/internalDbWarnings| 200 
2024-01-24 12:23:42,821| pingfederateadmin| Basic| [0:0:0:0:0:0:0:1]| unknown| GET| /dataStores| 200 
