2023-12-18 11:35:51,017| pingFederateAdmin| Bearer| [0:0:0:0:0:0:0:1]| unknown| GET| /internal/activeAdministrators| 200 
2023-12-18 11:35:51,017| pingFederateAdmin| Bearer| [0:0:0:0:0:0:0:1]| unknown| GET| /internal/replicationInfo| 200 
2023-12-18 11:35:51,017| pingFederateAdmin| Bearer| [0:0:0:0:0:0:0:1]| unknown| GET| /internal/licenseExpiryStatus| 200 
2023-12-18 11:35:51,017| pingFederateAdmin| Bearer| [0:0:0:0:0:0:0:1]| unknown| GET| /internal/internalDbWarnings| 200 
2023-12-18 11:35:51,030| pingFederateAdmin| Bearer| [0:0:0:0:0:0:0:1]| unknown| GET| /internal/uiSettings| 200 
2023-12-18 11:35:51,044| pingFederateAdmin| Bearer| [0:0:0:0:0:0:0:1]| unknown| GET| /internal/notifications| 200 
2023-12-18 11:35:51,264| pingFederateAdmin| Bearer| [0:0:0:0:0:0:0:1]| unknown| GET| /internal/user/shortcuts| 200 
2023-12-18 11:35:51,272| pingFederateAdmin| Bearer| [0:0:0:0:0:0:0:1]| unknown| GET| /internal/user/preferences/shortcuts| 200 
2023-12-18 11:35:51,286| pingFederateAdmin| Bearer| [0:0:0:0:0:0:0:1]| unknown| GET| /internal/nodes| 200 
2023-12-18 11:35:52,030| pingFederateAdmin| Bearer| [0:0:0:0:0:0:0:1]| unknown| GET| /internal/extendSession| 200 
2023-12-18 11:35:52,189| pingFederateAdmin| Bearer| [0:0:0:0:0:0:0:1]| unknown| GET| /internal/activeAdministrators| 200 
2023-12-18 11:35:52,192| pingFederateAdmin| Bearer| [0:0:0:0:0:0:0:1]| unknown| GET| /internal/licenseExpiryStatus| 200 
2023-12-18 11:35:52,209| pingFederateAdmin| Bearer| [0:0:0:0:0:0:0:1]| unknown| GET| /internal/licenseExpiryStatus| 200 
2023-12-18 11:35:52,212| pingFederateAdmin| Bearer| [0:0:0:0:0:0:0:1]| unknown| GET| /internal/internalDbWarnings| 200 
2023-12-18 11:35:52,213| pingFederateAdmin| Bearer| [0:0:0:0:0:0:0:1]| unknown| GET| /internal/replicationInfo| 200 
2023-12-18 11:35:52,217| pingFederateAdmin| Bearer| [0:0:0:0:0:0:0:1]| unknown| GET| /internal/activeAdministrators| 200 
2023-12-18 11:35:52,212| pingFederateAdmin| Bearer| [0:0:0:0:0:0:0:1]| unknown| GET| /internal/uiSettings| 200 
2023-12-18 11:35:52,220| pingFederateAdmin| Bearer| [0:0:0:0:0:0:0:1]| unknown| GET| /internal/notifications| 200 
2023-12-18 11:35:52,223| pingFederateAdmin| Bearer| [0:0:0:0:0:0:0:1]| unknown| GET| /internal/internalDbWarnings| 200 
2023-12-18 11:35:52,224| pingFederateAdmin| Bearer| [0:0:0:0:0:0:0:1]| unknown| GET| /internal/replicationInfo| 200 
2023-12-18 11:35:52,227| pingFederateAdmin| Bearer| [0:0:0:0:0:0:0:1]| unknown| GET| /internal/notifications| 200 
2023-12-18 11:35:53,865| pingFederateAdmin| Bearer| [0:0:0:0:0:0:0:1]| unknown| GET| /internal/extendSession| 200 
2023-12-18 11:35:54,007| pingFederateAdmin| Bearer| [0:0:0:0:0:0:0:1]| unknown| GET| /internal/activeAdministrators| 200 
2023-12-18 11:35:54,009| pingFederateAdmin| Bearer| [0:0:0:0:0:0:0:1]| unknown| GET| /internal/licenseExpiryStatus| 200 
2023-12-18 11:35:54,025| pingFederateAdmin| Bearer| [0:0:0:0:0:0:0:1]| unknown| GET| /internal/activeAdministrators| 200 
2023-12-18 11:35:54,036| pingFederateAdmin| Bearer| [0:0:0:0:0:0:0:1]| unknown| GET| /internal/licenseExpiryStatus| 200 
2023-12-18 11:35:54,036| pingFederateAdmin| Bearer| [0:0:0:0:0:0:0:1]| unknown| GET| /internal/internalDbWarnings| 200 
2023-12-18 11:35:54,037| pingFederateAdmin| Bearer| [0:0:0:0:0:0:0:1]| unknown| GET| /internal/uiSettings| 200 
2023-12-18 11:35:54,038| pingFederateAdmin| Bearer| [0:0:0:0:0:0:0:1]| unknown| GET| /internal/replicationInfo| 200 
2023-12-18 11:35:54,039| pingFederateAdmin| Bearer| [0:0:0:0:0:0:0:1]| unknown| GET| /internal/notifications| 200 
2023-12-18 11:35:54,706| pingFederateAdmin| Bearer| [0:0:0:0:0:0:0:1]| unknown| GET| /internal/extendSession| 200 
2023-12-18 11:35:54,848| pingFederateAdmin| Bearer| [0:0:0:0:0:0:0:1]| unknown| GET| /internal/licenseExpiryStatus| 200 
2023-12-18 11:35:54,848| pingFederateAdmin| Bearer| [0:0:0:0:0:0:0:1]| unknown| GET| /internal/activeAdministrators| 200 
2023-12-18 11:35:54,857| pingFederateAdmin| Bearer| [0:0:0:0:0:0:0:1]| unknown| GET| /internal/licenseExpiryStatus| 200 
2023-12-18 11:35:54,863| pingFederateAdmin| Bearer| [0:0:0:0:0:0:0:1]| unknown| GET| /internal/internalDbWarnings| 200 
2023-12-18 11:35:54,864| pingFederateAdmin| Bearer| [0:0:0:0:0:0:0:1]| unknown| GET| /internal/replicationInfo| 200 
2023-12-18 11:35:54,869| pingFederateAdmin| Bearer| [0:0:0:0:0:0:0:1]| unknown| GET| /internal/notifications| 200 
2023-12-18 11:35:54,875| pingFederateAdmin| Bearer| [0:0:0:0:0:0:0:1]| unknown| GET| /internal/activeAdministrators| 200 
2023-12-18 11:35:54,877| pingFederateAdmin| Bearer| [0:0:0:0:0:0:0:1]| unknown| GET| /internal/uiSettings| 200 
2023-12-18 11:35:55,118| pingFederateAdmin| Bearer| [0:0:0:0:0:0:0:1]| unknown| GET| /internal/extendSession| 200 
2023-12-18 11:35:55,245| pingFederateAdmin| Bearer| [0:0:0:0:0:0:0:1]| unknown| GET| /internal/licenseExpiryStatus| 200 
2023-12-18 11:35:55,245| pingFederateAdmin| Bearer| [0:0:0:0:0:0:0:1]| unknown| GET| /internal/activeAdministrators| 200 
2023-12-18 11:35:55,254| pingFederateAdmin| Bearer| [0:0:0:0:0:0:0:1]| unknown| GET| /internal/licenseExpiryStatus| 200 
2023-12-18 11:35:55,254| pingFederateAdmin| Bearer| [0:0:0:0:0:0:0:1]| unknown| GET| /internal/activeAdministrators| 200 
2023-12-18 11:35:55,255| pingFederateAdmin| Bearer| [0:0:0:0:0:0:0:1]| unknown| GET| /internal/uiSettings| 200 
2023-12-18 11:35:55,256| pingFederateAdmin| Bearer| [0:0:0:0:0:0:0:1]| unknown| GET| /internal/notifications| 200 
2023-12-18 11:35:55,262| pingFederateAdmin| Bearer| [0:0:0:0:0:0:0:1]| unknown| GET| /internal/replicationInfo| 200 
2023-12-18 11:35:55,262| pingFederateAdmin| Bearer| [0:0:0:0:0:0:0:1]| unknown| GET| /internal/internalDbWarnings| 200 
2023-12-18 11:35:58,604| pingFederateAdmin| Bearer| [0:0:0:0:0:0:0:1]| unknown| GET| /internal/notifications| 200 
2023-12-18 11:35:58,616| pingFederateAdmin| Bearer| [0:0:0:0:0:0:0:1]| unknown| GET| /internal/internalDbWarnings| 200 
2023-12-18 11:35:58,624| pingFederateAdmin| Bearer| [0:0:0:0:0:0:0:1]| unknown| GET| /internal/replicationInfo| 200 
2023-12-18 11:35:58,625| pingFederateAdmin| Bearer| [0:0:0:0:0:0:0:1]| unknown| GET| /internal/notifications| 200 
2023-12-18 11:35:58,627| pingFederateAdmin| Bearer| [0:0:0:0:0:0:0:1]| unknown| GET| /internal/internalDbWarnings| 200 
2023-12-18 11:35:58,631| pingFederateAdmin| Bearer| [0:0:0:0:0:0:0:1]| unknown| GET| /internal/internalDbWarnings| 200 
2023-12-18 11:35:58,632| pingFederateAdmin| Bearer| [0:0:0:0:0:0:0:1]| unknown| GET| /internal/notifications| 200 
2023-12-18 11:35:58,632| pingFederateAdmin| Bearer| [0:0:0:0:0:0:0:1]| unknown| GET| /internal/replicationInfo| 200 
2023-12-18 11:35:58,642| pingFederateAdmin| Bearer| [0:0:0:0:0:0:0:1]| unknown| GET| /internal/internalDbWarnings| 200 
2023-12-18 11:35:58,643| pingFederateAdmin| Bearer| [0:0:0:0:0:0:0:1]| unknown| GET| /internal/replicationInfo| 200 
2023-12-18 11:35:58,644| pingFederateAdmin| Bearer| [0:0:0:0:0:0:0:1]| unknown| GET| /internal/notifications| 200 
2023-12-18 11:35:58,653| pingFederateAdmin| Bearer| [0:0:0:0:0:0:0:1]| unknown| GET| /internal/replicationInfo| 200 
2023-12-18 11:35:58,654| pingFederateAdmin| Bearer| [0:0:0:0:0:0:0:1]| unknown| GET| /internal/internalDbWarnings| 200 
2023-12-18 11:35:58,655| pingFederateAdmin| Bearer| [0:0:0:0:0:0:0:1]| unknown| GET| /internal/notifications| 200 
2023-12-18 11:35:58,665| pingFederateAdmin| Bearer| [0:0:0:0:0:0:0:1]| unknown| GET| /internal/replicationInfo| 200 
2023-12-18 11:35:58,668| pingFederateAdmin| Bearer| [0:0:0:0:0:0:0:1]| unknown| GET| /internal/internalDbWarnings| 200 
2023-12-18 11:35:58,669| pingFederateAdmin| Bearer| [0:0:0:0:0:0:0:1]| unknown| GET| /internal/replicationInfo| 200 
2023-12-18 11:35:58,673| pingFederateAdmin| Bearer| [0:0:0:0:0:0:0:1]| unknown| GET| /internal/notifications| 200 
2023-12-18 11:36:00,963| pingFederateAdmin| Bearer| [0:0:0:0:0:0:0:1]| unknown| GET| /internal/extendSession| 200 
2023-12-18 11:36:01,117| pingFederateAdmin| Bearer| [0:0:0:0:0:0:0:1]| unknown| GET| /internal/activeAdministrators| 200 
2023-12-18 11:36:01,117| pingFederateAdmin| Bearer| [0:0:0:0:0:0:0:1]| unknown| GET| /internal/licenseExpiryStatus| 200 
2023-12-18 11:36:01,126| pingFederateAdmin| Bearer| [0:0:0:0:0:0:0:1]| unknown| GET| /internal/internalDbWarnings| 200 
2023-12-18 11:36:01,127| pingFederateAdmin| Bearer| [0:0:0:0:0:0:0:1]| unknown| GET| /internal/notifications| 200 
2023-12-18 11:36:01,133| pingFederateAdmin| Bearer| [0:0:0:0:0:0:0:1]| unknown| GET| /internal/replicationInfo| 200 
2023-12-18 11:36:01,133| pingFederateAdmin| Bearer| [0:0:0:0:0:0:0:1]| unknown| GET| /internal/activeAdministrators| 200 
2023-12-18 11:36:01,134| pingFederateAdmin| Bearer| [0:0:0:0:0:0:0:1]| unknown| GET| /internal/licenseExpiryStatus| 200 
2023-12-18 11:36:01,134| pingFederateAdmin| Bearer| [0:0:0:0:0:0:0:1]| unknown| GET| /internal/uiSettings| 200 
2023-12-18 11:36:01,140| pingFederateAdmin| Bearer| [0:0:0:0:0:0:0:1]| unknown| GET| /internal/internalDbWarnings| 200 
2023-12-18 11:36:01,141| pingFederateAdmin| Bearer| [0:0:0:0:0:0:0:1]| unknown| GET| /internal/notifications| 200 
2023-12-18 11:36:01,146| pingFederateAdmin| Bearer| [0:0:0:0:0:0:0:1]| unknown| GET| /internal/replicationInfo| 200 
2023-12-18 11:36:01,682| pingFederateAdmin| Bearer| [0:0:0:0:0:0:0:1]| unknown| GET| /internal/extendSession| 200 
2023-12-18 11:36:01,791| pingFederateAdmin| Bearer| [0:0:0:0:0:0:0:1]| unknown| GET| /internal/internalDbWarnings| 200 
2023-12-18 11:36:01,791| pingFederateAdmin| Bearer| [0:0:0:0:0:0:0:1]| unknown| GET| /internal/replicationInfo| 200 
2023-12-18 11:36:01,792| pingFederateAdmin| Bearer| [0:0:0:0:0:0:0:1]| unknown| GET| /internal/notifications| 200 
2023-12-18 11:36:03,139| pingFederateAdmin| Bearer| [0:0:0:0:0:0:0:1]| unknown| GET| /internal/internalDbWarnings| 200 
2023-12-18 11:36:03,140| pingFederateAdmin| Bearer| [0:0:0:0:0:0:0:1]| unknown| GET| /internal/replicationInfo| 200 
2023-12-18 11:36:03,141| pingFederateAdmin| Bearer| [0:0:0:0:0:0:0:1]| unknown| GET| /internal/notifications| 200 
2023-12-18 11:36:03,147| pingFederateAdmin| Bearer| [0:0:0:0:0:0:0:1]| unknown| GET| /internal/internalDbWarnings| 200 
2023-12-18 11:36:03,148| pingFederateAdmin| Bearer| [0:0:0:0:0:0:0:1]| unknown| GET| /internal/replicationInfo| 200 
2023-12-18 11:36:03,150| pingFederateAdmin| Bearer| [0:0:0:0:0:0:0:1]| unknown| GET| /internal/notifications| 200 
2023-12-18 11:36:03,159| pingFederateAdmin| Bearer| [0:0:0:0:0:0:0:1]| unknown| GET| /internal/internalDbWarnings| 200 
2023-12-18 11:36:03,159| pingFederateAdmin| Bearer| [0:0:0:0:0:0:0:1]| unknown| GET| /internal/replicationInfo| 200 
2023-12-18 11:36:03,161| pingFederateAdmin| Bearer| [0:0:0:0:0:0:0:1]| unknown| GET| /internal/notifications| 200 
2023-12-18 11:36:03,164| pingFederateAdmin| Bearer| [0:0:0:0:0:0:0:1]| unknown| GET| /internal/internalDbWarnings| 200 
2023-12-18 11:36:03,165| pingFederateAdmin| Bearer| [0:0:0:0:0:0:0:1]| unknown| GET| /internal/replicationInfo| 200 
2023-12-18 11:36:03,168| pingFederateAdmin| Bearer| [0:0:0:0:0:0:0:1]| unknown| GET| /internal/notifications| 200 
2023-12-18 11:36:03,177| pingFederateAdmin| Bearer| [0:0:0:0:0:0:0:1]| unknown| GET| /internal/internalDbWarnings| 200 
2023-12-18 11:36:03,178| pingFederateAdmin| Bearer| [0:0:0:0:0:0:0:1]| unknown| GET| /internal/notifications| 200 
2023-12-18 11:36:03,178| pingFederateAdmin| Bearer| [0:0:0:0:0:0:0:1]| unknown| GET| /internal/replicationInfo| 200 
2023-12-18 11:36:03,189| pingFederateAdmin| Bearer| [0:0:0:0:0:0:0:1]| unknown| GET| /internal/replicationInfo| 200 
2023-12-18 11:36:03,189| pingFederateAdmin| Bearer| [0:0:0:0:0:0:0:1]| unknown| GET| /internal/internalDbWarnings| 200 
2023-12-18 11:36:03,194| pingFederateAdmin| Bearer| [0:0:0:0:0:0:0:1]| unknown| GET| /internal/notifications| 200 
2023-12-18 11:36:03,197| pingFederateAdmin| Bearer| [0:0:0:0:0:0:0:1]| unknown| GET| /internal/replicationInfo| 200 
2023-12-18 11:36:03,198| pingFederateAdmin| Bearer| [0:0:0:0:0:0:0:1]| unknown| GET| /internal/internalDbWarnings| 200 
2023-12-18 11:36:03,201| pingFederateAdmin| Bearer| [0:0:0:0:0:0:0:1]| unknown| GET| /internal/notifications| 200 
2023-12-18 11:36:05,030| pingFederateAdmin| Bearer| [0:0:0:0:0:0:0:1]| unknown| GET| /internal/notifications| 200 
2023-12-18 11:36:05,032| pingFederateAdmin| Bearer| [0:0:0:0:0:0:0:1]| unknown| GET| /internal/replicationInfo| 200 
2023-12-18 11:36:05,033| pingFederateAdmin| Bearer| [0:0:0:0:0:0:0:1]| unknown| GET| /internal/notifications| 200 
2023-12-18 11:36:05,052| pingFederateAdmin| Bearer| [0:0:0:0:0:0:0:1]| unknown| GET| /internal/internalDbWarnings| 200 
2023-12-18 11:36:05,052| pingFederateAdmin| Bearer| [0:0:0:0:0:0:0:1]| unknown| GET| /internal/replicationInfo| 200 
2023-12-18 11:36:05,053| pingFederateAdmin| Bearer| [0:0:0:0:0:0:0:1]| unknown| GET| /internal/notifications| 200 
2023-12-18 11:36:05,056| pingFederateAdmin| Bearer| [0:0:0:0:0:0:0:1]| unknown| GET| /internal/internalDbWarnings| 200 
2023-12-18 11:36:05,056| pingFederateAdmin| Bearer| [0:0:0:0:0:0:0:1]| unknown| GET| /internal/replicationInfo| 200 
2023-12-18 11:36:05,058| pingFederateAdmin| Bearer| [0:0:0:0:0:0:0:1]| unknown| GET| /internal/notifications| 200 
2023-12-18 11:36:05,058| pingFederateAdmin| Bearer| [0:0:0:0:0:0:0:1]| unknown| GET| /internal/internalDbWarnings| 200 
2023-12-18 11:36:05,064| pingFederateAdmin| Bearer| [0:0:0:0:0:0:0:1]| unknown| GET| /internal/internalDbWarnings| 200 
2023-12-18 11:36:05,064| pingFederateAdmin| Bearer| [0:0:0:0:0:0:0:1]| unknown| GET| /internal/replicationInfo| 200 
2023-12-18 11:36:05,065| pingFederateAdmin| Bearer| [0:0:0:0:0:0:0:1]| unknown| GET| /internal/notifications| 200 
2023-12-18 11:36:05,067| pingFederateAdmin| Bearer| [0:0:0:0:0:0:0:1]| unknown| GET| /internal/internalDbWarnings| 200 
2023-12-18 11:36:05,072| pingFederateAdmin| Bearer| [0:0:0:0:0:0:0:1]| unknown| GET| /internal/replicationInfo| 200 
2023-12-18 11:36:05,072| pingFederateAdmin| Bearer| [0:0:0:0:0:0:0:1]| unknown| GET| /internal/internalDbWarnings| 200 
2023-12-18 11:36:05,073| pingFederateAdmin| Bearer| [0:0:0:0:0:0:0:1]| unknown| GET| /internal/notifications| 200 
2023-12-18 11:36:05,075| pingFederateAdmin| Bearer| [0:0:0:0:0:0:0:1]| unknown| GET| /internal/replicationInfo| 200 
2023-12-18 11:39:00,846| pingFederateAdmin| Bearer| [0:0:0:0:0:0:0:1]| unknown| GET| /internal/extendSession| 200 
2023-12-18 11:39:00,970| pingFederateAdmin| Bearer| [0:0:0:0:0:0:0:1]| unknown| GET| /internal/activeAdministrators| 200 
2023-12-18 11:39:00,971| pingFederateAdmin| Bearer| [0:0:0:0:0:0:0:1]| unknown| GET| /internal/licenseExpiryStatus| 200 
2023-12-18 11:39:00,981| pingFederateAdmin| Bearer| [0:0:0:0:0:0:0:1]| unknown| GET| /internal/activeAdministrators| 200 
2023-12-18 11:39:00,983| pingFederateAdmin| Bearer| [0:0:0:0:0:0:0:1]| unknown| GET| /internal/licenseExpiryStatus| 200 
2023-12-18 11:39:00,984| pingFederateAdmin| Bearer| [0:0:0:0:0:0:0:1]| unknown| GET| /internal/notifications| 200 
2023-12-18 11:39:00,992| pingFederateAdmin| Bearer| [0:0:0:0:0:0:0:1]| unknown| GET| /internal/internalDbWarnings| 200 
2023-12-18 11:39:01,000| pingFederateAdmin| Bearer| [0:0:0:0:0:0:0:1]| unknown| GET| /internal/uiSettings| 200 
2023-12-18 11:39:01,007| pingFederateAdmin| Bearer| [0:0:0:0:0:0:0:1]| unknown| GET| /internal/notifications| 200 
2023-12-18 11:39:01,007| pingFederateAdmin| Bearer| [0:0:0:0:0:0:0:1]| unknown| GET| /internal/internalDbWarnings| 200 
2023-12-18 11:39:01,005| pingFederateAdmin| Bearer| [0:0:0:0:0:0:0:1]| unknown| GET| /internal/replicationInfo| 200 
2023-12-18 11:39:01,025| pingFederateAdmin| Bearer| [0:0:0:0:0:0:0:1]| unknown| GET| /internal/replicationInfo| 200 
2023-12-18 11:39:01,833| pingFederateAdmin| Bearer| [0:0:0:0:0:0:0:1]| unknown| GET| /internal/extendSession| 200 
2023-12-18 11:39:01,953| pingFederateAdmin| Bearer| [0:0:0:0:0:0:0:1]| unknown| GET| /internal/internalDbWarnings| 200 
2023-12-18 11:39:01,956| pingFederateAdmin| Bearer| [0:0:0:0:0:0:0:1]| unknown| GET| /internal/notifications| 200 
2023-12-18 11:39:01,957| pingFederateAdmin| Bearer| [0:0:0:0:0:0:0:1]| unknown| GET| /internal/replicationInfo| 200 
2023-12-18 11:39:02,146| pingFederateAdmin| Bearer| [0:0:0:0:0:0:0:1]| unknown| GET| /internal/notifications| 200 
2023-12-18 11:39:02,164| pingFederateAdmin| Bearer| [0:0:0:0:0:0:0:1]| unknown| GET| /internal/internalDbWarnings| 200 
2023-12-18 11:39:02,165| pingFederateAdmin| Bearer| [0:0:0:0:0:0:0:1]| unknown| GET| /internal/replicationInfo| 200 
2023-12-18 11:39:02,166| pingFederateAdmin| Bearer| [0:0:0:0:0:0:0:1]| unknown| GET| /internal/notifications| 200 
2023-12-18 11:39:02,171| pingFederateAdmin| Bearer| [0:0:0:0:0:0:0:1]| unknown| GET| /internal/replicationInfo| 200 
2023-12-18 11:39:02,172| pingFederateAdmin| Bearer| [0:0:0:0:0:0:0:1]| unknown| GET| /internal/notifications| 200 
2023-12-18 11:39:02,173| pingFederateAdmin| Bearer| [0:0:0:0:0:0:0:1]| unknown| GET| /internal/internalDbWarnings| 200 
2023-12-18 11:39:02,182| pingFederateAdmin| Bearer| [0:0:0:0:0:0:0:1]| unknown| GET| /internal/replicationInfo| 200 
2023-12-18 11:39:02,182| pingFederateAdmin| Bearer| [0:0:0:0:0:0:0:1]| unknown| GET| /internal/internalDbWarnings| 200 
2023-12-18 11:39:02,182| pingFederateAdmin| Bearer| [0:0:0:0:0:0:0:1]| unknown| GET| /internal/notifications| 200 
2023-12-18 11:39:02,186| pingFederateAdmin| Bearer| [0:0:0:0:0:0:0:1]| unknown| GET| /internal/internalDbWarnings| 200 
2023-12-18 11:39:02,186| pingFederateAdmin| Bearer| [0:0:0:0:0:0:0:1]| unknown| GET| /internal/replicationInfo| 200 
2023-12-18 11:39:02,187| pingFederateAdmin| Bearer| [0:0:0:0:0:0:0:1]| unknown| GET| /internal/notifications| 200 
2023-12-18 11:39:02,189| pingFederateAdmin| Bearer| [0:0:0:0:0:0:0:1]| unknown| GET| /internal/internalDbWarnings| 200 
2023-12-18 11:39:02,189| pingFederateAdmin| Bearer| [0:0:0:0:0:0:0:1]| unknown| GET| /internal/replicationInfo| 200 
2023-12-18 11:39:02,204| pingFederateAdmin| Bearer| [0:0:0:0:0:0:0:1]| unknown| GET| /internal/replicationInfo| 200 
2023-12-18 11:39:02,204| pingFederateAdmin| Bearer| [0:0:0:0:0:0:0:1]| unknown| GET| /internal/internalDbWarnings| 200 
2023-12-18 11:39:02,205| pingFederateAdmin| Bearer| [0:0:0:0:0:0:0:1]| unknown| GET| /internal/notifications| 200 
2023-12-18 11:39:02,214| pingFederateAdmin| Bearer| [0:0:0:0:0:0:0:1]| unknown| GET| /internal/replicationInfo| 200 
2023-12-18 11:39:02,214| pingFederateAdmin| Bearer| [0:0:0:0:0:0:0:1]| unknown| GET| /internal/internalDbWarnings| 200 
2023-12-18 11:39:02,216| pingFederateAdmin| Bearer| [0:0:0:0:0:0:0:1]| unknown| GET| /internal/notifications| 200 
2023-12-18 11:39:02,218| pingFederateAdmin| Bearer| [0:0:0:0:0:0:0:1]| unknown| GET| /internal/internalDbWarnings| 200 
2023-12-18 11:39:02,218| pingFederateAdmin| Bearer| [0:0:0:0:0:0:0:1]| unknown| GET| /internal/replicationInfo| 200 
2023-12-18 11:39:02,226| pingFederateAdmin| Bearer| [0:0:0:0:0:0:0:1]| unknown| GET| /internal/notifications| 200 
2023-12-18 11:39:02,851| pingFederateAdmin| Bearer| [0:0:0:0:0:0:0:1]| unknown| GET| /internal/extendSession| 200 
2023-12-18 11:39:02,988| pingFederateAdmin| Bearer| [0:0:0:0:0:0:0:1]| unknown| GET| /internal/activeAdministrators| 200 
2023-12-18 11:39:02,988| pingFederateAdmin| Bearer| [0:0:0:0:0:0:0:1]| unknown| GET| /internal/licenseExpiryStatus| 200 
2023-12-18 11:39:02,997| pingFederateAdmin| Bearer| [0:0:0:0:0:0:0:1]| unknown| GET| /internal/uiSettings| 200 
2023-12-18 11:39:03,000| pingFederateAdmin| Bearer| [0:0:0:0:0:0:0:1]| unknown| GET| /internal/activeAdministrators| 200 
2023-12-18 11:39:03,000| pingFederateAdmin| Bearer| [0:0:0:0:0:0:0:1]| unknown| GET| /internal/licenseExpiryStatus| 200 
2023-12-18 11:39:03,004| pingFederateAdmin| Bearer| [0:0:0:0:0:0:0:1]| unknown| GET| /internal/notifications| 200 
2023-12-18 11:39:03,012| pingFederateAdmin| Bearer| [0:0:0:0:0:0:0:1]| unknown| GET| /internal/internalDbWarnings| 200 
2023-12-18 11:39:03,012| pingFederateAdmin| Bearer| [0:0:0:0:0:0:0:1]| unknown| GET| /internal/replicationInfo| 200 
2023-12-18 11:39:03,324| pingFederateAdmin| Bearer| [0:0:0:0:0:0:0:1]| unknown| GET| /internal/replicationInfo| 200 
2023-12-18 11:39:03,324| pingFederateAdmin| Bearer| [0:0:0:0:0:0:0:1]| unknown| GET| /internal/internalDbWarnings| 200 
2023-12-18 11:39:03,324| pingFederateAdmin| Bearer| [0:0:0:0:0:0:0:1]| unknown| GET| /internal/notifications| 200 
2023-12-18 11:39:03,348| pingFederateAdmin| Bearer| [0:0:0:0:0:0:0:1]| unknown| GET| /internal/internalDbWarnings| 200 
2023-12-18 11:39:03,348| pingFederateAdmin| Bearer| [0:0:0:0:0:0:0:1]| unknown| GET| /internal/replicationInfo| 200 
2023-12-18 11:39:03,349| pingFederateAdmin| Bearer| [0:0:0:0:0:0:0:1]| unknown| GET| /internal/notifications| 200 
2023-12-18 11:39:03,354| pingFederateAdmin| Bearer| [0:0:0:0:0:0:0:1]| unknown| GET| /internal/replicationInfo| 200 
2023-12-18 11:39:03,354| pingFederateAdmin| Bearer| [0:0:0:0:0:0:0:1]| unknown| GET| /internal/internalDbWarnings| 200 
2023-12-18 11:39:03,355| pingFederateAdmin| Bearer| [0:0:0:0:0:0:0:1]| unknown| GET| /internal/notifications| 200 
2023-12-18 11:39:03,357| pingFederateAdmin| Bearer| [0:0:0:0:0:0:0:1]| unknown| GET| /internal/internalDbWarnings| 200 
2023-12-18 11:39:03,357| pingFederateAdmin| Bearer| [0:0:0:0:0:0:0:1]| unknown| GET| /internal/replicationInfo| 200 
2023-12-18 11:39:03,367| pingFederateAdmin| Bearer| [0:0:0:0:0:0:0:1]| unknown| GET| /internal/notifications| 200 
2023-12-18 11:39:03,368| pingFederateAdmin| Bearer| [0:0:0:0:0:0:0:1]| unknown| GET| /internal/internalDbWarnings| 200 
2023-12-18 11:39:03,371| pingFederateAdmin| Bearer| [0:0:0:0:0:0:0:1]| unknown| GET| /internal/notifications| 200 
2023-12-18 11:39:03,371| pingFederateAdmin| Bearer| [0:0:0:0:0:0:0:1]| unknown| GET| /internal/internalDbWarnings| 200 
2023-12-18 11:39:03,368| pingFederateAdmin| Bearer| [0:0:0:0:0:0:0:1]| unknown| GET| /internal/replicationInfo| 200 
2023-12-18 11:39:03,379| pingFederateAdmin| Bearer| [0:0:0:0:0:0:0:1]| unknown| GET| /internal/replicationInfo| 200 
2023-12-18 11:39:03,379| pingFederateAdmin| Bearer| [0:0:0:0:0:0:0:1]| unknown| GET| /internal/internalDbWarnings| 200 
2023-12-18 11:39:03,380| pingFederateAdmin| Bearer| [0:0:0:0:0:0:0:1]| unknown| GET| /internal/notifications| 200 
2023-12-18 11:39:03,382| pingFederateAdmin| Bearer| [0:0:0:0:0:0:0:1]| unknown| GET| /internal/internalDbWarnings| 200 
2023-12-18 11:39:03,382| pingFederateAdmin| Bearer| [0:0:0:0:0:0:0:1]| unknown| GET| /internal/replicationInfo| 200 
2023-12-18 11:39:03,387| pingFederateAdmin| Bearer| [0:0:0:0:0:0:0:1]| unknown| GET| /internal/notifications| 200 
2023-12-18 11:39:03,389| pingFederateAdmin| Bearer| [0:0:0:0:0:0:0:1]| unknown| GET| /internal/internalDbWarnings| 200 
2023-12-18 11:39:03,389| pingFederateAdmin| Bearer| [0:0:0:0:0:0:0:1]| unknown| GET| /internal/replicationInfo| 200 
2023-12-18 11:39:03,390| pingFederateAdmin| Bearer| [0:0:0:0:0:0:0:1]| unknown| GET| /internal/notifications| 200 
2023-12-18 11:39:03,397| pingFederateAdmin| Bearer| [0:0:0:0:0:0:0:1]| unknown| GET| /internal/replicationInfo| 200 
2023-12-18 11:39:03,400| pingFederateAdmin| Bearer| [0:0:0:0:0:0:0:1]| unknown| GET| /internal/notifications| 200 
2023-12-18 11:39:07,611| pingFederateAdmin| Bearer| [0:0:0:0:0:0:0:1]| unknown| GET| /internal/notifications| 200 
2023-12-18 11:39:07,618| pingFederateAdmin| Bearer| [0:0:0:0:0:0:0:1]| unknown| GET| /internal/replicationInfo| 200 
2023-12-18 11:39:07,621| pingFederateAdmin| Bearer| [0:0:0:0:0:0:0:1]| unknown| GET| /internal/notifications| 200 
2023-12-18 11:39:07,623| pingFederateAdmin| Bearer| [0:0:0:0:0:0:0:1]| unknown| GET| /internal/internalDbWarnings| 200 
2023-12-18 11:39:07,624| pingFederateAdmin| Bearer| [0:0:0:0:0:0:0:1]| unknown| GET| /internal/replicationInfo| 200 
2023-12-18 11:39:07,629| pingFederateAdmin| Bearer| [0:0:0:0:0:0:0:1]| unknown| GET| /internal/notifications| 200 
2023-12-18 11:39:07,629| pingFederateAdmin| Bearer| [0:0:0:0:0:0:0:1]| unknown| GET| /internal/replicationInfo| 200 
2023-12-18 11:39:07,629| pingFederateAdmin| Bearer| [0:0:0:0:0:0:0:1]| unknown| GET| /internal/internalDbWarnings| 200 
2023-12-18 11:39:07,632| pingFederateAdmin| Bearer| [0:0:0:0:0:0:0:1]| unknown| GET| /internal/replicationInfo| 200 
2023-12-18 11:39:07,632| pingFederateAdmin| Bearer| [0:0:0:0:0:0:0:1]| unknown| GET| /internal/internalDbWarnings| 200 
2023-12-18 11:39:07,633| pingFederateAdmin| Bearer| [0:0:0:0:0:0:0:1]| unknown| GET| /internal/notifications| 200 
2023-12-18 11:39:07,637| pingFederateAdmin| Bearer| [0:0:0:0:0:0:0:1]| unknown| GET| /internal/replicationInfo| 200 
2023-12-18 11:39:07,637| pingFederateAdmin| Bearer| [0:0:0:0:0:0:0:1]| unknown| GET| /internal/internalDbWarnings| 200 
2023-12-18 11:39:07,638| pingFederateAdmin| Bearer| [0:0:0:0:0:0:0:1]| unknown| GET| /internal/notifications| 200 
2023-12-18 11:39:07,640| pingFederateAdmin| Bearer| [0:0:0:0:0:0:0:1]| unknown| GET| /internal/internalDbWarnings| 200 
2023-12-18 11:39:07,640| pingFederateAdmin| Bearer| [0:0:0:0:0:0:0:1]| unknown| GET| /internal/replicationInfo| 200 
2023-12-18 11:39:07,641| pingFederateAdmin| Bearer| [0:0:0:0:0:0:0:1]| unknown| GET| /internal/notifications| 200 
2023-12-18 11:39:07,653| pingFederateAdmin| Bearer| [0:0:0:0:0:0:0:1]| unknown| GET| /internal/notifications| 200 
2023-12-18 11:39:07,653| pingFederateAdmin| Bearer| [0:0:0:0:0:0:0:1]| unknown| GET| /internal/internalDbWarnings| 200 
2023-12-18 11:39:07,655| pingFederateAdmin| Bearer| [0:0:0:0:0:0:0:1]| unknown| GET| /internal/internalDbWarnings| 200 
2023-12-18 11:39:07,655| pingFederateAdmin| Bearer| [0:0:0:0:0:0:0:1]| unknown| GET| /internal/replicationInfo| 200 
2023-12-18 11:39:07,662| pingFederateAdmin| Bearer| [0:0:0:0:0:0:0:1]| unknown| GET| /internal/internalDbWarnings| 200 
2023-12-18 11:39:07,662| pingFederateAdmin| Bearer| [0:0:0:0:0:0:0:1]| unknown| GET| /internal/notifications| 200 
2023-12-18 11:39:07,665| pingFederateAdmin| Bearer| [0:0:0:0:0:0:0:1]| unknown| GET| /internal/replicationInfo| 200 
2023-12-18 11:39:09,329| pingFederateAdmin| Bearer| [0:0:0:0:0:0:0:1]| unknown| GET| /internal/internalDbWarnings| 200 
2023-12-18 11:39:09,330| pingFederateAdmin| Bearer| [0:0:0:0:0:0:0:1]| unknown| GET| /internal/notifications| 200 
2023-12-18 11:39:09,340| pingFederateAdmin| Bearer| [0:0:0:0:0:0:0:1]| unknown| GET| /internal/replicationInfo| 200 
2023-12-18 11:39:09,341| pingFederateAdmin| Bearer| [0:0:0:0:0:0:0:1]| unknown| GET| /internal/internalDbWarnings| 200 
2023-12-18 11:39:09,341| pingFederateAdmin| Bearer| [0:0:0:0:0:0:0:1]| unknown| GET| /internal/notifications| 200 
2023-12-18 11:39:09,349| pingFederateAdmin| Bearer| [0:0:0:0:0:0:0:1]| unknown| GET| /internal/internalDbWarnings| 200 
2023-12-18 11:39:09,350| pingFederateAdmin| Bearer| [0:0:0:0:0:0:0:1]| unknown| GET| /internal/replicationInfo| 200 
2023-12-18 11:39:09,351| pingFederateAdmin| Bearer| [0:0:0:0:0:0:0:1]| unknown| GET| /internal/notifications| 200 
2023-12-18 11:39:09,362| pingFederateAdmin| Bearer| [0:0:0:0:0:0:0:1]| unknown| GET| /internal/replicationInfo| 200 
2023-12-18 11:39:09,363| pingFederateAdmin| Bearer| [0:0:0:0:0:0:0:1]| unknown| GET| /internal/notifications| 200 
2023-12-18 11:39:09,363| pingFederateAdmin| Bearer| [0:0:0:0:0:0:0:1]| unknown| GET| /internal/internalDbWarnings| 200 
2023-12-18 11:39:09,371| pingFederateAdmin| Bearer| [0:0:0:0:0:0:0:1]| unknown| GET| /internal/replicationInfo| 200 
2023-12-18 11:39:09,373| pingFederateAdmin| Bearer| [0:0:0:0:0:0:0:1]| unknown| GET| /internal/notifications| 200 
2023-12-18 11:39:09,373| pingFederateAdmin| Bearer| [0:0:0:0:0:0:0:1]| unknown| GET| /internal/internalDbWarnings| 200 
2023-12-18 11:39:09,388| pingFederateAdmin| Bearer| [0:0:0:0:0:0:0:1]| unknown| GET| /internal/replicationInfo| 200 
2023-12-18 11:39:09,389| pingFederateAdmin| Bearer| [0:0:0:0:0:0:0:1]| unknown| GET| /internal/notifications| 200 
2023-12-18 11:39:09,390| pingFederateAdmin| Bearer| [0:0:0:0:0:0:0:1]| unknown| GET| /internal/internalDbWarnings| 200 
2023-12-18 11:39:09,404| pingFederateAdmin| Bearer| [0:0:0:0:0:0:0:1]| unknown| GET| /internal/replicationInfo| 200 
2023-12-18 11:39:09,405| pingFederateAdmin| Bearer| [0:0:0:0:0:0:0:1]| unknown| GET| /internal/internalDbWarnings| 200 
2023-12-18 11:39:09,409| pingFederateAdmin| Bearer| [0:0:0:0:0:0:0:1]| unknown| GET| /internal/notifications| 200 
2023-12-18 11:39:09,412| pingFederateAdmin| Bearer| [0:0:0:0:0:0:0:1]| unknown| GET| /internal/replicationInfo| 200 
2023-12-18 11:39:09,413| pingFederateAdmin| Bearer| [0:0:0:0:0:0:0:1]| unknown| GET| /internal/internalDbWarnings| 200 
2023-12-18 11:39:09,415| pingFederateAdmin| Bearer| [0:0:0:0:0:0:0:1]| unknown| GET| /internal/notifications| 200 
2023-12-18 11:39:09,428| pingFederateAdmin| Bearer| [0:0:0:0:0:0:0:1]| unknown| GET| /internal/replicationInfo| 200 
2023-12-18 11:39:15,587| pingFederateAdmin| Bearer| [0:0:0:0:0:0:0:1]| unknown| GET| /internal/notifications| 200 
2023-12-18 11:39:15,609| pingFederateAdmin| Bearer| [0:0:0:0:0:0:0:1]| unknown| GET| /internal/replicationInfo| 200 
2023-12-18 11:39:15,611| pingFederateAdmin| Bearer| [0:0:0:0:0:0:0:1]| unknown| GET| /internal/replicationInfo| 200 
2023-12-18 11:39:15,626| pingFederateAdmin| Bearer| [0:0:0:0:0:0:0:1]| unknown| GET| /internal/internalDbWarnings| 200 
2023-12-18 11:39:15,630| pingFederateAdmin| Bearer| [0:0:0:0:0:0:0:1]| unknown| GET| /internal/replicationInfo| 200 
2023-12-18 11:39:15,636| pingFederateAdmin| Bearer| [0:0:0:0:0:0:0:1]| unknown| GET| /internal/notifications| 200 
2023-12-18 11:39:15,641| pingFederateAdmin| Bearer| [0:0:0:0:0:0:0:1]| unknown| GET| /internal/internalDbWarnings| 200 
2023-12-18 11:39:15,643| pingFederateAdmin| Bearer| [0:0:0:0:0:0:0:1]| unknown| GET| /internal/notifications| 200 
2023-12-18 11:39:15,644| pingFederateAdmin| Bearer| [0:0:0:0:0:0:0:1]| unknown| GET| /internal/replicationInfo| 200 
2023-12-18 11:39:15,649| pingFederateAdmin| Bearer| [0:0:0:0:0:0:0:1]| unknown| GET| /internal/internalDbWarnings| 200 
2023-12-18 11:39:15,649| pingFederateAdmin| Bearer| [0:0:0:0:0:0:0:1]| unknown| GET| /internal/replicationInfo| 200 
2023-12-18 11:39:15,650| pingFederateAdmin| Bearer| [0:0:0:0:0:0:0:1]| unknown| GET| /internal/notifications| 200 
2023-12-18 11:39:15,659| pingFederateAdmin| Bearer| [0:0:0:0:0:0:0:1]| unknown| GET| /internal/replicationInfo| 200 
2023-12-18 11:39:15,660| pingFederateAdmin| Bearer| [0:0:0:0:0:0:0:1]| unknown| GET| /internal/internalDbWarnings| 200 
2023-12-18 11:39:15,662| pingFederateAdmin| Bearer| [0:0:0:0:0:0:0:1]| unknown| GET| /internal/notifications| 200 
2023-12-18 11:39:15,664| pingFederateAdmin| Bearer| [0:0:0:0:0:0:0:1]| unknown| GET| /internal/replicationInfo| 200 
2023-12-18 11:39:15,667| pingFederateAdmin| Bearer| [0:0:0:0:0:0:0:1]| unknown| GET| /internal/internalDbWarnings| 200 
2023-12-18 11:39:15,668| pingFederateAdmin| Bearer| [0:0:0:0:0:0:0:1]| unknown| GET| /internal/notifications| 200 
2023-12-18 11:39:15,676| pingFederateAdmin| Bearer| [0:0:0:0:0:0:0:1]| unknown| GET| /internal/replicationInfo| 200 
2023-12-18 11:39:15,683| pingFederateAdmin| Bearer| [0:0:0:0:0:0:0:1]| unknown| GET| /internal/internalDbWarnings| 200 
2023-12-18 11:39:15,684| pingFederateAdmin| Bearer| [0:0:0:0:0:0:0:1]| unknown| GET| /internal/notifications| 200 
2023-12-18 11:39:15,695| pingFederateAdmin| Bearer| [0:0:0:0:0:0:0:1]| unknown| GET| /internal/internalDbWarnings| 200 
2023-12-18 11:39:15,696| pingFederateAdmin| Bearer| [0:0:0:0:0:0:0:1]| unknown| GET| /internal/notifications| 200 
2023-12-18 11:39:15,699| pingFederateAdmin| Bearer| [0:0:0:0:0:0:0:1]| unknown| GET| /internal/internalDbWarnings| 200 
2023-12-18 11:39:28,159| pingFederateAdmin| Bearer| [0:0:0:0:0:0:0:1]| unknown| GET| /internal/notifications| 200 
2023-12-18 11:39:28,168| pingFederateAdmin| Bearer| [0:0:0:0:0:0:0:1]| unknown| GET| /internal/replicationInfo| 200 
2023-12-18 11:39:28,196| pingFederateAdmin| Bearer| [0:0:0:0:0:0:0:1]| unknown| GET| /internal/internalDbWarnings| 200 
2023-12-18 11:39:28,199| pingFederateAdmin| Bearer| [0:0:0:0:0:0:0:1]| unknown| GET| /internal/notifications| 200 
2023-12-18 11:39:28,199| pingFederateAdmin| Bearer| [0:0:0:0:0:0:0:1]| unknown| GET| /internal/internalDbWarnings| 200 
2023-12-18 11:39:28,199| pingFederateAdmin| Bearer| [0:0:0:0:0:0:0:1]| unknown| GET| /internal/replicationInfo| 200 
2023-12-18 11:39:28,203| pingFederateAdmin| Bearer| [0:0:0:0:0:0:0:1]| unknown| GET| /internal/internalDbWarnings| 200 
2023-12-18 11:39:28,209| pingFederateAdmin| Bearer| [0:0:0:0:0:0:0:1]| unknown| GET| /internal/replicationInfo| 200 
2023-12-18 11:39:28,209| pingFederateAdmin| Bearer| [0:0:0:0:0:0:0:1]| unknown| GET| /internal/notifications| 200 
2023-12-18 11:39:28,213| pingFederateAdmin| Bearer| [0:0:0:0:0:0:0:1]| unknown| GET| /internal/internalDbWarnings| 200 
2023-12-18 11:39:28,218| pingFederateAdmin| Bearer| [0:0:0:0:0:0:0:1]| unknown| GET| /internal/notifications| 200 
2023-12-18 11:39:28,221| pingFederateAdmin| Bearer| [0:0:0:0:0:0:0:1]| unknown| GET| /internal/replicationInfo| 200 
2023-12-18 11:39:28,223| pingFederateAdmin| Bearer| [0:0:0:0:0:0:0:1]| unknown| GET| /internal/notifications| 200 
2023-12-18 11:39:28,224| pingFederateAdmin| Bearer| [0:0:0:0:0:0:0:1]| unknown| GET| /internal/internalDbWarnings| 200 
2023-12-18 11:39:28,233| pingFederateAdmin| Bearer| [0:0:0:0:0:0:0:1]| unknown| GET| /internal/internalDbWarnings| 200 
2023-12-18 11:39:28,233| pingFederateAdmin| Bearer| [0:0:0:0:0:0:0:1]| unknown| GET| /internal/replicationInfo| 200 
2023-12-18 11:39:28,235| pingFederateAdmin| Bearer| [0:0:0:0:0:0:0:1]| unknown| GET| /internal/notifications| 200 
2023-12-18 11:39:28,238| pingFederateAdmin| Bearer| [0:0:0:0:0:0:0:1]| unknown| GET| /internal/replicationInfo| 200 
2023-12-18 11:39:28,238| pingFederateAdmin| Bearer| [0:0:0:0:0:0:0:1]| unknown| GET| /internal/internalDbWarnings| 200 
2023-12-18 11:39:28,245| pingFederateAdmin| Bearer| [0:0:0:0:0:0:0:1]| unknown| GET| /internal/notifications| 200 
2023-12-18 11:39:28,252| pingFederateAdmin| Bearer| [0:0:0:0:0:0:0:1]| unknown| GET| /internal/replicationInfo| 200 
2023-12-18 11:39:28,255| pingFederateAdmin| Bearer| [0:0:0:0:0:0:0:1]| unknown| GET| /internal/internalDbWarnings| 200 
2023-12-18 11:39:28,255| pingFederateAdmin| Bearer| [0:0:0:0:0:0:0:1]| unknown| GET| /internal/replicationInfo| 200 
2023-12-18 11:39:28,256| pingFederateAdmin| Bearer| [0:0:0:0:0:0:0:1]| unknown| GET| /internal/notifications| 200 
2023-12-18 11:39:50,087| pingFederateAdmin| Bearer| [0:0:0:0:0:0:0:1]| unknown| GET| /internal/notifications| 200 
2023-12-18 11:39:50,119| pingFederateAdmin| Bearer| [0:0:0:0:0:0:0:1]| unknown| GET| /internal/internalDbWarnings| 200 
2023-12-18 11:39:50,120| pingFederateAdmin| Bearer| [0:0:0:0:0:0:0:1]| unknown| GET| /internal/replicationInfo| 200 
2023-12-18 11:39:50,124| pingFederateAdmin| Bearer| [0:0:0:0:0:0:0:1]| unknown| GET| /internal/replicationInfo| 200 
2023-12-18 11:39:50,127| pingFederateAdmin| Bearer| [0:0:0:0:0:0:0:1]| unknown| GET| /internal/internalDbWarnings| 200 
2023-12-18 11:39:50,125| pingFederateAdmin| Bearer| [0:0:0:0:0:0:0:1]| unknown| GET| /internal/notifications| 200 
2023-12-18 11:39:50,148| pingFederateAdmin| Bearer| [0:0:0:0:0:0:0:1]| unknown| GET| /internal/internalDbWarnings| 200 
2023-12-18 11:39:50,148| pingFederateAdmin| Bearer| [0:0:0:0:0:0:0:1]| unknown| GET| /internal/notifications| 200 
2023-12-18 11:39:50,149| pingFederateAdmin| Bearer| [0:0:0:0:0:0:0:1]| unknown| GET| /internal/replicationInfo| 200 
2023-12-18 11:39:50,161| pingFederateAdmin| Bearer| [0:0:0:0:0:0:0:1]| unknown| GET| /internal/replicationInfo| 200 
2023-12-18 11:39:50,162| pingFederateAdmin| Bearer| [0:0:0:0:0:0:0:1]| unknown| GET| /internal/internalDbWarnings| 200 
2023-12-18 11:39:50,162| pingFederateAdmin| Bearer| [0:0:0:0:0:0:0:1]| unknown| GET| /internal/notifications| 200 
2023-12-18 11:39:50,188| pingFederateAdmin| Bearer| [0:0:0:0:0:0:0:1]| unknown| GET| /internal/replicationInfo| 200 
2023-12-18 11:39:50,192| pingFederateAdmin| Bearer| [0:0:0:0:0:0:0:1]| unknown| GET| /internal/notifications| 200 
2023-12-18 11:39:50,195| pingFederateAdmin| Bearer| [0:0:0:0:0:0:0:1]| unknown| GET| /internal/internalDbWarnings| 200 
2023-12-18 11:39:50,210| pingFederateAdmin| Bearer| [0:0:0:0:0:0:0:1]| unknown| GET| /internal/replicationInfo| 200 
2023-12-18 11:39:50,212| pingFederateAdmin| Bearer| [0:0:0:0:0:0:0:1]| unknown| GET| /internal/internalDbWarnings| 200 
2023-12-18 11:39:50,212| pingFederateAdmin| Bearer| [0:0:0:0:0:0:0:1]| unknown| GET| /internal/notifications| 200 
2023-12-18 11:39:50,234| pingFederateAdmin| Bearer| [0:0:0:0:0:0:0:1]| unknown| GET| /internal/internalDbWarnings| 200 
2023-12-18 11:39:50,235| pingFederateAdmin| Bearer| [0:0:0:0:0:0:0:1]| unknown| GET| /internal/replicationInfo| 200 
2023-12-18 11:39:50,237| pingFederateAdmin| Bearer| [0:0:0:0:0:0:0:1]| unknown| GET| /internal/notifications| 200 
2023-12-18 11:39:50,240| pingFederateAdmin| Bearer| [0:0:0:0:0:0:0:1]| unknown| GET| /internal/internalDbWarnings| 200 
2023-12-18 11:39:50,243| pingFederateAdmin| Bearer| [0:0:0:0:0:0:0:1]| unknown| GET| /internal/replicationInfo| 200 
2023-12-18 11:39:50,245| pingFederateAdmin| Bearer| [0:0:0:0:0:0:0:1]| unknown| GET| /internal/notifications| 200 
2023-12-18 11:39:52,176| pingFederateAdmin| Bearer| [0:0:0:0:0:0:0:1]| unknown| GET| /internal/replicationInfo| 200 
2023-12-18 11:39:52,178| pingFederateAdmin| Bearer| [0:0:0:0:0:0:0:1]| unknown| GET| /internal/notifications| 200 
2023-12-18 11:39:52,180| pingFederateAdmin| Bearer| [0:0:0:0:0:0:0:1]| unknown| GET| /internal/internalDbWarnings| 200 
2023-12-18 11:39:52,186| pingFederateAdmin| Bearer| [0:0:0:0:0:0:0:1]| unknown| GET| /internal/replicationInfo| 200 
2023-12-18 11:39:52,187| pingFederateAdmin| Bearer| [0:0:0:0:0:0:0:1]| unknown| GET| /internal/internalDbWarnings| 200 
2023-12-18 11:39:52,187| pingFederateAdmin| Bearer| [0:0:0:0:0:0:0:1]| unknown| GET| /internal/notifications| 200 
2023-12-18 11:39:52,194| pingFederateAdmin| Bearer| [0:0:0:0:0:0:0:1]| unknown| GET| /internal/internalDbWarnings| 200 
2023-12-18 11:39:52,194| pingFederateAdmin| Bearer| [0:0:0:0:0:0:0:1]| unknown| GET| /internal/replicationInfo| 200 
2023-12-18 11:39:52,195| pingFederateAdmin| Bearer| [0:0:0:0:0:0:0:1]| unknown| GET| /internal/notifications| 200 
2023-12-18 11:39:52,198| pingFederateAdmin| Bearer| [0:0:0:0:0:0:0:1]| unknown| GET| /internal/replicationInfo| 200 
2023-12-18 11:39:52,198| pingFederateAdmin| Bearer| [0:0:0:0:0:0:0:1]| unknown| GET| /internal/internalDbWarnings| 200 
2023-12-18 11:39:52,200| pingFederateAdmin| Bearer| [0:0:0:0:0:0:0:1]| unknown| GET| /internal/notifications| 200 
2023-12-18 11:39:52,206| pingFederateAdmin| Bearer| [0:0:0:0:0:0:0:1]| unknown| GET| /internal/internalDbWarnings| 200 
2023-12-18 11:39:52,206| pingFederateAdmin| Bearer| [0:0:0:0:0:0:0:1]| unknown| GET| /internal/replicationInfo| 200 
2023-12-18 11:39:52,207| pingFederateAdmin| Bearer| [0:0:0:0:0:0:0:1]| unknown| GET| /internal/notifications| 200 
2023-12-18 11:39:52,210| pingFederateAdmin| Bearer| [0:0:0:0:0:0:0:1]| unknown| GET| /internal/replicationInfo| 200 
2023-12-18 11:39:52,210| pingFederateAdmin| Bearer| [0:0:0:0:0:0:0:1]| unknown| GET| /internal/internalDbWarnings| 200 
2023-12-18 11:39:52,212| pingFederateAdmin| Bearer| [0:0:0:0:0:0:0:1]| unknown| GET| /internal/notifications| 200 
2023-12-18 11:39:52,217| pingFederateAdmin| Bearer| [0:0:0:0:0:0:0:1]| unknown| GET| /internal/replicationInfo| 200 
2023-12-18 11:39:52,217| pingFederateAdmin| Bearer| [0:0:0:0:0:0:0:1]| unknown| GET| /internal/internalDbWarnings| 200 
2023-12-18 11:39:52,218| pingFederateAdmin| Bearer| [0:0:0:0:0:0:0:1]| unknown| GET| /internal/notifications| 200 
2023-12-18 11:39:52,224| pingFederateAdmin| Bearer| [0:0:0:0:0:0:0:1]| unknown| GET| /internal/internalDbWarnings| 200 
2023-12-18 11:39:52,224| pingFederateAdmin| Bearer| [0:0:0:0:0:0:0:1]| unknown| GET| /internal/replicationInfo| 200 
2023-12-18 11:39:52,225| pingFederateAdmin| Bearer| [0:0:0:0:0:0:0:1]| unknown| GET| /internal/notifications| 200 
2023-12-18 11:39:53,803| pingFederateAdmin| Bearer| [0:0:0:0:0:0:0:1]| unknown| GET| /internal/notifications| 200 
2023-12-18 11:39:53,822| pingFederateAdmin| Bearer| [0:0:0:0:0:0:0:1]| unknown| GET| /internal/replicationInfo| 200 
2023-12-18 11:39:53,824| pingFederateAdmin| Bearer| [0:0:0:0:0:0:0:1]| unknown| GET| /internal/internalDbWarnings| 200 
2023-12-18 11:39:53,824| pingFederateAdmin| Bearer| [0:0:0:0:0:0:0:1]| unknown| GET| /internal/replicationInfo| 200 
2023-12-18 11:39:53,825| pingFederateAdmin| Bearer| [0:0:0:0:0:0:0:1]| unknown| GET| /internal/notifications| 200 
2023-12-18 11:39:53,829| pingFederateAdmin| Bearer| [0:0:0:0:0:0:0:1]| unknown| GET| /internal/replicationInfo| 200 
2023-12-18 11:39:53,829| pingFederateAdmin| Bearer| [0:0:0:0:0:0:0:1]| unknown| GET| /internal/internalDbWarnings| 200 
2023-12-18 11:39:53,830| pingFederateAdmin| Bearer| [0:0:0:0:0:0:0:1]| unknown| GET| /internal/notifications| 200 
2023-12-18 11:39:53,835| pingFederateAdmin| Bearer| [0:0:0:0:0:0:0:1]| unknown| GET| /internal/internalDbWarnings| 200 
2023-12-18 11:39:53,835| pingFederateAdmin| Bearer| [0:0:0:0:0:0:0:1]| unknown| GET| /internal/notifications| 200 
2023-12-18 11:39:53,837| pingFederateAdmin| Bearer| [0:0:0:0:0:0:0:1]| unknown| GET| /internal/internalDbWarnings| 200 
2023-12-18 11:39:53,862| pingFederateAdmin| Bearer| [0:0:0:0:0:0:0:1]| unknown| GET| /internal/internalDbWarnings| 200 
2023-12-18 11:39:53,862| pingFederateAdmin| Bearer| [0:0:0:0:0:0:0:1]| unknown| GET| /internal/replicationInfo| 200 
2023-12-18 11:39:53,863| pingFederateAdmin| Bearer| [0:0:0:0:0:0:0:1]| unknown| GET| /internal/notifications| 200 
2023-12-18 11:39:53,865| pingFederateAdmin| Bearer| [0:0:0:0:0:0:0:1]| unknown| GET| /internal/internalDbWarnings| 200 
2023-12-18 11:39:53,865| pingFederateAdmin| Bearer| [0:0:0:0:0:0:0:1]| unknown| GET| /internal/replicationInfo| 200 
2023-12-18 11:39:53,870| pingFederateAdmin| Bearer| [0:0:0:0:0:0:0:1]| unknown| GET| /internal/notifications| 200 
2023-12-18 11:39:53,871| pingFederateAdmin| Bearer| [0:0:0:0:0:0:0:1]| unknown| GET| /internal/replicationInfo| 200 
2023-12-18 11:39:53,871| pingFederateAdmin| Bearer| [0:0:0:0:0:0:0:1]| unknown| GET| /internal/internalDbWarnings| 200 
2023-12-18 11:39:53,872| pingFederateAdmin| Bearer| [0:0:0:0:0:0:0:1]| unknown| GET| /internal/notifications| 200 
2023-12-18 11:39:53,875| pingFederateAdmin| Bearer| [0:0:0:0:0:0:0:1]| unknown| GET| /internal/replicationInfo| 200 
2023-12-18 11:39:53,875| pingFederateAdmin| Bearer| [0:0:0:0:0:0:0:1]| unknown| GET| /internal/internalDbWarnings| 200 
2023-12-18 11:39:53,879| pingFederateAdmin| Bearer| [0:0:0:0:0:0:0:1]| unknown| GET| /internal/notifications| 200 
2023-12-18 11:39:53,879| pingFederateAdmin| Bearer| [0:0:0:0:0:0:0:1]| unknown| GET| /internal/replicationInfo| 200 
2023-12-18 11:40:10,261| pingFederateAdmin| Bearer| [0:0:0:0:0:0:0:1]| unknown| GET| /internal/notifications| 200 
2023-12-18 11:40:10,283| pingFederateAdmin| Bearer| [0:0:0:0:0:0:0:1]| unknown| GET| /internal/replicationInfo| 200 
2023-12-18 11:40:10,284| pingFederateAdmin| Bearer| [0:0:0:0:0:0:0:1]| unknown| GET| /internal/notifications| 200 
2023-12-18 11:40:10,284| pingFederateAdmin| Bearer| [0:0:0:0:0:0:0:1]| unknown| GET| /internal/internalDbWarnings| 200 
2023-12-18 11:40:10,288| pingFederateAdmin| Bearer| [0:0:0:0:0:0:0:1]| unknown| GET| /internal/replicationInfo| 200 
2023-12-18 11:40:10,288| pingFederateAdmin| Bearer| [0:0:0:0:0:0:0:1]| unknown| GET| /internal/internalDbWarnings| 200 
2023-12-18 11:40:10,290| pingFederateAdmin| Bearer| [0:0:0:0:0:0:0:1]| unknown| GET| /internal/notifications| 200 
2023-12-18 11:40:10,305| pingFederateAdmin| Bearer| [0:0:0:0:0:0:0:1]| unknown| GET| /internal/replicationInfo| 200 
2023-12-18 11:40:10,306| pingFederateAdmin| Bearer| [0:0:0:0:0:0:0:1]| unknown| GET| /internal/internalDbWarnings| 200 
2023-12-18 11:40:10,306| pingFederateAdmin| Bearer| [0:0:0:0:0:0:0:1]| unknown| GET| /internal/notifications| 200 
2023-12-18 11:40:10,311| pingFederateAdmin| Bearer| [0:0:0:0:0:0:0:1]| unknown| GET| /internal/internalDbWarnings| 200 
2023-12-18 11:40:10,323| pingFederateAdmin| Bearer| [0:0:0:0:0:0:0:1]| unknown| GET| /internal/internalDbWarnings| 200 
2023-12-18 11:40:10,323| pingFederateAdmin| Bearer| [0:0:0:0:0:0:0:1]| unknown| GET| /internal/notifications| 200 
2023-12-18 11:40:10,324| pingFederateAdmin| Bearer| [0:0:0:0:0:0:0:1]| unknown| GET| /internal/replicationInfo| 200 
2023-12-18 11:40:10,330| pingFederateAdmin| Bearer| [0:0:0:0:0:0:0:1]| unknown| GET| /internal/internalDbWarnings| 200 
2023-12-18 11:40:10,330| pingFederateAdmin| Bearer| [0:0:0:0:0:0:0:1]| unknown| GET| /internal/replicationInfo| 200 
2023-12-18 11:40:10,331| pingFederateAdmin| Bearer| [0:0:0:0:0:0:0:1]| unknown| GET| /internal/notifications| 200 
2023-12-18 11:40:10,342| pingFederateAdmin| Bearer| [0:0:0:0:0:0:0:1]| unknown| GET| /internal/replicationInfo| 200 
2023-12-18 11:40:10,342| pingFederateAdmin| Bearer| [0:0:0:0:0:0:0:1]| unknown| GET| /internal/internalDbWarnings| 200 
2023-12-18 11:40:10,343| pingFederateAdmin| Bearer| [0:0:0:0:0:0:0:1]| unknown| GET| /internal/notifications| 200 
2023-12-18 11:40:10,353| pingFederateAdmin| Bearer| [0:0:0:0:0:0:0:1]| unknown| GET| /internal/internalDbWarnings| 200 
2023-12-18 11:40:10,353| pingFederateAdmin| Bearer| [0:0:0:0:0:0:0:1]| unknown| GET| /internal/replicationInfo| 200 
2023-12-18 11:40:10,357| pingFederateAdmin| Bearer| [0:0:0:0:0:0:0:1]| unknown| GET| /internal/notifications| 200 
2023-12-18 11:40:10,360| pingFederateAdmin| Bearer| [0:0:0:0:0:0:0:1]| unknown| GET| /internal/replicationInfo| 200 
2023-12-18 11:40:20,905| pingFederateAdmin| Bearer| [0:0:0:0:0:0:0:1]| unknown| GET| /internal/extendSession| 200 
2023-12-18 11:40:21,039| pingFederateAdmin| Bearer| [0:0:0:0:0:0:0:1]| unknown| GET| /internal/activeAdministrators| 200 
2023-12-18 11:40:21,040| pingFederateAdmin| Bearer| [0:0:0:0:0:0:0:1]| unknown| GET| /internal/notifications| 200 
2023-12-18 11:40:21,042| pingFederateAdmin| Bearer| [0:0:0:0:0:0:0:1]| unknown| GET| /internal/licenseExpiryStatus| 200 
2023-12-18 11:40:21,057| pingFederateAdmin| Bearer| [0:0:0:0:0:0:0:1]| unknown| GET| /internal/activeAdministrators| 200 
2023-12-18 11:40:21,073| pingFederateAdmin| Bearer| [0:0:0:0:0:0:0:1]| unknown| GET| /internal/internalDbWarnings| 200 
2023-12-18 11:40:21,073| pingFederateAdmin| Bearer| [0:0:0:0:0:0:0:1]| unknown| GET| /internal/replicationInfo| 200 
2023-12-18 11:40:21,076| pingFederateAdmin| Bearer| [0:0:0:0:0:0:0:1]| unknown| GET| /internal/licenseExpiryStatus| 200 
2023-12-18 11:40:21,084| pingFederateAdmin| Bearer| [0:0:0:0:0:0:0:1]| unknown| GET| /internal/internalDbWarnings| 200 
2023-12-18 11:40:21,085| pingFederateAdmin| Bearer| [0:0:0:0:0:0:0:1]| unknown| GET| /internal/replicationInfo| 200 
2023-12-18 11:40:21,087| pingFederateAdmin| Bearer| [0:0:0:0:0:0:0:1]| unknown| GET| /internal/notifications| 200 
2023-12-18 11:40:21,088| pingFederateAdmin| Bearer| [0:0:0:0:0:0:0:1]| unknown| GET| /internal/uiSettings| 200 
2023-12-18 11:53:51,249| pingFederateAdmin| Bearer| [0:0:0:0:0:0:0:1]| unknown| GET| /internal/replicationInfo| 200 
2023-12-18 11:53:51,250| pingFederateAdmin| Bearer| [0:0:0:0:0:0:0:1]| unknown| GET| /internal/licenseExpiryStatus| 200 
2023-12-18 11:53:51,251| pingFederateAdmin| Bearer| [0:0:0:0:0:0:0:1]| unknown| GET| /internal/internalDbWarnings| 200 
2023-12-18 11:53:51,251| pingFederateAdmin| Bearer| [0:0:0:0:0:0:0:1]| unknown| GET| /internal/activeAdministrators| 200 
2023-12-18 11:53:51,265| pingFederateAdmin| Bearer| [0:0:0:0:0:0:0:1]| unknown| GET| /internal/uiSettings| 200 
2023-12-18 11:53:51,279| pingFederateAdmin| Bearer| [0:0:0:0:0:0:0:1]| unknown| GET| /internal/notifications| 200 
2023-12-18 11:53:51,353| pingFederateAdmin| Bearer| [0:0:0:0:0:0:0:1]| unknown| GET| /internal/user/shortcuts| 200 
2023-12-18 11:53:51,364| pingFederateAdmin| Bearer| [0:0:0:0:0:0:0:1]| unknown| GET| /internal/user/preferences/shortcuts| 200 
2023-12-18 11:53:51,380| pingFederateAdmin| Bearer| [0:0:0:0:0:0:0:1]| unknown| GET| /internal/nodes| 200 
2023-12-18 11:53:52,289| pingFederateAdmin| Bearer| [0:0:0:0:0:0:0:1]| unknown| GET| /internal/extendSession| 200 
2023-12-18 11:53:52,405| pingFederateAdmin| Bearer| [0:0:0:0:0:0:0:1]| unknown| GET| /internal/activeAdministrators| 200 
2023-12-18 11:53:52,408| pingFederateAdmin| Bearer| [0:0:0:0:0:0:0:1]| unknown| GET| /internal/licenseExpiryStatus| 200 
2023-12-18 11:53:52,416| pingFederateAdmin| Bearer| [0:0:0:0:0:0:0:1]| unknown| GET| /internal/notifications| 200 
2023-12-18 11:53:52,417| pingFederateAdmin| Bearer| [0:0:0:0:0:0:0:1]| unknown| GET| /internal/internalDbWarnings| 200 
2023-12-18 11:53:52,417| pingFederateAdmin| Bearer| [0:0:0:0:0:0:0:1]| unknown| GET| /internal/activeAdministrators| 200 
2023-12-18 11:53:52,420| pingFederateAdmin| Bearer| [0:0:0:0:0:0:0:1]| unknown| GET| /internal/replicationInfo| 200 
2023-12-18 11:53:52,421| pingFederateAdmin| Bearer| [0:0:0:0:0:0:0:1]| unknown| GET| /internal/licenseExpiryStatus| 200 
2023-12-18 11:53:52,427| pingFederateAdmin| Bearer| [0:0:0:0:0:0:0:1]| unknown| GET| /internal/notifications| 200 
2023-12-18 11:53:52,429| pingFederateAdmin| Bearer| [0:0:0:0:0:0:0:1]| unknown| GET| /internal/uiSettings| 200 
2023-12-18 11:53:52,432| pingFederateAdmin| Bearer| [0:0:0:0:0:0:0:1]| unknown| GET| /internal/internalDbWarnings| 200 
2023-12-18 11:53:52,433| pingFederateAdmin| Bearer| [0:0:0:0:0:0:0:1]| unknown| GET| /internal/replicationInfo| 200 
2023-12-18 11:53:53,063| pingFederateAdmin| Bearer| [0:0:0:0:0:0:0:1]| unknown| GET| /internal/extendSession| 200 
2023-12-18 11:53:53,152| pingFederateAdmin| Bearer| [0:0:0:0:0:0:0:1]| unknown| GET| /internal/internalDbWarnings| 200 
2023-12-18 11:53:53,152| pingFederateAdmin| Bearer| [0:0:0:0:0:0:0:1]| unknown| GET| /internal/replicationInfo| 200 
2023-12-18 11:53:53,153| pingFederateAdmin| Bearer| [0:0:0:0:0:0:0:1]| unknown| GET| /internal/notifications| 200 
2023-12-18 11:53:58,203| pingFederateAdmin| Bearer| [0:0:0:0:0:0:0:1]| unknown| GET| /internal/notifications| 200 
2023-12-18 11:53:58,213| pingFederateAdmin| Bearer| [0:0:0:0:0:0:0:1]| unknown| GET| /internal/internalDbWarnings| 200 
2023-12-18 11:53:58,215| pingFederateAdmin| Bearer| [0:0:0:0:0:0:0:1]| unknown| GET| /internal/replicationInfo| 200 
2023-12-18 11:53:58,216| pingFederateAdmin| Bearer| [0:0:0:0:0:0:0:1]| unknown| GET| /internal/internalDbWarnings| 200 
2023-12-18 11:53:58,216| pingFederateAdmin| Bearer| [0:0:0:0:0:0:0:1]| unknown| GET| /internal/notifications| 200 
2023-12-18 11:53:58,243| pingFederateAdmin| Bearer| [0:0:0:0:0:0:0:1]| unknown| GET| /internal/internalDbWarnings| 200 
2023-12-18 11:53:58,243| pingFederateAdmin| Bearer| [0:0:0:0:0:0:0:1]| unknown| GET| /internal/replicationInfo| 200 
2023-12-18 11:53:58,245| pingFederateAdmin| Bearer| [0:0:0:0:0:0:0:1]| unknown| GET| /internal/notifications| 200 
2023-12-18 11:53:58,255| pingFederateAdmin| Bearer| [0:0:0:0:0:0:0:1]| unknown| GET| /internal/replicationInfo| 200 
2023-12-18 11:54:02,159| pingFederateAdmin| Bearer| [0:0:0:0:0:0:0:1]| unknown| GET| /internal/notifications| 200 
2023-12-18 11:54:02,176| pingFederateAdmin| Bearer| [0:0:0:0:0:0:0:1]| unknown| GET| /internal/internalDbWarnings| 200 
2023-12-18 11:54:02,176| pingFederateAdmin| Bearer| [0:0:0:0:0:0:0:1]| unknown| GET| /internal/replicationInfo| 200 
2023-12-18 11:54:02,178| pingFederateAdmin| Bearer| [0:0:0:0:0:0:0:1]| unknown| GET| /internal/notifications| 200 
2023-12-18 11:54:02,180| pingFederateAdmin| Bearer| [0:0:0:0:0:0:0:1]| unknown| GET| /internal/internalDbWarnings| 200 
2023-12-18 11:54:02,181| pingFederateAdmin| Bearer| [0:0:0:0:0:0:0:1]| unknown| GET| /internal/replicationInfo| 200 
2023-12-18 12:08:22,433| pingFederateAdmin| Bearer| [0:0:0:0:0:0:0:1]| unknown| GET| /internal/internalDbWarnings| 200 
2023-12-18 12:08:22,433| pingFederateAdmin| Bearer| [0:0:0:0:0:0:0:1]| unknown| GET| /internal/licenseExpiryStatus| 200 
2023-12-18 12:08:22,433| pingFederateAdmin| Bearer| [0:0:0:0:0:0:0:1]| unknown| GET| /internal/replicationInfo| 200 
2023-12-18 12:08:22,434| pingFederateAdmin| Bearer| [0:0:0:0:0:0:0:1]| unknown| GET| /internal/activeAdministrators| 200 
2023-12-18 12:08:22,444| pingFederateAdmin| Bearer| [0:0:0:0:0:0:0:1]| unknown| GET| /internal/uiSettings| 200 
2023-12-18 12:08:22,451| pingFederateAdmin| Bearer| [0:0:0:0:0:0:0:1]| unknown| GET| /internal/notifications| 200 
2023-12-18 12:08:22,540| pingFederateAdmin| Bearer| [0:0:0:0:0:0:0:1]| unknown| GET| /internal/user/shortcuts| 200 
2023-12-18 12:08:22,549| pingFederateAdmin| Bearer| [0:0:0:0:0:0:0:1]| unknown| GET| /internal/user/preferences/shortcuts| 200 
2023-12-18 12:08:22,567| pingFederateAdmin| Bearer| [0:0:0:0:0:0:0:1]| unknown| GET| /internal/nodes| 200 
2023-12-18 12:08:23,473| pingFederateAdmin| Bearer| [0:0:0:0:0:0:0:1]| unknown| GET| /internal/extendSession| 200 
2023-12-18 12:08:23,600| pingFederateAdmin| Bearer| [0:0:0:0:0:0:0:1]| unknown| GET| /internal/activeAdministrators| 200 
2023-12-18 12:08:23,609| pingFederateAdmin| Bearer| [0:0:0:0:0:0:0:1]| unknown| GET| /internal/licenseExpiryStatus| 200 
2023-12-18 12:08:23,615| pingFederateAdmin| Bearer| [0:0:0:0:0:0:0:1]| unknown| GET| /internal/activeAdministrators| 200 
2023-12-18 12:08:23,618| pingFederateAdmin| Bearer| [0:0:0:0:0:0:0:1]| unknown| GET| /internal/notifications| 200 
2023-12-18 12:08:23,623| pingFederateAdmin| Bearer| [0:0:0:0:0:0:0:1]| unknown| GET| /internal/uiSettings| 200 
2023-12-18 12:08:23,626| pingFederateAdmin| Bearer| [0:0:0:0:0:0:0:1]| unknown| GET| /internal/replicationInfo| 200 
2023-12-18 12:08:23,626| pingFederateAdmin| Bearer| [0:0:0:0:0:0:0:1]| unknown| GET| /internal/internalDbWarnings| 200 
2023-12-18 12:08:23,627| pingFederateAdmin| Bearer| [0:0:0:0:0:0:0:1]| unknown| GET| /internal/licenseExpiryStatus| 200 
2023-12-18 12:08:23,633| pingFederateAdmin| Bearer| [0:0:0:0:0:0:0:1]| unknown| GET| /internal/notifications| 200 
2023-12-18 12:08:23,639| pingFederateAdmin| Bearer| [0:0:0:0:0:0:0:1]| unknown| GET| /internal/internalDbWarnings| 200 
2023-12-18 12:08:23,640| pingFederateAdmin| Bearer| [0:0:0:0:0:0:0:1]| unknown| GET| /internal/replicationInfo| 200 
2023-12-18 12:08:23,913| pingFederateAdmin| Bearer| [0:0:0:0:0:0:0:1]| unknown| GET| /internal/extendSession| 200 
2023-12-18 12:08:24,013| pingFederateAdmin| Bearer| [0:0:0:0:0:0:0:1]| unknown| GET| /internal/activeAdministrators| 200 
2023-12-18 12:08:24,014| pingFederateAdmin| Bearer| [0:0:0:0:0:0:0:1]| unknown| GET| /internal/licenseExpiryStatus| 200 
2023-12-18 12:08:24,019| pingFederateAdmin| Bearer| [0:0:0:0:0:0:0:1]| unknown| GET| /internal/notifications| 200 
2023-12-18 12:08:24,023| pingFederateAdmin| Bearer| [0:0:0:0:0:0:0:1]| unknown| GET| /internal/internalDbWarnings| 200 
2023-12-18 12:08:24,023| pingFederateAdmin| Bearer| [0:0:0:0:0:0:0:1]| unknown| GET| /internal/replicationInfo| 200 
2023-12-18 12:08:24,025| pingFederateAdmin| Bearer| [0:0:0:0:0:0:0:1]| unknown| GET| /internal/activeAdministrators| 200 
2023-12-18 12:08:24,027| pingFederateAdmin| Bearer| [0:0:0:0:0:0:0:1]| unknown| GET| /internal/licenseExpiryStatus| 200 
2023-12-18 12:08:24,028| pingFederateAdmin| Bearer| [0:0:0:0:0:0:0:1]| unknown| GET| /internal/uiSettings| 200 
2023-12-18 12:08:24,037| pingFederateAdmin| Bearer| [0:0:0:0:0:0:0:1]| unknown| GET| /internal/replicationInfo| 200 
2023-12-18 12:08:24,037| pingFederateAdmin| Bearer| [0:0:0:0:0:0:0:1]| unknown| GET| /internal/internalDbWarnings| 200 
2023-12-18 12:08:24,037| pingFederateAdmin| Bearer| [0:0:0:0:0:0:0:1]| unknown| GET| /internal/notifications| 200 
2023-12-18 12:08:24,445| pingFederateAdmin| Bearer| [0:0:0:0:0:0:0:1]| unknown| GET| /internal/extendSession| 200 
2023-12-18 12:08:24,549| pingFederateAdmin| Bearer| [0:0:0:0:0:0:0:1]| unknown| GET| /internal/internalDbWarnings| 200 
2023-12-18 12:08:24,550| pingFederateAdmin| Bearer| [0:0:0:0:0:0:0:1]| unknown| GET| /internal/notifications| 200 
2023-12-18 12:08:24,550| pingFederateAdmin| Bearer| [0:0:0:0:0:0:0:1]| unknown| GET| /internal/replicationInfo| 200 
2023-12-18 12:08:29,252| pingFederateAdmin| Bearer| [0:0:0:0:0:0:0:1]| unknown| GET| /internal/notifications| 200 
2023-12-18 12:08:29,252| pingFederateAdmin| Bearer| [0:0:0:0:0:0:0:1]| unknown| GET| /internal/internalDbWarnings| 200 
2023-12-18 12:08:29,253| pingFederateAdmin| Bearer| [0:0:0:0:0:0:0:1]| unknown| GET| /internal/replicationInfo| 200 
2023-12-18 12:08:29,256| pingFederateAdmin| Bearer| [0:0:0:0:0:0:0:1]| unknown| GET| /internal/internalDbWarnings| 200 
2023-12-18 12:08:29,258| pingFederateAdmin| Bearer| [0:0:0:0:0:0:0:1]| unknown| GET| /internal/replicationInfo| 200 
2023-12-18 12:08:29,258| pingFederateAdmin| Bearer| [0:0:0:0:0:0:0:1]| unknown| GET| /internal/notifications| 200 
2023-12-18 12:08:29,268| pingFederateAdmin| Bearer| [0:0:0:0:0:0:0:1]| unknown| GET| /internal/internalDbWarnings| 200 
2023-12-18 12:08:29,269| pingFederateAdmin| Bearer| [0:0:0:0:0:0:0:1]| unknown| GET| /internal/replicationInfo| 200 
2023-12-18 12:08:29,271| pingFederateAdmin| Bearer| [0:0:0:0:0:0:0:1]| unknown| GET| /internal/notifications| 200 
2023-12-18 12:08:29,275| pingFederateAdmin| Bearer| [0:0:0:0:0:0:0:1]| unknown| GET| /internal/internalDbWarnings| 200 
2023-12-18 12:08:29,277| pingFederateAdmin| Bearer| [0:0:0:0:0:0:0:1]| unknown| GET| /internal/notifications| 200 
2023-12-18 12:08:29,277| pingFederateAdmin| Bearer| [0:0:0:0:0:0:0:1]| unknown| GET| /internal/replicationInfo| 200 
2023-12-18 12:08:30,488| pingFederateAdmin| Bearer| [0:0:0:0:0:0:0:1]| unknown| GET| /internal/replicationInfo| 200 
2023-12-18 12:08:30,488| pingFederateAdmin| Bearer| [0:0:0:0:0:0:0:1]| unknown| GET| /internal/internalDbWarnings| 200 
2023-12-18 12:08:30,489| pingFederateAdmin| Bearer| [0:0:0:0:0:0:0:1]| unknown| GET| /internal/notifications| 200 
2023-12-18 12:08:30,492| pingFederateAdmin| Bearer| [0:0:0:0:0:0:0:1]| unknown| GET| /internal/internalDbWarnings| 200 
2023-12-18 12:08:30,492| pingFederateAdmin| Bearer| [0:0:0:0:0:0:0:1]| unknown| GET| /internal/replicationInfo| 200 
2023-12-18 12:08:30,495| pingFederateAdmin| Bearer| [0:0:0:0:0:0:0:1]| unknown| GET| /internal/notifications| 200 
2023-12-18 12:08:30,506| pingFederateAdmin| Bearer| [0:0:0:0:0:0:0:1]| unknown| GET| /internal/replicationInfo| 200 
2023-12-18 12:08:30,507| pingFederateAdmin| Bearer| [0:0:0:0:0:0:0:1]| unknown| GET| /internal/internalDbWarnings| 200 
2023-12-18 12:08:30,507| pingFederateAdmin| Bearer| [0:0:0:0:0:0:0:1]| unknown| GET| /internal/notifications| 200 
