2023-12-28 12:42:37,348| pingFederateAdmin| Bearer| [0:0:0:0:0:0:0:1]| unknown| GET| /internal/licenseExpiryStatus| 200 
2023-12-28 12:42:37,348| pingFederateAdmin| Bearer| [0:0:0:0:0:0:0:1]| unknown| GET| /internal/replicationInfo| 200 
2023-12-28 12:42:37,348| pingFederateAdmin| Bearer| [0:0:0:0:0:0:0:1]| unknown| GET| /internal/activeAdministrators| 200 
2023-12-28 12:42:37,348| pingFederateAdmin| Bearer| [0:0:0:0:0:0:0:1]| unknown| GET| /internal/internalDbWarnings| 200 
2023-12-28 12:42:37,362| pingFederateAdmin| Bearer| [0:0:0:0:0:0:0:1]| unknown| GET| /internal/notifications| 200 
2023-12-28 12:42:37,363| pingFederateAdmin| Bearer| [0:0:0:0:0:0:0:1]| unknown| GET| /internal/uiSettings| 200 
2023-12-28 12:42:37,462| pingFederateAdmin| Bearer| [0:0:0:0:0:0:0:1]| unknown| GET| /internal/nodes| 200 
2023-12-28 12:42:37,468| pingFederateAdmin| Bearer| [0:0:0:0:0:0:0:1]| unknown| GET| /internal/user/shortcuts| 200 
2023-12-28 12:42:37,469| pingFederateAdmin| Bearer| [0:0:0:0:0:0:0:1]| unknown| GET| /internal/user/preferences/shortcuts| 200 
2023-12-28 12:42:37,969| pingFederateAdmin| Bearer| [0:0:0:0:0:0:0:1]| unknown| GET| /internal/extendSession| 200 
2023-12-28 12:42:38,370| pingFederateAdmin| Bearer| [0:0:0:0:0:0:0:1]| unknown| GET| /internal/extendSession| 200 
2023-12-28 12:42:38,506| pingFederateAdmin| Bearer| [0:0:0:0:0:0:0:1]| unknown| GET| /internal/activeAdministrators| 200 
2023-12-28 12:42:38,506| pingFederateAdmin| Bearer| [0:0:0:0:0:0:0:1]| unknown| GET| /internal/licenseExpiryStatus| 200 
2023-12-28 12:42:38,515| pingFederateAdmin| Bearer| [0:0:0:0:0:0:0:1]| unknown| GET| /internal/notifications| 200 
2023-12-28 12:42:38,517| pingFederateAdmin| Bearer| [0:0:0:0:0:0:0:1]| unknown| GET| /internal/uiSettings| 200 
2023-12-28 12:42:38,527| pingFederateAdmin| Bearer| [0:0:0:0:0:0:0:1]| unknown| GET| /internal/internalDbWarnings| 200 
2023-12-28 12:42:38,529| pingFederateAdmin| Bearer| [0:0:0:0:0:0:0:1]| unknown| GET| /internal/activeAdministrators| 200 
2023-12-28 12:42:38,529| pingFederateAdmin| Bearer| [0:0:0:0:0:0:0:1]| unknown| GET| /internal/licenseExpiryStatus| 200 
2023-12-28 12:42:38,531| pingFederateAdmin| Bearer| [0:0:0:0:0:0:0:1]| unknown| GET| /internal/replicationInfo| 200 
2023-12-28 12:42:38,532| pingFederateAdmin| Bearer| [0:0:0:0:0:0:0:1]| unknown| GET| /internal/notifications| 200 
2023-12-28 12:42:38,542| pingFederateAdmin| Bearer| [0:0:0:0:0:0:0:1]| unknown| GET| /internal/replicationInfo| 200 
2023-12-28 12:42:38,543| pingFederateAdmin| Bearer| [0:0:0:0:0:0:0:1]| unknown| GET| /internal/internalDbWarnings| 200 
2023-12-28 12:42:39,161| pingFederateAdmin| Bearer| [0:0:0:0:0:0:0:1]| unknown| GET| /internal/extendSession| 200 
2023-12-28 12:42:39,306| pingFederateAdmin| Bearer| [0:0:0:0:0:0:0:1]| unknown| GET| /internal/activeAdministrators| 200 
2023-12-28 12:42:39,307| pingFederateAdmin| Bearer| [0:0:0:0:0:0:0:1]| unknown| GET| /internal/licenseExpiryStatus| 200 
2023-12-28 12:42:39,331| pingFederateAdmin| Bearer| [0:0:0:0:0:0:0:1]| unknown| GET| /internal/replicationInfo| 200 
2023-12-28 12:42:39,336| pingFederateAdmin| Bearer| [0:0:0:0:0:0:0:1]| unknown| GET| /internal/internalDbWarnings| 200 
2023-12-28 12:42:39,337| pingFederateAdmin| Bearer| [0:0:0:0:0:0:0:1]| unknown| GET| /internal/licenseExpiryStatus| 200 
2023-12-28 12:42:39,336| pingFederateAdmin| Bearer| [0:0:0:0:0:0:0:1]| unknown| GET| /internal/activeAdministrators| 200 
2023-12-28 12:42:39,338| pingFederateAdmin| Bearer| [0:0:0:0:0:0:0:1]| unknown| GET| /internal/notifications| 200 
2023-12-28 12:42:39,345| pingFederateAdmin| Bearer| [0:0:0:0:0:0:0:1]| unknown| GET| /internal/uiSettings| 200 
2023-12-28 12:42:39,612| pingFederateAdmin| Bearer| [0:0:0:0:0:0:0:1]| unknown| GET| /internal/extendSession| 200 
2023-12-28 12:42:39,757| pingFederateAdmin| Bearer| [0:0:0:0:0:0:0:1]| unknown| GET| /internal/licenseExpiryStatus| 200 
2023-12-28 12:42:39,765| pingFederateAdmin| Bearer| [0:0:0:0:0:0:0:1]| unknown| GET| /internal/activeAdministrators| 200 
2023-12-28 12:42:39,780| pingFederateAdmin| Bearer| [0:0:0:0:0:0:0:1]| unknown| GET| /internal/activeAdministrators| 200 
2023-12-28 12:42:39,780| pingFederateAdmin| Bearer| [0:0:0:0:0:0:0:1]| unknown| GET| /internal/replicationInfo| 200 
2023-12-28 12:42:39,781| pingFederateAdmin| Bearer| [0:0:0:0:0:0:0:1]| unknown| GET| /internal/licenseExpiryStatus| 200 
2023-12-28 12:42:39,786| pingFederateAdmin| Bearer| [0:0:0:0:0:0:0:1]| unknown| GET| /internal/internalDbWarnings| 200 
2023-12-28 12:42:39,790| pingFederateAdmin| Bearer| [0:0:0:0:0:0:0:1]| unknown| GET| /internal/uiSettings| 200 
2023-12-28 12:42:39,803| pingFederateAdmin| Bearer| [0:0:0:0:0:0:0:1]| unknown| GET| /internal/notifications| 200 
2023-12-28 12:42:40,028| pingFederateAdmin| Bearer| [0:0:0:0:0:0:0:1]| unknown| GET| /internal/extendSession| 200 
2023-12-28 12:42:40,185| pingFederateAdmin| Bearer| [0:0:0:0:0:0:0:1]| unknown| GET| /internal/licenseExpiryStatus| 200 
2023-12-28 12:42:40,189| pingFederateAdmin| Bearer| [0:0:0:0:0:0:0:1]| unknown| GET| /internal/activeAdministrators| 200 
2023-12-28 12:42:40,222| pingFederateAdmin| Bearer| [0:0:0:0:0:0:0:1]| unknown| GET| /internal/activeAdministrators| 200 
2023-12-28 12:42:40,222| pingFederateAdmin| Bearer| [0:0:0:0:0:0:0:1]| unknown| GET| /internal/internalDbWarnings| 200 
2023-12-28 12:42:40,225| pingFederateAdmin| Bearer| [0:0:0:0:0:0:0:1]| unknown| GET| /internal/replicationInfo| 200 
2023-12-28 12:42:40,230| pingFederateAdmin| Bearer| [0:0:0:0:0:0:0:1]| unknown| GET| /internal/licenseExpiryStatus| 200 
2023-12-28 12:42:40,231| pingFederateAdmin| Bearer| [0:0:0:0:0:0:0:1]| unknown| GET| /internal/uiSettings| 200 
2023-12-28 12:42:40,238| pingFederateAdmin| Bearer| [0:0:0:0:0:0:0:1]| unknown| GET| /internal/notifications| 200 
2023-12-28 12:42:40,426| pingFederateAdmin| Bearer| [0:0:0:0:0:0:0:1]| unknown| GET| /internal/extendSession| 200 
2023-12-28 12:42:40,533| pingFederateAdmin| Bearer| [0:0:0:0:0:0:0:1]| unknown| GET| /internal/activeAdministrators| 200 
2023-12-28 12:42:40,533| pingFederateAdmin| Bearer| [0:0:0:0:0:0:0:1]| unknown| GET| /internal/licenseExpiryStatus| 200 
2023-12-28 12:42:40,539| pingFederateAdmin| Bearer| [0:0:0:0:0:0:0:1]| unknown| GET| /internal/replicationInfo| 200 
2023-12-28 12:42:40,539| pingFederateAdmin| Bearer| [0:0:0:0:0:0:0:1]| unknown| GET| /internal/activeAdministrators| 200 
2023-12-28 12:42:40,541| pingFederateAdmin| Bearer| [0:0:0:0:0:0:0:1]| unknown| GET| /internal/uiSettings| 200 
2023-12-28 12:42:40,544| pingFederateAdmin| Bearer| [0:0:0:0:0:0:0:1]| unknown| GET| /internal/licenseExpiryStatus| 200 
2023-12-28 12:42:40,546| pingFederateAdmin| Bearer| [0:0:0:0:0:0:0:1]| unknown| GET| /internal/notifications| 200 
2023-12-28 12:42:40,549| pingFederateAdmin| Bearer| [0:0:0:0:0:0:0:1]| unknown| GET| /internal/internalDbWarnings| 200 
2023-12-28 12:42:41,114| pingFederateAdmin| Bearer| [0:0:0:0:0:0:0:1]| unknown| GET| /internal/extendSession| 200 
2023-12-28 12:42:41,257| pingFederateAdmin| Bearer| [0:0:0:0:0:0:0:1]| unknown| GET| /internal/activeAdministrators| 200 
2023-12-28 12:42:41,263| pingFederateAdmin| Bearer| [0:0:0:0:0:0:0:1]| unknown| GET| /internal/licenseExpiryStatus| 200 
2023-12-28 12:42:41,268| pingFederateAdmin| Bearer| [0:0:0:0:0:0:0:1]| unknown| GET| /internal/notifications| 200 
2023-12-28 12:42:41,269| pingFederateAdmin| Bearer| [0:0:0:0:0:0:0:1]| unknown| GET| /internal/activeAdministrators| 200 
2023-12-28 12:42:41,270| pingFederateAdmin| Bearer| [0:0:0:0:0:0:0:1]| unknown| GET| /internal/replicationInfo| 200 
2023-12-28 12:42:41,271| pingFederateAdmin| Bearer| [0:0:0:0:0:0:0:1]| unknown| GET| /internal/licenseExpiryStatus| 200 
2023-12-28 12:42:41,273| pingFederateAdmin| Bearer| [0:0:0:0:0:0:0:1]| unknown| GET| /internal/internalDbWarnings| 200 
2023-12-28 12:42:41,281| pingFederateAdmin| Bearer| [0:0:0:0:0:0:0:1]| unknown| GET| /internal/uiSettings| 200 
2023-12-28 12:42:43,161| pingFederateAdmin| Bearer| [0:0:0:0:0:0:0:1]| unknown| GET| /internal/notifications| 200 
2023-12-28 12:42:43,162| pingFederateAdmin| Bearer| [0:0:0:0:0:0:0:1]| unknown| GET| /internal/internalDbWarnings| 200 
2023-12-28 12:42:43,162| pingFederateAdmin| Bearer| [0:0:0:0:0:0:0:1]| unknown| GET| /internal/replicationInfo| 200 
2023-12-28 12:42:43,165| pingFederateAdmin| Bearer| [0:0:0:0:0:0:0:1]| unknown| GET| /internal/internalDbWarnings| 200 
2023-12-28 12:42:43,166| pingFederateAdmin| Bearer| [0:0:0:0:0:0:0:1]| unknown| GET| /internal/replicationInfo| 200 
2023-12-28 12:42:43,166| pingFederateAdmin| Bearer| [0:0:0:0:0:0:0:1]| unknown| GET| /internal/notifications| 200 
2023-12-28 12:42:43,175| pingFederateAdmin| Bearer| [0:0:0:0:0:0:0:1]| unknown| GET| /internal/internalDbWarnings| 200 
2023-12-28 12:42:43,176| pingFederateAdmin| Bearer| [0:0:0:0:0:0:0:1]| unknown| GET| /internal/notifications| 200 
2023-12-28 12:42:43,176| pingFederateAdmin| Bearer| [0:0:0:0:0:0:0:1]| unknown| GET| /internal/replicationInfo| 200 
2023-12-28 12:42:43,186| pingFederateAdmin| Bearer| [0:0:0:0:0:0:0:1]| unknown| GET| /internal/replicationInfo| 200 
2023-12-28 12:42:43,187| pingFederateAdmin| Bearer| [0:0:0:0:0:0:0:1]| unknown| GET| /internal/internalDbWarnings| 200 
2023-12-28 12:42:43,188| pingFederateAdmin| Bearer| [0:0:0:0:0:0:0:1]| unknown| GET| /internal/notifications| 200 
2023-12-28 12:42:43,192| pingFederateAdmin| Bearer| [0:0:0:0:0:0:0:1]| unknown| GET| /internal/replicationInfo| 200 
2023-12-28 12:42:43,193| pingFederateAdmin| Bearer| [0:0:0:0:0:0:0:1]| unknown| GET| /internal/internalDbWarnings| 200 
2023-12-28 12:42:43,194| pingFederateAdmin| Bearer| [0:0:0:0:0:0:0:1]| unknown| GET| /internal/notifications| 200 
2023-12-28 12:42:43,204| pingFederateAdmin| Bearer| [0:0:0:0:0:0:0:1]| unknown| GET| /internal/internalDbWarnings| 200 
2023-12-28 12:42:43,205| pingFederateAdmin| Bearer| [0:0:0:0:0:0:0:1]| unknown| GET| /internal/notifications| 200 
2023-12-28 12:42:43,206| pingFederateAdmin| Bearer| [0:0:0:0:0:0:0:1]| unknown| GET| /internal/replicationInfo| 200 
2023-12-28 12:42:43,210| pingFederateAdmin| Bearer| [0:0:0:0:0:0:0:1]| unknown| GET| /internal/internalDbWarnings| 200 
2023-12-28 12:42:43,212| pingFederateAdmin| Bearer| [0:0:0:0:0:0:0:1]| unknown| GET| /internal/replicationInfo| 200 
2023-12-28 12:42:43,213| pingFederateAdmin| Bearer| [0:0:0:0:0:0:0:1]| unknown| GET| /internal/notifications| 200 
2023-12-28 12:42:43,220| pingFederateAdmin| Bearer| [0:0:0:0:0:0:0:1]| unknown| GET| /internal/internalDbWarnings| 200 
2023-12-28 12:42:43,228| pingFederateAdmin| Bearer| [0:0:0:0:0:0:0:1]| unknown| GET| /internal/replicationInfo| 200 
2023-12-28 12:42:43,230| pingFederateAdmin| Bearer| [0:0:0:0:0:0:0:1]| unknown| GET| /internal/notifications| 200 
2023-12-28 12:42:44,614| pingFederateAdmin| Bearer| [0:0:0:0:0:0:0:1]| unknown| GET| /internal/replicationInfo| 200 
2023-12-28 12:42:44,614| pingFederateAdmin| Bearer| [0:0:0:0:0:0:0:1]| unknown| GET| /internal/notifications| 200 
2023-12-28 12:42:44,615| pingFederateAdmin| Bearer| [0:0:0:0:0:0:0:1]| unknown| GET| /internal/internalDbWarnings| 200 
2023-12-28 12:42:44,628| pingFederateAdmin| Bearer| [0:0:0:0:0:0:0:1]| unknown| GET| /internal/replicationInfo| 200 
2023-12-28 12:42:44,628| pingFederateAdmin| Bearer| [0:0:0:0:0:0:0:1]| unknown| GET| /internal/notifications| 200 
2023-12-28 12:42:44,629| pingFederateAdmin| Bearer| [0:0:0:0:0:0:0:1]| unknown| GET| /internal/internalDbWarnings| 200 
2023-12-28 12:42:44,634| pingFederateAdmin| Bearer| [0:0:0:0:0:0:0:1]| unknown| GET| /internal/replicationInfo| 200 
2023-12-28 12:42:44,636| pingFederateAdmin| Bearer| [0:0:0:0:0:0:0:1]| unknown| GET| /internal/notifications| 200 
2023-12-28 12:42:44,637| pingFederateAdmin| Bearer| [0:0:0:0:0:0:0:1]| unknown| GET| /internal/replicationInfo| 200 
2023-12-28 12:42:44,637| pingFederateAdmin| Bearer| [0:0:0:0:0:0:0:1]| unknown| GET| /internal/internalDbWarnings| 200 
2023-12-28 12:42:44,640| pingFederateAdmin| Bearer| [0:0:0:0:0:0:0:1]| unknown| GET| /internal/internalDbWarnings| 200 
2023-12-28 12:42:44,641| pingFederateAdmin| Bearer| [0:0:0:0:0:0:0:1]| unknown| GET| /internal/replicationInfo| 200 
2023-12-28 12:42:44,641| pingFederateAdmin| Bearer| [0:0:0:0:0:0:0:1]| unknown| GET| /internal/notifications| 200 
2023-12-28 12:42:44,646| pingFederateAdmin| Bearer| [0:0:0:0:0:0:0:1]| unknown| GET| /internal/internalDbWarnings| 200 
2023-12-28 12:42:44,648| pingFederateAdmin| Bearer| [0:0:0:0:0:0:0:1]| unknown| GET| /internal/notifications| 200 
2023-12-28 12:42:44,648| pingFederateAdmin| Bearer| [0:0:0:0:0:0:0:1]| unknown| GET| /internal/internalDbWarnings| 200 
2023-12-28 12:42:44,651| pingFederateAdmin| Bearer| [0:0:0:0:0:0:0:1]| unknown| GET| /internal/notifications| 200 
2023-12-28 12:42:44,654| pingFederateAdmin| Bearer| [0:0:0:0:0:0:0:1]| unknown| GET| /internal/notifications| 200 
2023-12-28 12:42:44,666| pingFederateAdmin| Bearer| [0:0:0:0:0:0:0:1]| unknown| GET| /internal/internalDbWarnings| 200 
2023-12-28 12:42:44,668| pingFederateAdmin| Bearer| [0:0:0:0:0:0:0:1]| unknown| GET| /internal/replicationInfo| 200 
2023-12-28 12:42:44,670| pingFederateAdmin| Bearer| [0:0:0:0:0:0:0:1]| unknown| GET| /internal/replicationInfo| 200 
2023-12-28 12:42:47,324| pingFederateAdmin| Bearer| [0:0:0:0:0:0:0:1]| unknown| GET| /internal/notifications| 200 
2023-12-28 12:42:47,340| pingFederateAdmin| Bearer| [0:0:0:0:0:0:0:1]| unknown| GET| /internal/internalDbWarnings| 200 
2023-12-28 12:42:47,344| pingFederateAdmin| Bearer| [0:0:0:0:0:0:0:1]| unknown| GET| /internal/internalDbWarnings| 200 
2023-12-28 12:42:47,344| pingFederateAdmin| Bearer| [0:0:0:0:0:0:0:1]| unknown| GET| /internal/replicationInfo| 200 
2023-12-28 12:42:47,346| pingFederateAdmin| Bearer| [0:0:0:0:0:0:0:1]| unknown| GET| /internal/notifications| 200 
2023-12-28 12:42:47,348| pingFederateAdmin| Bearer| [0:0:0:0:0:0:0:1]| unknown| GET| /internal/replicationInfo| 200 
2023-12-28 12:42:47,351| pingFederateAdmin| Bearer| [0:0:0:0:0:0:0:1]| unknown| GET| /internal/notifications| 200 
2023-12-28 12:42:47,349| pingFederateAdmin| Bearer| [0:0:0:0:0:0:0:1]| unknown| GET| /internal/internalDbWarnings| 200 
2023-12-28 12:42:47,372| pingFederateAdmin| Bearer| [0:0:0:0:0:0:0:1]| unknown| GET| /internal/notifications| 200 
2023-12-28 12:42:47,372| pingFederateAdmin| Bearer| [0:0:0:0:0:0:0:1]| unknown| GET| /internal/replicationInfo| 200 
2023-12-28 12:42:47,375| pingFederateAdmin| Bearer| [0:0:0:0:0:0:0:1]| unknown| GET| /internal/internalDbWarnings| 200 
2023-12-28 12:42:47,377| pingFederateAdmin| Bearer| [0:0:0:0:0:0:0:1]| unknown| GET| /internal/replicationInfo| 200 
2023-12-28 12:42:47,377| pingFederateAdmin| Bearer| [0:0:0:0:0:0:0:1]| unknown| GET| /internal/notifications| 200 
2023-12-28 12:42:47,379| pingFederateAdmin| Bearer| [0:0:0:0:0:0:0:1]| unknown| GET| /internal/internalDbWarnings| 200 
2023-12-28 12:42:47,385| pingFederateAdmin| Bearer| [0:0:0:0:0:0:0:1]| unknown| GET| /internal/internalDbWarnings| 200 
2023-12-28 12:42:47,385| pingFederateAdmin| Bearer| [0:0:0:0:0:0:0:1]| unknown| GET| /internal/notifications| 200 
2023-12-28 12:42:47,386| pingFederateAdmin| Bearer| [0:0:0:0:0:0:0:1]| unknown| GET| /internal/replicationInfo| 200 
2023-12-28 12:42:47,387| pingFederateAdmin| Bearer| [0:0:0:0:0:0:0:1]| unknown| GET| /internal/internalDbWarnings| 200 
2023-12-28 12:42:47,388| pingFederateAdmin| Bearer| [0:0:0:0:0:0:0:1]| unknown| GET| /internal/notifications| 200 
2023-12-28 12:42:47,388| pingFederateAdmin| Bearer| [0:0:0:0:0:0:0:1]| unknown| GET| /internal/replicationInfo| 200 
2023-12-28 12:42:47,403| pingFederateAdmin| Bearer| [0:0:0:0:0:0:0:1]| unknown| GET| /internal/replicationInfo| 200 
