2023-12-18 11:36:08,194| tid:Q_PostwUvOsLF3JeyNXnwGvcZaA| AUTHN_ATTEMPT| | [0:0:0:0:0:0:0:1] | | https://samltest.id/saml/sp| SAML20| localhost| IdP| inprogress| HTMLFormAdapter| | 775 
2023-12-18 11:36:13,121| tid:Q_PostwUvOsLF3JeyNXnwGvcZaA| AUTHN_ATTEMPT| sdf| [0:0:0:0:0:0:0:1] | | https://samltest.id/saml/sp| SAML20| localhost| IdP| inprogress| HTMLFormAdapter| [source:LDAP-FC54C87F0BC5FA63833FC8CFB5CBB8921150CDD6] User Not Found| 613 
2023-12-18 11:38:10,341| tid:xP5Zz4B4_uqzd-SvcCIntJtAAy8| AUTHN_ATTEMPT| | [0:0:0:0:0:0:0:1] | | https://samltest.id/saml/sp| SAML20| localhost| IdP| inprogress| HTMLFormAdapter| | 27 
2023-12-18 11:38:13,135| tid:xP5Zz4B4_uqzd-SvcCIntJtAAy8| AUTHN_ATTEMPT| sdf| [0:0:0:0:0:0:0:1] | | https://samltest.id/saml/sp| SAML20| localhost| IdP| inprogress| HTMLFormAdapter| [source:LDAP-FC54C87F0BC5FA63833FC8CFB5CBB8921150CDD6] User Not Found| 17 
2023-12-18 11:39:32,555| tid:ZtVUW2aZxncKaUEP8HDYllaSg3w| AUTHN_ATTEMPT| | [0:0:0:0:0:0:0:1] | | https://samltest.id/saml/sp| SAML20| localhost| IdP| inprogress| HTMLFormAdapter| | 9 
2023-12-18 11:39:38,376| tid:ZtVUW2aZxncKaUEP8HDYllaSg3w| AUTHN_ATTEMPT| sdf| [0:0:0:0:0:0:0:1] | | https://samltest.id/saml/sp| SAML20| localhost| IdP| inprogress| HTMLFormAdapter| [source:LDAP-FC54C87F0BC5FA63833FC8CFB5CBB8921150CDD6] User Not Found| 15 
2023-12-18 11:39:42,880| tid:ZtVUW2aZxncKaUEP8HDYllaSg3w| AUTHN_ATTEMPT| sdf| [0:0:0:0:0:0:0:1] | | https://samltest.id/saml/sp| SAML20| localhost| IdP| inprogress| HTMLFormAdapter| [source:LDAP-FC54C87F0BC5FA63833FC8CFB5CBB8921150CDD6] User Not Found| 10 
2023-12-18 11:40:16,279| tid:ZtVUW2aZxncKaUEP8HDYllaSg3w| AUTHN_ATTEMPT| sdf| [0:0:0:0:0:0:0:1] | | https://samltest.id/saml/sp| SAML20| localhost| IdP| inprogress| HTMLFormAdapter| [source:LDAP-FC54C87F0BC5FA63833FC8CFB5CBB8921150CDD6] User Not Found| 9 
2023-12-18 11:40:24,087| tid:Q3m4Ss0Nrnlhzh_AoAfice9PNeM| AUTHN_ATTEMPT| | [0:0:0:0:0:0:0:1] | | https://samltest.id/saml/sp| SAML20| localhost| IdP| inprogress| HTMLFormAdapter| | 10 
2023-12-18 11:40:26,017| tid:Q3m4Ss0Nrnlhzh_AoAfice9PNeM| AUTHN_ATTEMPT| s| [0:0:0:0:0:0:0:1] | | https://samltest.id/saml/sp| SAML20| localhost| IdP| inprogress| HTMLFormAdapter| [source:LDAP-FC54C87F0BC5FA63833FC8CFB5CBB8921150CDD6] User Not Found| 8 
2023-12-18 11:54:05,644| tid:Fu8w7HKxS0nI36x_F0nflzfSQP0| SSO| | [0:0:0:0:0:0:0:1] | | https://samltest.id/saml/sp| SAML20| localhost| IdP| failure| HTMLFormAdapter| Syntax error in template /Users/jko/Desktop/PingFederate/pingfederate-11.3.3/pingfederate/server/default/conf/template/html.form.login.template.html| 716 
2023-12-18 11:54:06,409| tid:AoFW_hvqifF7udyN9kIDQj_yapo| SSO| | [0:0:0:0:0:0:0:1] | | https://samltest.id/saml/sp| SAML20| localhost| IdP| failure| HTMLFormAdapter| Syntax error in template /Users/jko/Desktop/PingFederate/pingfederate-11.3.3/pingfederate/server/default/conf/template/html.form.login.template.html| 22 
2023-12-18 11:54:13,465| tid:yRm34MXrO3czmx62ShqZp8ZGU_w| SSO| | [0:0:0:0:0:0:0:1] | | https://samltest.id/saml/sp| SAML20| localhost| IdP| failure| HTMLFormAdapter| Syntax error in template /Users/jko/Desktop/PingFederate/pingfederate-11.3.3/pingfederate/server/default/conf/template/html.form.login.template.html| 18 
2023-12-18 11:55:02,770| tid:yRm34MXrO3czmx62ShqZp8ZGU_w| AUTHN_ATTEMPT| | [0:0:0:0:0:0:0:1] | | https://samltest.id/saml/sp| SAML20| localhost| IdP| inprogress| HTMLFormAdapter| | 41 
2023-12-18 11:55:08,335| tid:yRm34MXrO3czmx62ShqZp8ZGU_w| AUTHN_ATTEMPT| | [0:0:0:0:0:0:0:1] | | https://samltest.id/saml/sp| SAML20| localhost| IdP| inprogress| HTMLFormAdapter| | 10 
2023-12-18 11:55:13,643| tid:yRm34MXrO3czmx62ShqZp8ZGU_w| AUTHN_ATTEMPT| | [0:0:0:0:0:0:0:1] | | https://samltest.id/saml/sp| SAML20| localhost| IdP| inprogress| HTMLFormAdapter| | 9 
2023-12-18 11:55:30,109| tid:-6m99eqMIrw8UFIXCjr4gN_SR9U| AUTHN_ATTEMPT| | [0:0:0:0:0:0:0:1] | | https://samltest.id/saml/sp| SAML20| localhost| IdP| inprogress| HTMLFormAdapter| | 6 
2023-12-18 11:55:34,646| tid:-6m99eqMIrw8UFIXCjr4gN_SR9U| AUTHN_ATTEMPT| | [0:0:0:0:0:0:0:1] | | https://samltest.id/saml/sp| SAML20| localhost| IdP| inprogress| HTMLFormAdapter| | 10 
2023-12-18 11:55:54,247| tid:-6m99eqMIrw8UFIXCjr4gN_SR9U| AUTHN_ATTEMPT| | [0:0:0:0:0:0:0:1] | | https://samltest.id/saml/sp| SAML20| localhost| IdP| inprogress| HTMLFormAdapter| | 9 
2023-12-18 11:56:10,587| tid:-6m99eqMIrw8UFIXCjr4gN_SR9U| AUTHN_ATTEMPT| | [0:0:0:0:0:0:0:1] | | https://samltest.id/saml/sp| SAML20| localhost| IdP| inprogress| HTMLFormAdapter| | 11 
2023-12-18 11:57:30,990| tid:NAoZk4MaTN4BogJL2xGmZOQy9S0| AUTHN_ATTEMPT| | [0:0:0:0:0:0:0:1] | | https://samltest.id/saml/sp| SAML20| localhost| IdP| inprogress| HTMLFormAdapter| | 21 
2023-12-18 11:57:35,587| tid:NAoZk4MaTN4BogJL2xGmZOQy9S0| AUTHN_ATTEMPT| sddd| [0:0:0:0:0:0:0:1] | | https://samltest.id/saml/sp| SAML20| localhost| IdP| inprogress| HTMLFormAdapter| [source:LDAP-FC54C87F0BC5FA63833FC8CFB5CBB8921150CDD6] User Not Found| 530 
2023-12-18 12:04:07,885| tid:lQIh6tFs4ue1P7EEPMxlnE6RRhY| AUTHN_ATTEMPT| | [0:0:0:0:0:0:0:1] | | https://samltest.id/saml/sp| SAML20| localhost| IdP| inprogress| HTMLFormAdapter| | 27 
2023-12-18 12:05:48,320| tid:_3KpoANFa7CY_IgIl40YJunyiqM| AUTHN_ATTEMPT| | [0:0:0:0:0:0:0:1] | | https://samltest.id/saml/sp| SAML20| localhost| IdP| inprogress| HTMLFormAdapter| | 20 
2023-12-18 12:07:30,749| tid:4MX3C8CZeFanKeBc2s8d4TXuW0o| AUTHN_ATTEMPT| | [0:0:0:0:0:0:0:1] | | https://samltest.id/saml/sp| SAML20| localhost| IdP| inprogress| HTMLFormAdapter| | 14 
2023-12-18 12:08:10,437| tid:4MX3C8CZeFanKeBc2s8d4TXuW0o| AUTHN_ATTEMPT| | [0:0:0:0:0:0:0:1] | | https://samltest.id/saml/sp| SAML20| localhost| IdP| inprogress| HTMLFormAdapter| | 949 
2023-12-18 12:08:11,293| tid:4MX3C8CZeFanKeBc2s8d4TXuW0o| AUTHN_ATTEMPT| | [0:0:0:0:0:0:0:1] | | https://samltest.id/saml/sp| SAML20| localhost| IdP| inprogress| HTMLFormAdapter| | 19 
2023-12-18 12:08:14,553| tid:4MX3C8CZeFanKeBc2s8d4TXuW0o| AUTHN_ATTEMPT| | [0:0:0:0:0:0:0:1] | | https://samltest.id/saml/sp| SAML20| localhost| IdP| inprogress| HTMLFormAdapter| | 12 
2023-12-18 12:08:31,559| tid:4MX3C8CZeFanKeBc2s8d4TXuW0o| AUTHN_ATTEMPT| | [0:0:0:0:0:0:0:1] | | https://samltest.id/saml/sp| SAML20| localhost| IdP| inprogress| HTMLFormAdapter| | 11 
2023-12-18 12:09:16,560| tid:4MX3C8CZeFanKeBc2s8d4TXuW0o| AUTHN_ATTEMPT| | [0:0:0:0:0:0:0:1] | | https://samltest.id/saml/sp| SAML20| localhost| IdP| inprogress| HTMLFormAdapter| | 8 
2023-12-18 12:11:28,149| tid:7gjsN58rQ_hp-litU2duMkFINo8| AUTHN_ATTEMPT| | [0:0:0:0:0:0:0:1] | | https://samltest.id/saml/sp| SAML20| localhost| IdP| inprogress| HTMLFormAdapter| | 24 
2023-12-18 12:11:32,092| tid:7gjsN58rQ_hp-litU2duMkFINo8| AUTHN_ATTEMPT| | [0:0:0:0:0:0:0:1] | | https://samltest.id/saml/sp| SAML20| localhost| IdP| inprogress| HTMLFormAdapter| | 8 
2023-12-18 12:12:03,343| tid:7gjsN58rQ_hp-litU2duMkFINo8| AUTHN_ATTEMPT| | [0:0:0:0:0:0:0:1] | | https://samltest.id/saml/sp| SAML20| localhost| IdP| inprogress| HTMLFormAdapter| | 11 
2023-12-18 12:12:31,886| tid:7gjsN58rQ_hp-litU2duMkFINo8| AUTHN_ATTEMPT| | [0:0:0:0:0:0:0:1] | | https://samltest.id/saml/sp| SAML20| localhost| IdP| inprogress| HTMLFormAdapter| | 12 
2023-12-18 12:13:26,798| tid:7gjsN58rQ_hp-litU2duMkFINo8| AUTHN_ATTEMPT| | [0:0:0:0:0:0:0:1] | | https://samltest.id/saml/sp| SAML20| localhost| IdP| inprogress| HTMLFormAdapter| | 12 
2023-12-18 12:13:30,111| tid:7gjsN58rQ_hp-litU2duMkFINo8| AUTHN_ATTEMPT| ss| [0:0:0:0:0:0:0:1] | | https://samltest.id/saml/sp| SAML20| localhost| IdP| inprogress| HTMLFormAdapter| [source:LDAP-FC54C87F0BC5FA63833FC8CFB5CBB8921150CDD6] User Not Found| 804 
2023-12-18 12:17:40,329| tid:BcDlXnLbCQNL6iHKotfHkZzEuq4| AUTHN_ATTEMPT| | [0:0:0:0:0:0:0:1] | | https://samltest.id/saml/sp| SAML20| localhost| IdP| inprogress| HTMLFormAdapter| | 7 
2023-12-18 12:17:42,569| tid:BcDlXnLbCQNL6iHKotfHkZzEuq4| AUTHN_ATTEMPT| ss| [0:0:0:0:0:0:0:1] | | https://samltest.id/saml/sp| SAML20| localhost| IdP| inprogress| HTMLFormAdapter| [source:LDAP-FC54C87F0BC5FA63833FC8CFB5CBB8921150CDD6] User Not Found| 11 
2023-12-18 12:18:10,614| tid:BcDlXnLbCQNL6iHKotfHkZzEuq4| AUTHN_ATTEMPT| ss| [0:0:0:0:0:0:0:1] | | https://samltest.id/saml/sp| SAML20| localhost| IdP| inprogress| HTMLFormAdapter| [source:LDAP-FC54C87F0BC5FA63833FC8CFB5CBB8921150CDD6] User Not Found| 48 
2023-12-18 12:18:12,228| tid:BcDlXnLbCQNL6iHKotfHkZzEuq4| AUTHN_ATTEMPT| s| [0:0:0:0:0:0:0:1] | | https://samltest.id/saml/sp| SAML20| localhost| IdP| inprogress| HTMLFormAdapter| [source:LDAP-FC54C87F0BC5FA63833FC8CFB5CBB8921150CDD6] User Not Found| 9 
2023-12-18 12:18:25,905| tid:BcDlXnLbCQNL6iHKotfHkZzEuq4| AUTHN_ATTEMPT| s| [0:0:0:0:0:0:0:1] | | https://samltest.id/saml/sp| SAML20| localhost| IdP| inprogress| HTMLFormAdapter| [source:LDAP-FC54C87F0BC5FA63833FC8CFB5CBB8921150CDD6] User Not Found| 31 
2023-12-18 12:18:27,820| tid:BcDlXnLbCQNL6iHKotfHkZzEuq4| AUTHN_ATTEMPT| sdf| [0:0:0:0:0:0:0:1] | | https://samltest.id/saml/sp| SAML20| localhost| IdP| inprogress| HTMLFormAdapter| [source:LDAP-FC54C87F0BC5FA63833FC8CFB5CBB8921150CDD6] User Not Found| 12 
2023-12-18 12:19:45,675| tid:Bby1UKrD_G6uWTEKB9sL5JaK34s| AUTHN_ATTEMPT| | [0:0:0:0:0:0:0:1] | | https://samltest.id/saml/sp| SAML20| localhost| IdP| inprogress| HTMLFormAdapter| | 9 
2023-12-18 12:19:48,208| tid:Bby1UKrD_G6uWTEKB9sL5JaK34s| AUTHN_ATTEMPT| sss| [0:0:0:0:0:0:0:1] | | https://samltest.id/saml/sp| SAML20| localhost| IdP| inprogress| HTMLFormAdapter| [source:LDAP-FC54C87F0BC5FA63833FC8CFB5CBB8921150CDD6] User Not Found| 9 
2023-12-18 12:27:14,810| tid:_u7hMoipMRDpHN375aWyvRsBWGM| AUTHN_ATTEMPT| | [0:0:0:0:0:0:0:1] | | https://samltest.id/saml/sp| SAML20| localhost| IdP| inprogress| HTMLFormAdapter| | 6 
2023-12-18 12:27:16,355| tid:_u7hMoipMRDpHN375aWyvRsBWGM| AUTHN_ATTEMPT| ss| [0:0:0:0:0:0:0:1] | | https://samltest.id/saml/sp| SAML20| localhost| IdP| inprogress| HTMLFormAdapter| [source:LDAP-FC54C87F0BC5FA63833FC8CFB5CBB8921150CDD6] User Not Found| 9 
2023-12-18 12:27:47,534| tid:daFoJx-kJ_dgSdIZuyIYIa2nHyA| AUTHN_ATTEMPT| | [0:0:0:0:0:0:0:1] | | https://samltest.id/saml/sp| SAML20| localhost| IdP| inprogress| HTMLFormAdapter| | 32 
2023-12-18 12:27:48,914| tid:daFoJx-kJ_dgSdIZuyIYIa2nHyA| AUTHN_ATTEMPT| sd| [0:0:0:0:0:0:0:1] | | https://samltest.id/saml/sp| SAML20| localhost| IdP| inprogress| HTMLFormAdapter| [source:LDAP-FC54C87F0BC5FA63833FC8CFB5CBB8921150CDD6] User Not Found| 8 
2023-12-18 12:50:12,896| tid:9tyUIdfid_BrQbYFTSxT4L5b17g| AUTHN_ATTEMPT| | [0:0:0:0:0:0:0:1] | | https://samltest.id/saml/sp| SAML20| localhost| IdP| inprogress| HTMLFormAdapter| | 9 
2023-12-18 12:50:15,315| tid:9tyUIdfid_BrQbYFTSxT4L5b17g| AUTHN_ATTEMPT| s| [0:0:0:0:0:0:0:1] | | https://samltest.id/saml/sp| SAML20| localhost| IdP| inprogress| HTMLFormAdapter| [source:LDAP-FC54C87F0BC5FA63833FC8CFB5CBB8921150CDD6] User Not Found| 10 
2023-12-18 12:50:19,411| tid:9tyUIdfid_BrQbYFTSxT4L5b17g| AUTHN_ATTEMPT| | [0:0:0:0:0:0:0:1] | | https://samltest.id/saml/sp| SAML20| localhost| IdP| inprogress| HTMLFormAdapter| | 9 
2023-12-18 12:52:23,096| tid:YPkxF1upmLu7PIznaEEVn6-WhLE| AUTHN_ATTEMPT| | [0:0:0:0:0:0:0:1] | | https://samltest.id/saml/sp| SAML20| localhost| IdP| inprogress| HTMLFormAdapter| | 9 
2023-12-18 12:52:25,488| tid:YPkxF1upmLu7PIznaEEVn6-WhLE| AUTHN_ATTEMPT| sdf| [0:0:0:0:0:0:0:1] | | https://samltest.id/saml/sp| SAML20| localhost| IdP| inprogress| HTMLFormAdapter| [source:LDAP-FC54C87F0BC5FA63833FC8CFB5CBB8921150CDD6] User Not Found| 10 
2023-12-18 12:52:52,755| tid:YPkxF1upmLu7PIznaEEVn6-WhLE| AUTHN_ATTEMPT| dsfs| [0:0:0:0:0:0:0:1] | | https://samltest.id/saml/sp| SAML20| localhost| IdP| inprogress| HTMLFormAdapter| [source:LDAP-FC54C87F0BC5FA63833FC8CFB5CBB8921150CDD6] User Not Found| 18 
2023-12-18 12:52:57,796| tid:YPkxF1upmLu7PIznaEEVn6-WhLE| AUTHN_ATTEMPT| | [0:0:0:0:0:0:0:1] | | https://samltest.id/saml/sp| SAML20| localhost| IdP| inprogress| HTMLFormAdapter| | 8 
2023-12-18 12:53:00,057| tid:YPkxF1upmLu7PIznaEEVn6-WhLE| AUTHN_ATTEMPT| sdf| [0:0:0:0:0:0:0:1] | | https://samltest.id/saml/sp| SAML20| localhost| IdP| inprogress| HTMLFormAdapter| [source:LDAP-FC54C87F0BC5FA63833FC8CFB5CBB8921150CDD6] User Not Found| 19 
2023-12-18 12:53:05,568| tid:YPkxF1upmLu7PIznaEEVn6-WhLE| AUTHN_ATTEMPT| sdf| [0:0:0:0:0:0:0:1] | | https://samltest.id/saml/sp| SAML20| localhost| IdP| inprogress| HTMLFormAdapter| [source:LDAP-FC54C87F0BC5FA63833FC8CFB5CBB8921150CDD6] User Not Found| 16 
2023-12-18 12:53:09,017| tid:YPkxF1upmLu7PIznaEEVn6-WhLE| AUTHN_ATTEMPT| | [0:0:0:0:0:0:0:1] | | https://samltest.id/saml/sp| SAML20| localhost| IdP| inprogress| HTMLFormAdapter| | 10 
2023-12-18 12:53:11,121| tid:YPkxF1upmLu7PIznaEEVn6-WhLE| AUTHN_ATTEMPT| dd| [0:0:0:0:0:0:0:1] | | https://samltest.id/saml/sp| SAML20| localhost| IdP| inprogress| HTMLFormAdapter| [source:LDAP-FC54C87F0BC5FA63833FC8CFB5CBB8921150CDD6] User Not Found| 9 
2023-12-18 12:53:35,301| tid:YPkxF1upmLu7PIznaEEVn6-WhLE| AUTHN_ATTEMPT| dd| [0:0:0:0:0:0:0:1] | | https://samltest.id/saml/sp| SAML20| localhost| IdP| inprogress| HTMLFormAdapter| [source:LDAP-FC54C87F0BC5FA63833FC8CFB5CBB8921150CDD6] User Not Found| 17 
2023-12-18 12:53:36,402| tid:YPkxF1upmLu7PIznaEEVn6-WhLE| AUTHN_ATTEMPT| sdf| [0:0:0:0:0:0:0:1] | | https://samltest.id/saml/sp| SAML20| localhost| IdP| inprogress| HTMLFormAdapter| [source:AccountLockingService] Account Locked| 6 
2023-12-18 12:53:40,169| tid:YPkxF1upmLu7PIznaEEVn6-WhLE| AUTHN_ATTEMPT| | [0:0:0:0:0:0:0:1] | | https://samltest.id/saml/sp| SAML20| localhost| IdP| inprogress| HTMLFormAdapter| | 7 
2023-12-18 12:53:41,935| tid:YPkxF1upmLu7PIznaEEVn6-WhLE| AUTHN_ATTEMPT| d| [0:0:0:0:0:0:0:1] | | https://samltest.id/saml/sp| SAML20| localhost| IdP| inprogress| HTMLFormAdapter| [source:LDAP-FC54C87F0BC5FA63833FC8CFB5CBB8921150CDD6] User Not Found| 7 
2023-12-18 12:53:58,598| tid:YPkxF1upmLu7PIznaEEVn6-WhLE| AUTHN_ATTEMPT| ff| [0:0:0:0:0:0:0:1] | | https://samltest.id/saml/sp| SAML20| localhost| IdP| inprogress| HTMLFormAdapter| [source:LDAP-FC54C87F0BC5FA63833FC8CFB5CBB8921150CDD6] User Not Found| 9 
2023-12-18 12:54:09,622| tid:YPkxF1upmLu7PIznaEEVn6-WhLE| AUTHN_ATTEMPT| dfdf| [0:0:0:0:0:0:0:1] | | https://samltest.id/saml/sp| SAML20| localhost| IdP| inprogress| HTMLFormAdapter| [source:LDAP-FC54C87F0BC5FA63833FC8CFB5CBB8921150CDD6] User Not Found| 15 
2023-12-18 12:54:37,578| tid:YPkxF1upmLu7PIznaEEVn6-WhLE| AUTHN_ATTEMPT| sdff| [0:0:0:0:0:0:0:1] | | https://samltest.id/saml/sp| SAML20| localhost| IdP| inprogress| HTMLFormAdapter| [source:LDAP-FC54C87F0BC5FA63833FC8CFB5CBB8921150CDD6] User Not Found| 8 
2023-12-18 12:54:44,642| tid:YPkxF1upmLu7PIznaEEVn6-WhLE| AUTHN_ATTEMPT| edsfdsf| [0:0:0:0:0:0:0:1] | | https://samltest.id/saml/sp| SAML20| localhost| IdP| inprogress| HTMLFormAdapter| [source:LDAP-FC54C87F0BC5FA63833FC8CFB5CBB8921150CDD6] User Not Found| 15 
2023-12-18 12:55:25,802| tid:YPkxF1upmLu7PIznaEEVn6-WhLE| AUTHN_ATTEMPT| sdfsdf| [0:0:0:0:0:0:0:1] | | https://samltest.id/saml/sp| SAML20| localhost| IdP| inprogress| HTMLFormAdapter| [source:LDAP-FC54C87F0BC5FA63833FC8CFB5CBB8921150CDD6] User Not Found| 5 
2023-12-18 12:56:06,942| tid:YPkxF1upmLu7PIznaEEVn6-WhLE| AUTHN_ATTEMPT| sdf| [0:0:0:0:0:0:0:1] | | https://samltest.id/saml/sp| SAML20| localhost| IdP| inprogress| HTMLFormAdapter| [source:LDAP-FC54C87F0BC5FA63833FC8CFB5CBB8921150CDD6] User Not Found| 14 
2023-12-18 12:56:22,011| tid:YPkxF1upmLu7PIznaEEVn6-WhLE| AUTHN_ATTEMPT| sdf| [0:0:0:0:0:0:0:1] | | https://samltest.id/saml/sp| SAML20| localhost| IdP| inprogress| HTMLFormAdapter| [source:LDAP-FC54C87F0BC5FA63833FC8CFB5CBB8921150CDD6] User Not Found| 7 
2023-12-18 12:56:31,143| tid:YPkxF1upmLu7PIznaEEVn6-WhLE| AUTHN_ATTEMPT| sdf| [0:0:0:0:0:0:0:1] | | https://samltest.id/saml/sp| SAML20| localhost| IdP| inprogress| HTMLFormAdapter| [source:LDAP-FC54C87F0BC5FA63833FC8CFB5CBB8921150CDD6] User Not Found| 22 
2023-12-18 12:56:34,514| tid:YPkxF1upmLu7PIznaEEVn6-WhLE| AUTHN_ATTEMPT| | [0:0:0:0:0:0:0:1] | | https://samltest.id/saml/sp| SAML20| localhost| IdP| inprogress| HTMLFormAdapter| | 8 
2023-12-18 12:56:35,973| tid:YPkxF1upmLu7PIznaEEVn6-WhLE| AUTHN_ATTEMPT| sdfsdf| [0:0:0:0:0:0:0:1] | | https://samltest.id/saml/sp| SAML20| localhost| IdP| inprogress| HTMLFormAdapter| [source:LDAP-FC54C87F0BC5FA63833FC8CFB5CBB8921150CDD6] User Not Found| 9 
2023-12-18 12:59:17,307| tid:iNbm3ajnNYSmy10wKM-L1AiVFik| AUTHN_ATTEMPT| | [0:0:0:0:0:0:0:1] | | https://samltest.id/saml/sp| SAML20| localhost| IdP| inprogress| HTMLFormAdapter| | 14 
2023-12-18 12:59:19,419| tid:iNbm3ajnNYSmy10wKM-L1AiVFik| AUTHN_ATTEMPT| sdf| [0:0:0:0:0:0:0:1] | | https://samltest.id/saml/sp| SAML20| localhost| IdP| inprogress| HTMLFormAdapter| [source:LDAP-FC54C87F0BC5FA63833FC8CFB5CBB8921150CDD6] User Not Found| 8 
2023-12-18 13:14:23,520| tid:wd7DJSZQ1tOJvIR-biKrlWID_qQ| AUTHN_ATTEMPT| | [0:0:0:0:0:0:0:1] | | https://samltest.id/saml/sp| SAML20| localhost| IdP| inprogress| HTMLFormAdapter| | 15 
2023-12-18 13:14:37,669| tid:wd7DJSZQ1tOJvIR-biKrlWID_qQ| AUTHN_ATTEMPT| | [0:0:0:0:0:0:0:1] | | https://samltest.id/saml/sp| SAML20| localhost| IdP| inprogress| HTMLFormAdapter| | 14 
2023-12-18 13:15:51,555| tid:iYRHVRbVP0062cEgC8UdHaLxi6E| AUTHN_ATTEMPT| | [0:0:0:0:0:0:0:1] | | https://samltest.id/saml/sp| SAML20| localhost| IdP| inprogress| HTMLFormAdapter| | 5 
2023-12-18 13:15:53,912| tid:iYRHVRbVP0062cEgC8UdHaLxi6E| AUTHN_ATTEMPT| | [0:0:0:0:0:0:0:1] | | https://samltest.id/saml/sp| SAML20| localhost| IdP| inprogress| HTMLFormAdapter| | 13 
2023-12-18 13:15:56,534| tid:iYRHVRbVP0062cEgC8UdHaLxi6E| AUTHN_ATTEMPT| | [0:0:0:0:0:0:0:1] | | https://samltest.id/saml/sp| SAML20| localhost| IdP| inprogress| HTMLFormAdapter| | 7 
2023-12-18 13:16:07,847| tid:iYRHVRbVP0062cEgC8UdHaLxi6E| AUTHN_ATTEMPT| | [0:0:0:0:0:0:0:1] | | https://samltest.id/saml/sp| SAML20| localhost| IdP| inprogress| HTMLFormAdapter| | 12 
2023-12-18 13:16:29,607| tid:iYRHVRbVP0062cEgC8UdHaLxi6E| AUTHN_ATTEMPT| | [0:0:0:0:0:0:0:1] | | https://samltest.id/saml/sp| SAML20| localhost| IdP| inprogress| HTMLFormAdapter| | 8 
2023-12-18 13:16:34,666| tid:iYRHVRbVP0062cEgC8UdHaLxi6E| AUTHN_ATTEMPT| | [0:0:0:0:0:0:0:1] | | https://samltest.id/saml/sp| SAML20| localhost| IdP| inprogress| HTMLFormAdapter| | 8 
2023-12-18 13:16:46,758| tid:iYRHVRbVP0062cEgC8UdHaLxi6E| AUTHN_ATTEMPT| | [0:0:0:0:0:0:0:1] | | https://samltest.id/saml/sp| SAML20| localhost| IdP| inprogress| HTMLFormAdapter| | 14 
2023-12-18 13:16:49,577| tid:iYRHVRbVP0062cEgC8UdHaLxi6E| AUTHN_ATTEMPT| | [0:0:0:0:0:0:0:1] | | https://samltest.id/saml/sp| SAML20| localhost| IdP| inprogress| HTMLFormAdapter| | 11 
2023-12-18 13:16:54,283| tid:iYRHVRbVP0062cEgC8UdHaLxi6E| AUTHN_ATTEMPT| | [0:0:0:0:0:0:0:1] | | https://samltest.id/saml/sp| SAML20| localhost| IdP| inprogress| HTMLFormAdapter| | 6 
2023-12-18 13:17:31,391| tid:iYRHVRbVP0062cEgC8UdHaLxi6E| AUTHN_ATTEMPT| | [0:0:0:0:0:0:0:1] | | https://samltest.id/saml/sp| SAML20| localhost| IdP| inprogress| HTMLFormAdapter| | 4 
2023-12-18 13:17:49,951| tid:iYRHVRbVP0062cEgC8UdHaLxi6E| AUTHN_ATTEMPT| | [0:0:0:0:0:0:0:1] | | https://samltest.id/saml/sp| SAML20| localhost| IdP| inprogress| HTMLFormAdapter| | 6 
2023-12-18 13:17:58,401| tid:iYRHVRbVP0062cEgC8UdHaLxi6E| AUTHN_ATTEMPT| | [0:0:0:0:0:0:0:1] | | https://samltest.id/saml/sp| SAML20| localhost| IdP| inprogress| HTMLFormAdapter| | 20 
2023-12-18 13:18:17,553| tid:iYRHVRbVP0062cEgC8UdHaLxi6E| AUTHN_ATTEMPT| | [0:0:0:0:0:0:0:1] | | https://samltest.id/saml/sp| SAML20| localhost| IdP| inprogress| HTMLFormAdapter| | 6 
2023-12-18 13:18:21,332| tid:iYRHVRbVP0062cEgC8UdHaLxi6E| AUTHN_ATTEMPT| | [0:0:0:0:0:0:0:1] | | https://samltest.id/saml/sp| SAML20| localhost| IdP| inprogress| HTMLFormAdapter| | 8 
2023-12-18 13:19:03,630| tid:iYRHVRbVP0062cEgC8UdHaLxi6E| AUTHN_ATTEMPT| | [0:0:0:0:0:0:0:1] | | https://samltest.id/saml/sp| SAML20| localhost| IdP| inprogress| HTMLFormAdapter| | 6 
2023-12-18 13:19:06,264| tid:iYRHVRbVP0062cEgC8UdHaLxi6E| AUTHN_ATTEMPT| | [0:0:0:0:0:0:0:1] | | https://samltest.id/saml/sp| SAML20| localhost| IdP| inprogress| HTMLFormAdapter| | 5 
2023-12-18 13:20:09,830| tid:L5LrNFurzQvO0jCHg4gQDz5D_aQ| AUTHN_ATTEMPT| | [0:0:0:0:0:0:0:1] | | https://samltest.id/saml/sp| SAML20| localhost| IdP| inprogress| HTMLFormAdapter| | 5 
2023-12-18 13:20:33,192| tid:L5LrNFurzQvO0jCHg4gQDz5D_aQ| AUTHN_ATTEMPT| | [0:0:0:0:0:0:0:1] | | https://samltest.id/saml/sp| SAML20| localhost| IdP| inprogress| HTMLFormAdapter| | 10 
2023-12-18 13:23:37,895| tid:8jV66MugRel37UTm28Jo-QzDpI8| AUTHN_ATTEMPT| | [0:0:0:0:0:0:0:1] | | https://samltest.id/saml/sp| SAML20| localhost| IdP| inprogress| HTMLFormAdapter| | 6 
2023-12-18 13:23:40,042| tid:8jV66MugRel37UTm28Jo-QzDpI8| AUTHN_ATTEMPT| s| [0:0:0:0:0:0:0:1] | | https://samltest.id/saml/sp| SAML20| localhost| IdP| inprogress| HTMLFormAdapter| [source:LDAP-FC54C87F0BC5FA63833FC8CFB5CBB8921150CDD6] User Not Found| 11 
2023-12-18 13:23:50,280| tid:8jV66MugRel37UTm28Jo-QzDpI8| AUTHN_ATTEMPT| s| [0:0:0:0:0:0:0:1] | | https://samltest.id/saml/sp| SAML20| localhost| IdP| inprogress| HTMLFormAdapter| [source:LDAP-FC54C87F0BC5FA63833FC8CFB5CBB8921150CDD6] User Not Found| 13 
2023-12-18 13:23:52,512| tid:8jV66MugRel37UTm28Jo-QzDpI8| AUTHN_ATTEMPT| sdf| [0:0:0:0:0:0:0:1] | | https://samltest.id/saml/sp| SAML20| localhost| IdP| inprogress| HTMLFormAdapter| [source:LDAP-FC54C87F0BC5FA63833FC8CFB5CBB8921150CDD6] User Not Found| 8 
2023-12-18 13:23:56,209| tid:8jV66MugRel37UTm28Jo-QzDpI8| AUTHN_ATTEMPT| | [0:0:0:0:0:0:0:1] | | https://samltest.id/saml/sp| SAML20| localhost| IdP| inprogress| HTMLFormAdapter| | 4 
2023-12-18 13:23:59,189| tid:8jV66MugRel37UTm28Jo-QzDpI8| AUTHN_ATTEMPT| ff| [0:0:0:0:0:0:0:1] | | https://samltest.id/saml/sp| SAML20| localhost| IdP| inprogress| HTMLFormAdapter| [source:LDAP-FC54C87F0BC5FA63833FC8CFB5CBB8921150CDD6] User Not Found| 9 
2023-12-18 13:24:42,728| tid:8jV66MugRel37UTm28Jo-QzDpI8| AUTHN_ATTEMPT| ff| [0:0:0:0:0:0:0:1] | | https://samltest.id/saml/sp| SAML20| localhost| IdP| inprogress| HTMLFormAdapter| [source:LDAP-FC54C87F0BC5FA63833FC8CFB5CBB8921150CDD6] User Not Found| 7 
2023-12-18 13:24:44,391| tid:8jV66MugRel37UTm28Jo-QzDpI8| AUTHN_ATTEMPT| ffsd| [0:0:0:0:0:0:0:1] | | https://samltest.id/saml/sp| SAML20| localhost| IdP| inprogress| HTMLFormAdapter| [source:LDAP-FC54C87F0BC5FA63833FC8CFB5CBB8921150CDD6] User Not Found| 8 
2023-12-18 13:24:50,348| tid:8jV66MugRel37UTm28Jo-QzDpI8| AUTHN_ATTEMPT| ffsd| [0:0:0:0:0:0:0:1] | | https://samltest.id/saml/sp| SAML20| localhost| IdP| inprogress| HTMLFormAdapter| [source:LDAP-FC54C87F0BC5FA63833FC8CFB5CBB8921150CDD6] User Not Found| 8 
2023-12-18 13:24:57,225| tid:8jV66MugRel37UTm28Jo-QzDpI8| AUTHN_ATTEMPT| ffsd| [0:0:0:0:0:0:0:1] | | https://samltest.id/saml/sp| SAML20| localhost| IdP| inprogress| HTMLFormAdapter| [source:LDAP-FC54C87F0BC5FA63833FC8CFB5CBB8921150CDD6] User Not Found| 8 
2023-12-18 13:25:31,555| tid:8jV66MugRel37UTm28Jo-QzDpI8| AUTHN_ATTEMPT| ffsd| [0:0:0:0:0:0:0:1] | | https://samltest.id/saml/sp| SAML20| localhost| IdP| inprogress| HTMLFormAdapter| [source:AccountLockingService] Account Locked| 12 
2023-12-18 13:25:44,969| tid:8jV66MugRel37UTm28Jo-QzDpI8| AUTHN_ATTEMPT| ffsd| [0:0:0:0:0:0:0:1] | | https://samltest.id/saml/sp| SAML20| localhost| IdP| inprogress| HTMLFormAdapter| [source:AccountLockingService] Account Locked| 15 
2023-12-18 13:25:46,618| tid:8jV66MugRel37UTm28Jo-QzDpI8| AUTHN_ATTEMPT| ffsdf| [0:0:0:0:0:0:0:1] | | https://samltest.id/saml/sp| SAML20| localhost| IdP| inprogress| HTMLFormAdapter| [source:LDAP-FC54C87F0BC5FA63833FC8CFB5CBB8921150CDD6] User Not Found| 9 
2023-12-18 13:26:20,821| tid:8jV66MugRel37UTm28Jo-QzDpI8| AUTHN_ATTEMPT| ffsdf| [0:0:0:0:0:0:0:1] | | https://samltest.id/saml/sp| SAML20| localhost| IdP| inprogress| HTMLFormAdapter| [source:LDAP-FC54C87F0BC5FA63833FC8CFB5CBB8921150CDD6] User Not Found| 18 
2023-12-18 13:26:21,943| tid:8jV66MugRel37UTm28Jo-QzDpI8| AUTHN_ATTEMPT| ffsdff| [0:0:0:0:0:0:0:1] | | https://samltest.id/saml/sp| SAML20| localhost| IdP| inprogress| HTMLFormAdapter| [source:LDAP-FC54C87F0BC5FA63833FC8CFB5CBB8921150CDD6] User Not Found| 9 
2023-12-18 13:26:39,656| tid:8jV66MugRel37UTm28Jo-QzDpI8| AUTHN_ATTEMPT| ffsdff| [0:0:0:0:0:0:0:1] | | https://samltest.id/saml/sp| SAML20| localhost| IdP| inprogress| HTMLFormAdapter| [source:LDAP-FC54C87F0BC5FA63833FC8CFB5CBB8921150CDD6] User Not Found| 16 
2023-12-18 13:26:42,534| tid:8jV66MugRel37UTm28Jo-QzDpI8| AUTHN_ATTEMPT| | [0:0:0:0:0:0:0:1] | | https://samltest.id/saml/sp| SAML20| localhost| IdP| inprogress| HTMLFormAdapter| | 6 
2023-12-18 13:26:44,462| tid:8jV66MugRel37UTm28Jo-QzDpI8| AUTHN_ATTEMPT| r| [0:0:0:0:0:0:0:1] | | https://samltest.id/saml/sp| SAML20| localhost| IdP| inprogress| HTMLFormAdapter| [source:LDAP-FC54C87F0BC5FA63833FC8CFB5CBB8921150CDD6] User Not Found| 13 
2023-12-18 13:26:51,998| tid:8jV66MugRel37UTm28Jo-QzDpI8| AUTHN_ATTEMPT| r| [0:0:0:0:0:0:0:1] | | https://samltest.id/saml/sp| SAML20| localhost| IdP| inprogress| HTMLFormAdapter| [source:LDAP-FC54C87F0BC5FA63833FC8CFB5CBB8921150CDD6] User Not Found| 8 
2023-12-18 13:26:53,283| tid:8jV66MugRel37UTm28Jo-QzDpI8| AUTHN_ATTEMPT| r| [0:0:0:0:0:0:0:1] | | https://samltest.id/saml/sp| SAML20| localhost| IdP| inprogress| HTMLFormAdapter| [source:LDAP-FC54C87F0BC5FA63833FC8CFB5CBB8921150CDD6] User Not Found| 9 
2023-12-18 13:27:04,369| tid:8jV66MugRel37UTm28Jo-QzDpI8| AUTHN_ATTEMPT| r| [0:0:0:0:0:0:0:1] | | https://samltest.id/saml/sp| SAML20| localhost| IdP| inprogress| HTMLFormAdapter| [source:AccountLockingService] Account Locked| 12 
2023-12-18 13:27:37,330| tid:8jV66MugRel37UTm28Jo-QzDpI8| AUTHN_ATTEMPT| r| [0:0:0:0:0:0:0:1] | | https://samltest.id/saml/sp| SAML20| localhost| IdP| inprogress| HTMLFormAdapter| [source:AccountLockingService] Account Locked| 3 
2023-12-18 13:27:39,297| tid:8jV66MugRel37UTm28Jo-QzDpI8| AUTHN_ATTEMPT| rff| [0:0:0:0:0:0:0:1] | | https://samltest.id/saml/sp| SAML20| localhost| IdP| inprogress| HTMLFormAdapter| [source:LDAP-FC54C87F0BC5FA63833FC8CFB5CBB8921150CDD6] User Not Found| 10 
2023-12-18 13:28:09,098| tid:8jV66MugRel37UTm28Jo-QzDpI8| AUTHN_ATTEMPT| rff| [0:0:0:0:0:0:0:1] | | https://samltest.id/saml/sp| SAML20| localhost| IdP| inprogress| HTMLFormAdapter| [source:LDAP-FC54C87F0BC5FA63833FC8CFB5CBB8921150CDD6] User Not Found| 14 
2023-12-18 13:28:43,394| tid:8jV66MugRel37UTm28Jo-QzDpI8| AUTHN_ATTEMPT| rff| [0:0:0:0:0:0:0:1] | | https://samltest.id/saml/sp| SAML20| localhost| IdP| inprogress| HTMLFormAdapter| [source:LDAP-FC54C87F0BC5FA63833FC8CFB5CBB8921150CDD6] User Not Found| 19 
2023-12-18 13:28:45,007| tid:8jV66MugRel37UTm28Jo-QzDpI8| AUTHN_ATTEMPT| rfff| [0:0:0:0:0:0:0:1] | | https://samltest.id/saml/sp| SAML20| localhost| IdP| inprogress| HTMLFormAdapter| [source:LDAP-FC54C87F0BC5FA63833FC8CFB5CBB8921150CDD6] User Not Found| 7 
2023-12-18 13:29:05,895| tid:8jV66MugRel37UTm28Jo-QzDpI8| AUTHN_ATTEMPT| rfff| [0:0:0:0:0:0:0:1] | | https://samltest.id/saml/sp| SAML20| localhost| IdP| inprogress| HTMLFormAdapter| [source:LDAP-FC54C87F0BC5FA63833FC8CFB5CBB8921150CDD6] User Not Found| 18 
2023-12-18 13:29:09,054| tid:8jV66MugRel37UTm28Jo-QzDpI8| AUTHN_ATTEMPT| | [0:0:0:0:0:0:0:1] | | https://samltest.id/saml/sp| SAML20| localhost| IdP| inprogress| HTMLFormAdapter| | 6 
2023-12-18 13:29:11,601| tid:8jV66MugRel37UTm28Jo-QzDpI8| AUTHN_ATTEMPT| r| [0:0:0:0:0:0:0:1] | | https://samltest.id/saml/sp| SAML20| localhost| IdP| inprogress| HTMLFormAdapter| [source:LDAP-FC54C87F0BC5FA63833FC8CFB5CBB8921150CDD6] User Not Found| 39 
2023-12-18 13:31:33,751| tid:GWV7doNKZUS4qAw_y0B5IZOFDQY| AUTHN_ATTEMPT| | [0:0:0:0:0:0:0:1] | | https://samltest.id/saml/sp| SAML20| localhost| IdP| inprogress| HTMLFormAdapter| | 11 
2023-12-18 13:31:35,586| tid:GWV7doNKZUS4qAw_y0B5IZOFDQY| AUTHN_ATTEMPT| ff| [0:0:0:0:0:0:0:1] | | https://samltest.id/saml/sp| SAML20| localhost| IdP| inprogress| HTMLFormAdapter| [source:LDAP-FC54C87F0BC5FA63833FC8CFB5CBB8921150CDD6] User Not Found| 7 
2023-12-18 13:31:52,556| tid:GWV7doNKZUS4qAw_y0B5IZOFDQY| AUTHN_ATTEMPT| ff| [0:0:0:0:0:0:0:1] | | https://samltest.id/saml/sp| SAML20| localhost| IdP| inprogress| HTMLFormAdapter| [source:LDAP-FC54C87F0BC5FA63833FC8CFB5CBB8921150CDD6] User Not Found| 13 
2023-12-18 13:31:53,605| tid:GWV7doNKZUS4qAw_y0B5IZOFDQY| AUTHN_ATTEMPT| fff| [0:0:0:0:0:0:0:1] | | https://samltest.id/saml/sp| SAML20| localhost| IdP| inprogress| HTMLFormAdapter| [source:LDAP-FC54C87F0BC5FA63833FC8CFB5CBB8921150CDD6] User Not Found| 9 
2023-12-18 13:32:31,397| tid:GWV7doNKZUS4qAw_y0B5IZOFDQY| AUTHN_ATTEMPT| fff| [0:0:0:0:0:0:0:1] | | https://samltest.id/saml/sp| SAML20| localhost| IdP| inprogress| HTMLFormAdapter| [source:LDAP-FC54C87F0BC5FA63833FC8CFB5CBB8921150CDD6] User Not Found| 6 
2023-12-18 13:32:32,675| tid:GWV7doNKZUS4qAw_y0B5IZOFDQY| AUTHN_ATTEMPT| fffr| [0:0:0:0:0:0:0:1] | | https://samltest.id/saml/sp| SAML20| localhost| IdP| inprogress| HTMLFormAdapter| [source:LDAP-FC54C87F0BC5FA63833FC8CFB5CBB8921150CDD6] User Not Found| 7 
2023-12-18 13:33:00,073| tid:GWV7doNKZUS4qAw_y0B5IZOFDQY| AUTHN_ATTEMPT| fffr| [0:0:0:0:0:0:0:1] | | https://samltest.id/saml/sp| SAML20| localhost| IdP| inprogress| HTMLFormAdapter| [source:LDAP-FC54C87F0BC5FA63833FC8CFB5CBB8921150CDD6] User Not Found| 13 
2023-12-18 13:33:01,890| tid:GWV7doNKZUS4qAw_y0B5IZOFDQY| AUTHN_ATTEMPT| fffr| [0:0:0:0:0:0:0:1] | | https://samltest.id/saml/sp| SAML20| localhost| IdP| inprogress| HTMLFormAdapter| [source:LDAP-FC54C87F0BC5FA63833FC8CFB5CBB8921150CDD6] User Not Found| 6 
2023-12-18 13:33:05,111| tid:GWV7doNKZUS4qAw_y0B5IZOFDQY| AUTHN_ATTEMPT| | [0:0:0:0:0:0:0:1] | | https://samltest.id/saml/sp| SAML20| localhost| IdP| inprogress| HTMLFormAdapter| | 5 
2023-12-18 13:33:06,757| tid:GWV7doNKZUS4qAw_y0B5IZOFDQY| AUTHN_ATTEMPT| f| [0:0:0:0:0:0:0:1] | | https://samltest.id/saml/sp| SAML20| localhost| IdP| inprogress| HTMLFormAdapter| [source:LDAP-FC54C87F0BC5FA63833FC8CFB5CBB8921150CDD6] User Not Found| 7 
2023-12-18 13:33:29,419| tid:GWV7doNKZUS4qAw_y0B5IZOFDQY| AUTHN_ATTEMPT| f| [0:0:0:0:0:0:0:1] | | https://samltest.id/saml/sp| SAML20| localhost| IdP| inprogress| HTMLFormAdapter| [source:LDAP-FC54C87F0BC5FA63833FC8CFB5CBB8921150CDD6] User Not Found| 14 
2023-12-18 13:33:31,785| tid:GWV7doNKZUS4qAw_y0B5IZOFDQY| AUTHN_ATTEMPT| | [0:0:0:0:0:0:0:1] | | https://samltest.id/saml/sp| SAML20| localhost| IdP| inprogress| HTMLFormAdapter| | 4 
2023-12-18 13:33:34,235| tid:GWV7doNKZUS4qAw_y0B5IZOFDQY| AUTHN_ATTEMPT| f| [0:0:0:0:0:0:0:1] | | https://samltest.id/saml/sp| SAML20| localhost| IdP| inprogress| HTMLFormAdapter| [source:LDAP-FC54C87F0BC5FA63833FC8CFB5CBB8921150CDD6] User Not Found| 8 
2023-12-18 13:54:09,420| tid:qipldYLQb821Rer2SnOD4WC4Ucw| AUTHN_ATTEMPT| | [0:0:0:0:0:0:0:1] | | https://samltest.id/saml/sp| SAML20| localhost| IdP| inprogress| HTMLFormAdapter| | 7 
2023-12-18 13:54:17,819| tid:qipldYLQb821Rer2SnOD4WC4Ucw| AUTHN_ATTEMPT| | [0:0:0:0:0:0:0:1] | | https://samltest.id/saml/sp| SAML20| localhost| IdP| inprogress| HTMLFormAdapter| | 7 
2023-12-18 13:54:19,169| tid:qipldYLQb821Rer2SnOD4WC4Ucw| AUTHN_ATTEMPT| r| [0:0:0:0:0:0:0:1] | | https://samltest.id/saml/sp| SAML20| localhost| IdP| inprogress| HTMLFormAdapter| [source:LDAP-FC54C87F0BC5FA63833FC8CFB5CBB8921150CDD6] User Not Found| 10 
2023-12-18 13:57:03,441| tid:y3fuV8IZ6zTEvyUE3C0LTFK1A4c| AUTHN_ATTEMPT| | [0:0:0:0:0:0:0:1] | | https://samltest.id/saml/sp| SAML20| localhost| IdP| inprogress| HTMLFormAdapter| | 14 
2023-12-18 13:57:04,606| tid:y3fuV8IZ6zTEvyUE3C0LTFK1A4c| AUTHN_ATTEMPT| f| [0:0:0:0:0:0:0:1] | | https://samltest.id/saml/sp| SAML20| localhost| IdP| inprogress| HTMLFormAdapter| [source:LDAP-FC54C87F0BC5FA63833FC8CFB5CBB8921150CDD6] User Not Found| 9 
2023-12-18 14:05:48,804| tid:IOIaImBS-yAqRzC61MGJwfRjB7k| AUTHN_ATTEMPT| | [0:0:0:0:0:0:0:1] | | https://samltest.id/saml/sp| SAML20| localhost| IdP| inprogress| HTMLFormAdapter| | 17 
2023-12-18 14:05:50,522| tid:IOIaImBS-yAqRzC61MGJwfRjB7k| AUTHN_ATTEMPT| r| [0:0:0:0:0:0:0:1] | | https://samltest.id/saml/sp| SAML20| localhost| IdP| inprogress| HTMLFormAdapter| [source:LDAP-FC54C87F0BC5FA63833FC8CFB5CBB8921150CDD6] User Not Found| 7 
2023-12-18 14:08:53,592| tid:fC-tGF8a-GBlxuJSe7Ozya4mGe4| AUTHN_ATTEMPT| | [0:0:0:0:0:0:0:1] | | https://samltest.id/saml/sp| SAML20| localhost| IdP| inprogress| HTMLFormAdapter| | 8 
2023-12-18 14:08:56,981| tid:fC-tGF8a-GBlxuJSe7Ozya4mGe4| AUTHN_ATTEMPT| f| [0:0:0:0:0:0:0:1] | | https://samltest.id/saml/sp| SAML20| localhost| IdP| inprogress| HTMLFormAdapter| [source:LDAP-FC54C87F0BC5FA63833FC8CFB5CBB8921150CDD6] User Not Found| 17 
2023-12-18 14:12:05,250| tid:1wxhoj2g0nbArVfNVUbbYtcTqVI| AUTHN_ATTEMPT| | [0:0:0:0:0:0:0:1] | | https://samltest.id/saml/sp| SAML20| localhost| IdP| inprogress| HTMLFormAdapter| | 4 
2023-12-18 14:12:08,464| tid:1wxhoj2g0nbArVfNVUbbYtcTqVI| AUTHN_ATTEMPT| r| [0:0:0:0:0:0:0:1] | | https://samltest.id/saml/sp| SAML20| localhost| IdP| inprogress| HTMLFormAdapter| [source:LDAP-FC54C87F0BC5FA63833FC8CFB5CBB8921150CDD6] User Not Found| 8 
2023-12-18 14:12:17,171| tid:1wxhoj2g0nbArVfNVUbbYtcTqVI| AUTHN_ATTEMPT| r| [0:0:0:0:0:0:0:1] | | https://samltest.id/saml/sp| SAML20| localhost| IdP| inprogress| HTMLFormAdapter| [source:LDAP-FC54C87F0BC5FA63833FC8CFB5CBB8921150CDD6] User Not Found| 13 
2023-12-18 14:12:20,383| tid:1wxhoj2g0nbArVfNVUbbYtcTqVI| AUTHN_ATTEMPT| r| [0:0:0:0:0:0:0:1] | | https://samltest.id/saml/sp| SAML20| localhost| IdP| inprogress| HTMLFormAdapter| [source:LDAP-FC54C87F0BC5FA63833FC8CFB5CBB8921150CDD6] User Not Found| 16 
2023-12-18 14:57:14,663| tid:EPpIRHqP3eTsbBXsqcheDEv3SVY| AUTHN_ATTEMPT| | [0:0:0:0:0:0:0:1] | | https://samltest.id/saml/sp| SAML20| localhost| IdP| inprogress| HTMLFormAdapter| | 14 
2023-12-18 14:57:31,238| tid:EPpIRHqP3eTsbBXsqcheDEv3SVY| AUTHN_ATTEMPT| | [0:0:0:0:0:0:0:1] | | https://samltest.id/saml/sp| SAML20| localhost| IdP| inprogress| HTMLFormAdapter| | 14 
2023-12-18 14:58:16,085| tid:EPpIRHqP3eTsbBXsqcheDEv3SVY| AUTHN_ATTEMPT| | [0:0:0:0:0:0:0:1] | | https://samltest.id/saml/sp| SAML20| localhost| IdP| inprogress| HTMLFormAdapter| | 9 
2023-12-18 14:58:17,457| tid:EPpIRHqP3eTsbBXsqcheDEv3SVY| AUTHN_ATTEMPT| rf| [0:0:0:0:0:0:0:1] | | https://samltest.id/saml/sp| SAML20| localhost| IdP| inprogress| HTMLFormAdapter| [source:LDAP-FC54C87F0BC5FA63833FC8CFB5CBB8921150CDD6] User Not Found| 13 
2023-12-18 14:58:19,531| tid:EPpIRHqP3eTsbBXsqcheDEv3SVY| AUTHN_ATTEMPT| rf| [0:0:0:0:0:0:0:1] | | https://samltest.id/saml/sp| SAML20| localhost| IdP| inprogress| HTMLFormAdapter| [source:LDAP-FC54C87F0BC5FA63833FC8CFB5CBB8921150CDD6] User Not Found| 11 
2023-12-18 14:59:29,673| tid:TmNEbq8FxPEAj4jVF6p72vmJCyI| AUTHN_ATTEMPT| | [0:0:0:0:0:0:0:1] | | https://samltest.id/saml/sp| SAML20| localhost| IdP| inprogress| HTMLFormAdapter| | 22 
2023-12-18 14:59:32,149| tid:TmNEbq8FxPEAj4jVF6p72vmJCyI| AUTHN_ATTEMPT| f| [0:0:0:0:0:0:0:1] | | https://samltest.id/saml/sp| SAML20| localhost| IdP| inprogress| HTMLFormAdapter| [source:LDAP-FC54C87F0BC5FA63833FC8CFB5CBB8921150CDD6] User Not Found| 6 
2023-12-18 15:00:06,914| tid:TmNEbq8FxPEAj4jVF6p72vmJCyI| AUTHN_ATTEMPT| f| [0:0:0:0:0:0:0:1] | | https://samltest.id/saml/sp| SAML20| localhost| IdP| inprogress| HTMLFormAdapter| [source:LDAP-FC54C87F0BC5FA63833FC8CFB5CBB8921150CDD6] User Not Found| 16 
2023-12-18 15:00:08,135| tid:TmNEbq8FxPEAj4jVF6p72vmJCyI| AUTHN_ATTEMPT| ff| [0:0:0:0:0:0:0:1] | | https://samltest.id/saml/sp| SAML20| localhost| IdP| inprogress| HTMLFormAdapter| [source:LDAP-FC54C87F0BC5FA63833FC8CFB5CBB8921150CDD6] User Not Found| 7 
2023-12-18 15:04:43,341| tid:UZVVrpoI4np_5Cz9huE033732AI| AUTHN_ATTEMPT| | [0:0:0:0:0:0:0:1] | | https://samltest.id/saml/sp| SAML20| localhost| IdP| inprogress| HTMLFormAdapter| | 10 
2023-12-18 15:04:44,427| tid:UZVVrpoI4np_5Cz9huE033732AI| AUTHN_ATTEMPT| | [0:0:0:0:0:0:0:1] | | https://samltest.id/saml/sp| SAML20| localhost| IdP| inprogress| HTMLFormAdapter| | 4 
2023-12-18 15:04:45,482| tid:UZVVrpoI4np_5Cz9huE033732AI| AUTHN_ATTEMPT| r| [0:0:0:0:0:0:0:1] | | https://samltest.id/saml/sp| SAML20| localhost| IdP| inprogress| HTMLFormAdapter| [source:LDAP-FC54C87F0BC5FA63833FC8CFB5CBB8921150CDD6] User Not Found| 6 
2023-12-18 15:04:59,115| tid:UZVVrpoI4np_5Cz9huE033732AI| AUTHN_ATTEMPT| r| [0:0:0:0:0:0:0:1] | | https://samltest.id/saml/sp| SAML20| localhost| IdP| inprogress| HTMLFormAdapter| [source:LDAP-FC54C87F0BC5FA63833FC8CFB5CBB8921150CDD6] User Not Found| 15 
2023-12-18 15:05:00,372| tid:UZVVrpoI4np_5Cz9huE033732AI| AUTHN_ATTEMPT| rr| [0:0:0:0:0:0:0:1] | | https://samltest.id/saml/sp| SAML20| localhost| IdP| inprogress| HTMLFormAdapter| [source:LDAP-FC54C87F0BC5FA63833FC8CFB5CBB8921150CDD6] User Not Found| 7 
2023-12-18 15:05:06,698| tid:UZVVrpoI4np_5Cz9huE033732AI| AUTHN_ATTEMPT| rr| [0:0:0:0:0:0:0:1] | | https://samltest.id/saml/sp| SAML20| localhost| IdP| inprogress| HTMLFormAdapter| [source:LDAP-FC54C87F0BC5FA63833FC8CFB5CBB8921150CDD6] User Not Found| 18 
2023-12-18 15:05:08,150| tid:UZVVrpoI4np_5Cz9huE033732AI| AUTHN_ATTEMPT| rrr| [0:0:0:0:0:0:0:1] | | https://samltest.id/saml/sp| SAML20| localhost| IdP| inprogress| HTMLFormAdapter| [source:LDAP-FC54C87F0BC5FA63833FC8CFB5CBB8921150CDD6] User Not Found| 7 
2023-12-18 15:05:18,639| tid:UZVVrpoI4np_5Cz9huE033732AI| AUTHN_ATTEMPT| rrr| [0:0:0:0:0:0:0:1] | | https://samltest.id/saml/sp| SAML20| localhost| IdP| inprogress| HTMLFormAdapter| [source:LDAP-FC54C87F0BC5FA63833FC8CFB5CBB8921150CDD6] User Not Found| 27 
2023-12-18 15:05:22,927| tid:UZVVrpoI4np_5Cz9huE033732AI| AUTHN_ATTEMPT| rrr| [0:0:0:0:0:0:0:1] | | https://samltest.id/saml/sp| SAML20| localhost| IdP| inprogress| HTMLFormAdapter| [source:LDAP-FC54C87F0BC5FA63833FC8CFB5CBB8921150CDD6] User Not Found| 12 
2023-12-18 15:05:24,641| tid:UZVVrpoI4np_5Cz9huE033732AI| AUTHN_ATTEMPT| rrr| [0:0:0:0:0:0:0:1] | | https://samltest.id/saml/sp| SAML20| localhost| IdP| inprogress| HTMLFormAdapter| [source:AccountLockingService] Account Locked| 4 
2023-12-18 15:05:43,467| tid:UZVVrpoI4np_5Cz9huE033732AI| AUTHN_ATTEMPT| rrr| [0:0:0:0:0:0:0:1] | | https://samltest.id/saml/sp| SAML20| localhost| IdP| inprogress| HTMLFormAdapter| [source:AccountLockingService] Account Locked| 4 
2023-12-18 15:07:53,318| tid:SbspSVAcWUyrSLeKAcY8nCMuffU| AUTHN_ATTEMPT| | [0:0:0:0:0:0:0:1] | | https://samltest.id/saml/sp| SAML20| localhost| IdP| inprogress| HTMLFormAdapter| | 13 
2023-12-18 15:07:55,406| tid:SbspSVAcWUyrSLeKAcY8nCMuffU| AUTHN_ATTEMPT| r| [0:0:0:0:0:0:0:1] | | https://samltest.id/saml/sp| SAML20| localhost| IdP| inprogress| HTMLFormAdapter| [source:LDAP-FC54C87F0BC5FA63833FC8CFB5CBB8921150CDD6] User Not Found| 6 
2023-12-18 15:09:01,283| tid:9MPVCbSusOz8_IPlNIYzpouxW9g| AUTHN_ATTEMPT| | [0:0:0:0:0:0:0:1] | | https://samltest.id/saml/sp| SAML20| localhost| IdP| inprogress| HTMLFormAdapter| | 13 
2023-12-18 15:09:03,041| tid:9MPVCbSusOz8_IPlNIYzpouxW9g| AUTHN_ATTEMPT| rr| [0:0:0:0:0:0:0:1] | | https://samltest.id/saml/sp| SAML20| localhost| IdP| inprogress| HTMLFormAdapter| [source:LDAP-FC54C87F0BC5FA63833FC8CFB5CBB8921150CDD6] User Not Found| 8 
2023-12-18 15:09:33,538| tid:9MPVCbSusOz8_IPlNIYzpouxW9g| AUTHN_ATTEMPT| rr| [0:0:0:0:0:0:0:1] | | https://samltest.id/saml/sp| SAML20| localhost| IdP| inprogress| HTMLFormAdapter| [source:LDAP-FC54C87F0BC5FA63833FC8CFB5CBB8921150CDD6] User Not Found| 17 
2023-12-18 15:09:34,921| tid:9MPVCbSusOz8_IPlNIYzpouxW9g| AUTHN_ATTEMPT| f| [0:0:0:0:0:0:0:1] | | https://samltest.id/saml/sp| SAML20| localhost| IdP| inprogress| HTMLFormAdapter| [source:LDAP-FC54C87F0BC5FA63833FC8CFB5CBB8921150CDD6] User Not Found| 11 
2023-12-18 15:10:18,678| tid:9MPVCbSusOz8_IPlNIYzpouxW9g| AUTHN_ATTEMPT| f| [0:0:0:0:0:0:0:1] | | https://samltest.id/saml/sp| SAML20| localhost| IdP| inprogress| HTMLFormAdapter| [source:LDAP-FC54C87F0BC5FA63833FC8CFB5CBB8921150CDD6] User Not Found| 16 
2023-12-18 15:10:20,218| tid:9MPVCbSusOz8_IPlNIYzpouxW9g| AUTHN_ATTEMPT| f| [0:0:0:0:0:0:0:1] | | https://samltest.id/saml/sp| SAML20| localhost| IdP| inprogress| HTMLFormAdapter| [source:LDAP-FC54C87F0BC5FA63833FC8CFB5CBB8921150CDD6] User Not Found| 14 
2023-12-18 15:10:25,153| tid:9MPVCbSusOz8_IPlNIYzpouxW9g| AUTHN_ATTEMPT| | [0:0:0:0:0:0:0:1] | | https://samltest.id/saml/sp| SAML20| localhost| IdP| inprogress| HTMLFormAdapter| | 8 
2023-12-18 15:10:40,294| tid:9MPVCbSusOz8_IPlNIYzpouxW9g| AUTHN_ATTEMPT| | [0:0:0:0:0:0:0:1] | | https://samltest.id/saml/sp| SAML20| localhost| IdP| inprogress| HTMLFormAdapter| | 12 
2023-12-18 15:10:41,870| tid:9MPVCbSusOz8_IPlNIYzpouxW9g| AUTHN_ATTEMPT| rff| [0:0:0:0:0:0:0:1] | | https://samltest.id/saml/sp| SAML20| localhost| IdP| inprogress| HTMLFormAdapter| [source:LDAP-FC54C87F0BC5FA63833FC8CFB5CBB8921150CDD6] User Not Found| 7 
2023-12-18 15:15:12,584| tid:-j_OyQVrFVFkl40SIXv9OVMBueo| AUTHN_ATTEMPT| | [0:0:0:0:0:0:0:1] | | https://samltest.id/saml/sp| SAML20| localhost| IdP| inprogress| HTMLFormAdapter| | 7 
2023-12-18 15:15:14,135| tid:-j_OyQVrFVFkl40SIXv9OVMBueo| AUTHN_ATTEMPT| e| [0:0:0:0:0:0:0:1] | | https://samltest.id/saml/sp| SAML20| localhost| IdP| inprogress| HTMLFormAdapter| [source:LDAP-FC54C87F0BC5FA63833FC8CFB5CBB8921150CDD6] User Not Found| 10 
2023-12-18 15:23:48,417| tid:mGPyV0-wO3Ar8hbY14yrjRWk22s| AUTHN_ATTEMPT| | [0:0:0:0:0:0:0:1] | | https://samltest.id/saml/sp| SAML20| localhost| IdP| inprogress| HTMLFormAdapter| | 12 
2023-12-18 15:23:49,986| tid:mGPyV0-wO3Ar8hbY14yrjRWk22s| AUTHN_ATTEMPT| r| [0:0:0:0:0:0:0:1] | | https://samltest.id/saml/sp| SAML20| localhost| IdP| inprogress| HTMLFormAdapter| [source:LDAP-FC54C87F0BC5FA63833FC8CFB5CBB8921150CDD6] User Not Found| 12 
